[0.014s] Invoking command in '/home/sw/manual_total _ws/build/robot_arm_bringup': CMAKE_PREFIX_PATH=/home/sw/manual_total _ws/install/robot_arm_description:/home/sw/manual_total _ws/install/myactuator_rmd_hardware:/home/sw/manual_total _ws/install/myactuator_rmd:/home/sw/manual_total _ws/install/robot_arm_bringup:/home/sw/manual_total _ws/install/dynamixel_interfaces:/home/sw/manual_total _ws/install/dynamixel_hardware_interface_example:/opt/ros/humble /usr/bin/cmake --build /home/sw/manual_total _ws/build/robot_arm_bringup -- -j24 -l24
[0.051s] -- Found ament_cmake: 1.3.14 (/opt/ros/humble/share/ament_cmake/cmake)
[0.138s] -- Override CMake install command with custom implementation using symlinks instead of copying resources
[0.142s] -- Found ament_lint_auto: 0.12.15 (/opt/ros/humble/share/ament_lint_auto/cmake)
[0.186s] -- Added test 'lint_cmake' to check CMake code style
[0.187s] -- Configuring done
[0.188s] -- Generating done
[0.189s] -- Build files have been written to: /home/sw/manual_total _ws/build/robot_arm_bringup
[0.212s] Invoked command in '/home/sw/manual_total _ws/build/robot_arm_bringup' returned '0': CMAKE_PREFIX_PATH=/home/sw/manual_total _ws/install/robot_arm_description:/home/sw/manual_total _ws/install/myactuator_rmd_hardware:/home/sw/manual_total _ws/install/myactuator_rmd:/home/sw/manual_total _ws/install/robot_arm_bringup:/home/sw/manual_total _ws/install/dynamixel_interfaces:/home/sw/manual_total _ws/install/dynamixel_hardware_interface_example:/opt/ros/humble /usr/bin/cmake --build /home/sw/manual_total _ws/build/robot_arm_bringup -- -j24 -l24
[0.221s] Invoking command in '/home/sw/manual_total _ws/build/robot_arm_bringup': CMAKE_PREFIX_PATH=/home/sw/manual_total _ws/install/robot_arm_description:/home/sw/manual_total _ws/install/myactuator_rmd_hardware:/home/sw/manual_total _ws/install/myactuator_rmd:/home/sw/manual_total _ws/install/robot_arm_bringup:/home/sw/manual_total _ws/install/dynamixel_interfaces:/home/sw/manual_total _ws/install/dynamixel_hardware_interface_example:/opt/ros/humble /usr/bin/cmake --install /home/sw/manual_total _ws/build/robot_arm_bringup
[0.231s] -- Install configuration: ""
[0.232s] -- Execute custom install script
[0.234s] -- Up-to-date symlink: /home/sw/manual_total _ws/install/robot_arm_bringup/share/robot_arm_bringup/launch/__pycache__/manual_total_control.launch.cpython-310.pyc
[0.234s] -- Up-to-date symlink: /home/sw/manual_total _ws/install/robot_arm_bringup/share/robot_arm_bringup/launch/__pycache__/robot_arm_rmd_control.launch.cpython-310.pyc
[0.234s] -- Up-to-date symlink: /home/sw/manual_total _ws/install/robot_arm_bringup/share/robot_arm_bringup/launch/manual_total_control.launch.py
[0.235s] -- Up-to-date symlink: /home/sw/manual_total _ws/install/robot_arm_bringup/share/robot_arm_bringup/launch/robot_arm_rmd_control.launch.py
[0.235s] -- Up-to-date symlink: /home/sw/manual_total _ws/install/robot_arm_bringup/lib/robot_arm_bringup/manual_3axis_position_node.py
[0.235s] -- Up-to-date symlink: /home/sw/manual_total _ws/install/robot_arm_bringup/lib/robot_arm_bringup/manual_total_position_node.py
[0.236s] -- Up-to-date symlink: /home/sw/manual_total _ws/install/robot_arm_bringup/share/ament_index/resource_index/package_run_dependencies/robot_arm_bringup
[0.236s] -- Up-to-date symlink: /home/sw/manual_total _ws/install/robot_arm_bringup/share/ament_index/resource_index/parent_prefix_path/robot_arm_bringup
[0.237s] -- Up-to-date symlink: /home/sw/manual_total _ws/install/robot_arm_bringup/share/robot_arm_bringup/environment/ament_prefix_path.sh
[0.237s] -- Up-to-date symlink: /home/sw/manual_total _ws/install/robot_arm_bringup/share/robot_arm_bringup/environment/ament_prefix_path.dsv
[0.237s] -- Up-to-date symlink: /home/sw/manual_total _ws/install/robot_arm_bringup/share/robot_arm_bringup/environment/path.sh
[0.238s] -- Up-to-date symlink: /home/sw/manual_total _ws/install/robot_arm_bringup/share/robot_arm_bringup/environment/path.dsv
[0.239s] -- Up-to-date symlink: /home/sw/manual_total _ws/install/robot_arm_bringup/share/robot_arm_bringup/local_setup.bash
[0.239s] -- Up-to-date symlink: /home/sw/manual_total _ws/install/robot_arm_bringup/share/robot_arm_bringup/local_setup.sh
[0.239s] -- Up-to-date symlink: /home/sw/manual_total _ws/install/robot_arm_bringup/share/robot_arm_bringup/local_setup.zsh
[0.239s] -- Up-to-date symlink: /home/sw/manual_total _ws/install/robot_arm_bringup/share/robot_arm_bringup/local_setup.dsv
[0.239s] -- Symlinking: /home/sw/manual_total _ws/install/robot_arm_bringup/share/robot_arm_bringup/package.dsv
[0.252s] -- Up-to-date symlink: /home/sw/manual_total _ws/install/robot_arm_bringup/share/ament_index/resource_index/packages/robot_arm_bringup
[0.252s] -- Up-to-date symlink: /home/sw/manual_total _ws/install/robot_arm_bringup/share/robot_arm_bringup/cmake/robot_arm_bringupConfig.cmake
[0.253s] -- Up-to-date symlink: /home/sw/manual_total _ws/install/robot_arm_bringup/share/robot_arm_bringup/cmake/robot_arm_bringupConfig-version.cmake
[0.253s] -- Up-to-date symlink: /home/sw/manual_total _ws/install/robot_arm_bringup/share/robot_arm_bringup/package.xml
[0.256s] Invoked command in '/home/sw/manual_total _ws/build/robot_arm_bringup' returned '0': CMAKE_PREFIX_PATH=/home/sw/manual_total _ws/install/robot_arm_description:/home/sw/manual_total _ws/install/myactuator_rmd_hardware:/home/sw/manual_total _ws/install/myactuator_rmd:/home/sw/manual_total _ws/install/robot_arm_bringup:/home/sw/manual_total _ws/install/dynamixel_interfaces:/home/sw/manual_total _ws/install/dynamixel_hardware_interface_example:/opt/ros/humble /usr/bin/cmake --install /home/sw/manual_total _ws/build/robot_arm_bringup
