-- The C compiler identification is GNU 11.4.0
-- The CXX compiler identification is GNU 11.4.0
-- Detecting C compiler ABI info
-- Detecting C compiler ABI info - done
-- Check for working C compiler: /usr/bin/cc - skipped
-- Detecting C compile features
-- Detecting C compile features - done
-- Detecting CXX compiler ABI info
-- Detecting CXX compiler ABI info - done
-- Check for working CXX compiler: /usr/bin/c++ - skipped
-- Detecting CXX compile features
-- Detecting CXX compile features - done
-- Found ament_cmake: 1.3.14 (/opt/ros/humble/share/ament_cmake/cmake)
-- Found Python3: /usr/bin/python3 (found version "3.10.12") found components: Interpreter 
-- Override CMake install command with custom implementation using symlinks instead of copying resources
-- Found ament_cmake_ros: 0.10.0 (/opt/ros/humble/share/ament_cmake_ros/cmake)
-- Found hardware_interface: 2.54.0 (/opt/ros/humble/share/hardware_interface/cmake)
-- Found rosidl_generator_c: 3.1.9 (/opt/ros/humble/share/rosidl_generator_c/cmake)
-- Found rosidl_adapter: 3.1.9 (/opt/ros/humble/share/rosidl_adapter/cmake)
-- Found rosidl_generator_cpp: 3.1.9 (/opt/ros/humble/share/rosidl_generator_cpp/cmake)
-- Using all available rosidl_typesupport_c: rosidl_typesupport_fastrtps_c;rosidl_typesupport_introspection_c
-- Using all available rosidl_typesupport_cpp: rosidl_typesupport_fastrtps_cpp;rosidl_typesupport_introspection_cpp
-- Found rmw_implementation_cmake: 6.1.2 (/opt/ros/humble/share/rmw_implementation_cmake/cmake)
-- Found rmw_fastrtps_cpp: 6.2.10 (/opt/ros/humble/share/rmw_fastrtps_cpp/cmake)
-- Found TinyXML2 via Config file: TinyXML2_DIR-NOTFOUND
-- Found OpenSSL: /usr/lib/x86_64-linux-gnu/libcrypto.so (found version "3.0.2")  
-- Found TinyXML2 via Config file: TinyXML2_DIR-NOTFOUND
-- Found FastRTPS: /opt/ros/humble/include  
-- Found TinyXML2 via Config file: TinyXML2_DIR-NOTFOUND
-- Found TinyXML2 via Config file: TinyXML2_DIR-NOTFOUND
-- Using RMW implementation 'rmw_fastrtps_cpp' as default
-- Looking for pthread.h
-- Looking for pthread.h - found
-- Performing Test CMAKE_HAVE_LIBC_PTHREAD
-- Performing Test CMAKE_HAVE_LIBC_PTHREAD - Success
-- Found Threads: TRUE  
-- Found myactuator_rmd: 0.0.1 (/home/sw/manual_total _ws/install/myactuator_rmd/share/myactuator_rmd/cmake)
-- Configuring done
-- Generating done
-- Build files have been written to: /home/sw/manual_total _ws/build/myactuator_rmd_hardware
[ 50%] Building CXX object CMakeFiles/myactuator_rmd_hardware.dir/src/myactuator_rmd_hardware_interface.cpp.o
[100%] Linking CXX shared library libmyactuator_rmd_hardware.so
[100%] Built target myactuator_rmd_hardware
-- Install configuration: ""
-- Execute custom install script
-- Symlinking: /home/sw/manual_total _ws/install/myactuator_rmd_hardware/share/myactuator_rmd_hardware//myactuator_rmd_hardware.xml
-- Symlinking: /home/sw/manual_total _ws/install/myactuator_rmd_hardware/include/myactuator_rmd_hardware/conversions.hpp
-- Symlinking: /home/sw/manual_total _ws/install/myactuator_rmd_hardware/include/myactuator_rmd_hardware/low_pass_filter.hpp
-- Symlinking: /home/sw/manual_total _ws/install/myactuator_rmd_hardware/include/myactuator_rmd_hardware/myactuator_rmd_hardware_interface.hpp
-- Symlinking: /home/sw/manual_total _ws/install/myactuator_rmd_hardware/include/myactuator_rmd_hardware/visibility_control.hpp
-- Symlinking: /home/sw/manual_total _ws/install/myactuator_rmd_hardware/share/myactuator_rmd_hardware/environment/library_path.sh
-- Symlinking: /home/sw/manual_total _ws/install/myactuator_rmd_hardware/share/myactuator_rmd_hardware/environment/library_path.dsv
-- Symlinking: /home/sw/manual_total _ws/install/myactuator_rmd_hardware/share/ament_index/resource_index/package_run_dependencies/myactuator_rmd_hardware
-- Symlinking: /home/sw/manual_total _ws/install/myactuator_rmd_hardware/share/ament_index/resource_index/parent_prefix_path/myactuator_rmd_hardware
-- Symlinking: /home/sw/manual_total _ws/install/myactuator_rmd_hardware/share/myactuator_rmd_hardware/environment/ament_prefix_path.sh
-- Symlinking: /home/sw/manual_total _ws/install/myactuator_rmd_hardware/share/myactuator_rmd_hardware/environment/ament_prefix_path.dsv
-- Symlinking: /home/sw/manual_total _ws/install/myactuator_rmd_hardware/share/myactuator_rmd_hardware/environment/path.sh
-- Symlinking: /home/sw/manual_total _ws/install/myactuator_rmd_hardware/share/myactuator_rmd_hardware/environment/path.dsv
-- Symlinking: /home/sw/manual_total _ws/install/myactuator_rmd_hardware/share/myactuator_rmd_hardware/local_setup.bash
-- Symlinking: /home/sw/manual_total _ws/install/myactuator_rmd_hardware/share/myactuator_rmd_hardware/local_setup.sh
-- Symlinking: /home/sw/manual_total _ws/install/myactuator_rmd_hardware/share/myactuator_rmd_hardware/local_setup.zsh
-- Symlinking: /home/sw/manual_total _ws/install/myactuator_rmd_hardware/share/myactuator_rmd_hardware/local_setup.dsv
-- Symlinking: /home/sw/manual_total _ws/install/myactuator_rmd_hardware/share/myactuator_rmd_hardware/package.dsv
-- Symlinking: /home/sw/manual_total _ws/install/myactuator_rmd_hardware/share/ament_index/resource_index/packages/myactuator_rmd_hardware
-- Symlinking: /home/sw/manual_total _ws/install/myactuator_rmd_hardware/share/ament_index/resource_index/hardware_interface__pluginlib__plugin/myactuator_rmd_hardware
-- Symlinking: /home/sw/manual_total _ws/install/myactuator_rmd_hardware/share/myactuator_rmd_hardware/cmake/ament_cmake_export_include_directories-extras.cmake
-- Symlinking: /home/sw/manual_total _ws/install/myactuator_rmd_hardware/share/myactuator_rmd_hardware/cmake/ament_cmake_export_libraries-extras.cmake
-- Symlinking: /home/sw/manual_total _ws/install/myactuator_rmd_hardware/share/myactuator_rmd_hardware/cmake/ament_cmake_export_targets-extras.cmake
-- Symlinking: /home/sw/manual_total _ws/install/myactuator_rmd_hardware/share/myactuator_rmd_hardware/cmake/myactuator_rmd_hardwareConfig.cmake
-- Symlinking: /home/sw/manual_total _ws/install/myactuator_rmd_hardware/share/myactuator_rmd_hardware/cmake/myactuator_rmd_hardwareConfig-version.cmake
-- Symlinking: /home/sw/manual_total _ws/install/myactuator_rmd_hardware/share/myactuator_rmd_hardware/package.xml
-- Installing: /home/sw/manual_total _ws/install/myactuator_rmd_hardware/lib/libmyactuator_rmd_hardware.so
-- Set runtime path of "/home/sw/manual_total _ws/install/myactuator_rmd_hardware/lib/libmyactuator_rmd_hardware.so" to ""
-- Installing: /home/sw/manual_total _ws/install/myactuator_rmd_hardware/share/myactuator_rmd_hardware/cmake/export_myactuator_rmd_hardwareExport.cmake
-- Installing: /home/sw/manual_total _ws/install/myactuator_rmd_hardware/share/myactuator_rmd_hardware/cmake/export_myactuator_rmd_hardwareExport-noconfig.cmake
