[0.008s] Invoking command in '/home/sw/manual_total _ws/build/myactuator_rmd_hardware': AMENT_PREFIX_PATH=/home/sw/manual_total _ws/install/myactuator_rmd:${AMENT_PREFIX_PATH} CMAKE_PREFIX_PATH=/home/sw/manual_total _ws/install/myactuator_rmd:/home/sw/manual_total _ws/install/dynamixel_interfaces:/home/sw/manual_total _ws/install/dynamixel_hardware_interface_example:/opt/ros/humble LD_LIBRARY_PATH=/home/sw/manual_total _ws/install/myactuator_rmd/lib:${LD_LIBRARY_PATH} /usr/bin/cmake /home/sw/manual_total _ws/rmd/src/myactuator_rmd_hardware -DAMENT_CMAKE_SYMLINK_INSTALL=1 -DCMAKE_INSTALL_PREFIX=/home/sw/manual_total _ws/install/myactuator_rmd_hardware
[0.081s] -- The C compiler identification is GNU 11.4.0
[0.132s] -- The CXX compiler identification is GNU 11.4.0
[0.145s] -- Detecting C compiler ABI info
[0.245s] -- Detecting C compiler ABI info - done
[0.256s] -- Check for working C compiler: /usr/bin/cc - skipped
[0.257s] -- Detecting C compile features
[0.257s] -- Detecting C compile features - done
[0.260s] -- Detecting CXX compiler ABI info
[0.343s] -- Detecting CXX compiler ABI info - done
[0.347s] -- Check for working CXX compiler: /usr/bin/c++ - skipped
[0.347s] -- Detecting CXX compile features
[0.347s] -- Detecting CXX compile features - done
[0.349s] -- Found ament_cmake: 1.3.14 (/opt/ros/humble/share/ament_cmake/cmake)
[0.451s] -- Found Python3: /usr/bin/python3 (found version "3.10.12") found components: Interpreter 
[0.487s] -- Override CMake install command with custom implementation using symlinks instead of copying resources
[0.502s] -- Found ament_cmake_ros: 0.10.0 (/opt/ros/humble/share/ament_cmake_ros/cmake)
[0.514s] -- Found hardware_interface: 2.54.0 (/opt/ros/humble/share/hardware_interface/cmake)
[0.538s] -- Found rosidl_generator_c: 3.1.9 (/opt/ros/humble/share/rosidl_generator_c/cmake)
[0.540s] -- Found rosidl_adapter: 3.1.9 (/opt/ros/humble/share/rosidl_adapter/cmake)
[0.545s] -- Found rosidl_generator_cpp: 3.1.9 (/opt/ros/humble/share/rosidl_generator_cpp/cmake)
[0.552s] -- Using all available rosidl_typesupport_c: rosidl_typesupport_fastrtps_c;rosidl_typesupport_introspection_c
[0.561s] -- Using all available rosidl_typesupport_cpp: rosidl_typesupport_fastrtps_cpp;rosidl_typesupport_introspection_cpp
[0.690s] -- Found rmw_implementation_cmake: 6.1.2 (/opt/ros/humble/share/rmw_implementation_cmake/cmake)
[0.692s] -- Found rmw_fastrtps_cpp: 6.2.10 (/opt/ros/humble/share/rmw_fastrtps_cpp/cmake)
[0.709s] -- Found TinyXML2 via Config file: TinyXML2_DIR-NOTFOUND
[0.800s] -- Found OpenSSL: /usr/lib/x86_64-linux-gnu/libcrypto.so (found version "3.0.2")  
[0.807s] -- Found TinyXML2 via Config file: TinyXML2_DIR-NOTFOUND
[0.831s] -- Found FastRTPS: /opt/ros/humble/include  
[0.833s] -- Found TinyXML2 via Config file: TinyXML2_DIR-NOTFOUND
[0.839s] -- Found TinyXML2 via Config file: TinyXML2_DIR-NOTFOUND
[0.846s] -- Using RMW implementation 'rmw_fastrtps_cpp' as default
[0.853s] -- Looking for pthread.h
[0.922s] -- Looking for pthread.h - found
[0.922s] -- Performing Test CMAKE_HAVE_LIBC_PTHREAD
[1.058s] -- Performing Test CMAKE_HAVE_LIBC_PTHREAD - Success
[1.059s] -- Found Threads: TRUE  
[1.092s] -- Found myactuator_rmd: 0.0.1 (/home/sw/manual_total _ws/install/myactuator_rmd/share/myactuator_rmd/cmake)
[1.132s] -- Configuring done
[1.143s] -- Generating done
[1.146s] -- Build files have been written to: /home/sw/manual_total _ws/build/myactuator_rmd_hardware
[1.154s] Invoked command in '/home/sw/manual_total _ws/build/myactuator_rmd_hardware' returned '0': AMENT_PREFIX_PATH=/home/sw/manual_total _ws/install/myactuator_rmd:${AMENT_PREFIX_PATH} CMAKE_PREFIX_PATH=/home/sw/manual_total _ws/install/myactuator_rmd:/home/sw/manual_total _ws/install/dynamixel_interfaces:/home/sw/manual_total _ws/install/dynamixel_hardware_interface_example:/opt/ros/humble LD_LIBRARY_PATH=/home/sw/manual_total _ws/install/myactuator_rmd/lib:${LD_LIBRARY_PATH} /usr/bin/cmake /home/sw/manual_total _ws/rmd/src/myactuator_rmd_hardware -DAMENT_CMAKE_SYMLINK_INSTALL=1 -DCMAKE_INSTALL_PREFIX=/home/sw/manual_total _ws/install/myactuator_rmd_hardware
[1.155s] Invoking command in '/home/sw/manual_total _ws/build/myactuator_rmd_hardware': AMENT_PREFIX_PATH=/home/sw/manual_total _ws/install/myactuator_rmd:${AMENT_PREFIX_PATH} CMAKE_PREFIX_PATH=/home/sw/manual_total _ws/install/myactuator_rmd:/home/sw/manual_total _ws/install/dynamixel_interfaces:/home/sw/manual_total _ws/install/dynamixel_hardware_interface_example:/opt/ros/humble LD_LIBRARY_PATH=/home/sw/manual_total _ws/install/myactuator_rmd/lib:${LD_LIBRARY_PATH} /usr/bin/cmake --build /home/sw/manual_total _ws/build/myactuator_rmd_hardware -- -j24 -l24
[1.227s] [ 50%] Building CXX object CMakeFiles/myactuator_rmd_hardware.dir/src/myactuator_rmd_hardware_interface.cpp.o
[2.216s] [100%] Linking CXX shared library libmyactuator_rmd_hardware.so
[2.337s] [100%] Built target myactuator_rmd_hardware
[2.347s] Invoked command in '/home/sw/manual_total _ws/build/myactuator_rmd_hardware' returned '0': AMENT_PREFIX_PATH=/home/sw/manual_total _ws/install/myactuator_rmd:${AMENT_PREFIX_PATH} CMAKE_PREFIX_PATH=/home/sw/manual_total _ws/install/myactuator_rmd:/home/sw/manual_total _ws/install/dynamixel_interfaces:/home/sw/manual_total _ws/install/dynamixel_hardware_interface_example:/opt/ros/humble LD_LIBRARY_PATH=/home/sw/manual_total _ws/install/myactuator_rmd/lib:${LD_LIBRARY_PATH} /usr/bin/cmake --build /home/sw/manual_total _ws/build/myactuator_rmd_hardware -- -j24 -l24
[2.348s] Invoking command in '/home/sw/manual_total _ws/build/myactuator_rmd_hardware': AMENT_PREFIX_PATH=/home/sw/manual_total _ws/install/myactuator_rmd:${AMENT_PREFIX_PATH} CMAKE_PREFIX_PATH=/home/sw/manual_total _ws/install/myactuator_rmd:/home/sw/manual_total _ws/install/dynamixel_interfaces:/home/sw/manual_total _ws/install/dynamixel_hardware_interface_example:/opt/ros/humble LD_LIBRARY_PATH=/home/sw/manual_total _ws/install/myactuator_rmd/lib:${LD_LIBRARY_PATH} /usr/bin/cmake --install /home/sw/manual_total _ws/build/myactuator_rmd_hardware
[2.352s] -- Install configuration: ""
[2.353s] -- Execute custom install script
[2.353s] -- Symlinking: /home/sw/manual_total _ws/install/myactuator_rmd_hardware/share/myactuator_rmd_hardware//myactuator_rmd_hardware.xml
[2.360s] -- Symlinking: /home/sw/manual_total _ws/install/myactuator_rmd_hardware/include/myactuator_rmd_hardware/conversions.hpp
[2.367s] -- Symlinking: /home/sw/manual_total _ws/install/myactuator_rmd_hardware/include/myactuator_rmd_hardware/low_pass_filter.hpp
[2.373s] -- Symlinking: /home/sw/manual_total _ws/install/myactuator_rmd_hardware/include/myactuator_rmd_hardware/myactuator_rmd_hardware_interface.hpp
[2.380s] -- Symlinking: /home/sw/manual_total _ws/install/myactuator_rmd_hardware/include/myactuator_rmd_hardware/visibility_control.hpp
[2.387s] -- Symlinking: /home/sw/manual_total _ws/install/myactuator_rmd_hardware/share/myactuator_rmd_hardware/environment/library_path.sh
[2.393s] -- Symlinking: /home/sw/manual_total _ws/install/myactuator_rmd_hardware/share/myactuator_rmd_hardware/environment/library_path.dsv
[2.398s] -- Symlinking: /home/sw/manual_total _ws/install/myactuator_rmd_hardware/share/ament_index/resource_index/package_run_dependencies/myactuator_rmd_hardware
[2.404s] -- Symlinking: /home/sw/manual_total _ws/install/myactuator_rmd_hardware/share/ament_index/resource_index/parent_prefix_path/myactuator_rmd_hardware
[2.411s] -- Symlinking: /home/sw/manual_total _ws/install/myactuator_rmd_hardware/share/myactuator_rmd_hardware/environment/ament_prefix_path.sh
[2.418s] -- Symlinking: /home/sw/manual_total _ws/install/myactuator_rmd_hardware/share/myactuator_rmd_hardware/environment/ament_prefix_path.dsv
[2.423s] -- Symlinking: /home/sw/manual_total _ws/install/myactuator_rmd_hardware/share/myactuator_rmd_hardware/environment/path.sh
[2.429s] -- Symlinking: /home/sw/manual_total _ws/install/myactuator_rmd_hardware/share/myactuator_rmd_hardware/environment/path.dsv
[2.441s] -- Symlinking: /home/sw/manual_total _ws/install/myactuator_rmd_hardware/share/myactuator_rmd_hardware/local_setup.bash
[2.450s] -- Symlinking: /home/sw/manual_total _ws/install/myactuator_rmd_hardware/share/myactuator_rmd_hardware/local_setup.sh
[2.462s] -- Symlinking: /home/sw/manual_total _ws/install/myactuator_rmd_hardware/share/myactuator_rmd_hardware/local_setup.zsh
[2.467s] -- Symlinking: /home/sw/manual_total _ws/install/myactuator_rmd_hardware/share/myactuator_rmd_hardware/local_setup.dsv
[2.475s] -- Symlinking: /home/sw/manual_total _ws/install/myactuator_rmd_hardware/share/myactuator_rmd_hardware/package.dsv
[2.487s] -- Symlinking: /home/sw/manual_total _ws/install/myactuator_rmd_hardware/share/ament_index/resource_index/packages/myactuator_rmd_hardware
[2.494s] -- Symlinking: /home/sw/manual_total _ws/install/myactuator_rmd_hardware/share/ament_index/resource_index/hardware_interface__pluginlib__plugin/myactuator_rmd_hardware
[2.500s] -- Symlinking: /home/sw/manual_total _ws/install/myactuator_rmd_hardware/share/myactuator_rmd_hardware/cmake/ament_cmake_export_include_directories-extras.cmake
[2.507s] -- Symlinking: /home/sw/manual_total _ws/install/myactuator_rmd_hardware/share/myactuator_rmd_hardware/cmake/ament_cmake_export_libraries-extras.cmake
[2.513s] -- Symlinking: /home/sw/manual_total _ws/install/myactuator_rmd_hardware/share/myactuator_rmd_hardware/cmake/ament_cmake_export_targets-extras.cmake
[2.520s] -- Symlinking: /home/sw/manual_total _ws/install/myactuator_rmd_hardware/share/myactuator_rmd_hardware/cmake/myactuator_rmd_hardwareConfig.cmake
[2.525s] -- Symlinking: /home/sw/manual_total _ws/install/myactuator_rmd_hardware/share/myactuator_rmd_hardware/cmake/myactuator_rmd_hardwareConfig-version.cmake
[2.532s] -- Symlinking: /home/sw/manual_total _ws/install/myactuator_rmd_hardware/share/myactuator_rmd_hardware/package.xml
[2.540s] -- Installing: /home/sw/manual_total _ws/install/myactuator_rmd_hardware/lib/libmyactuator_rmd_hardware.so
[2.541s] -- Set runtime path of "/home/sw/manual_total _ws/install/myactuator_rmd_hardware/lib/libmyactuator_rmd_hardware.so" to ""
[2.541s] -- Installing: /home/sw/manual_total _ws/install/myactuator_rmd_hardware/share/myactuator_rmd_hardware/cmake/export_myactuator_rmd_hardwareExport.cmake
[2.541s] -- Installing: /home/sw/manual_total _ws/install/myactuator_rmd_hardware/share/myactuator_rmd_hardware/cmake/export_myactuator_rmd_hardwareExport-noconfig.cmake
[30.004s] Invoked command in '/home/sw/manual_total _ws/build/myactuator_rmd_hardware' returned '0': AMENT_PREFIX_PATH=/home/sw/manual_total _ws/install/myactuator_rmd:${AMENT_PREFIX_PATH} CMAKE_PREFIX_PATH=/home/sw/manual_total _ws/install/myactuator_rmd:/home/sw/manual_total _ws/install/dynamixel_interfaces:/home/sw/manual_total _ws/install/dynamixel_hardware_interface_example:/opt/ros/humble LD_LIBRARY_PATH=/home/sw/manual_total _ws/install/myactuator_rmd/lib:${LD_LIBRARY_PATH} /usr/bin/cmake --install /home/sw/manual_total _ws/build/myactuator_rmd_hardware
