[0.015s] Invoking command in '/home/sw/manual_total _ws/build/robot_arm_description': AMENT_PREFIX_PATH=/home/sw/manual_total _ws/install/myactuator_rmd_hardware:/home/sw/manual_total _ws/install/myactuator_rmd:${AMENT_PREFIX_PATH} CMAKE_PREFIX_PATH=/home/sw/manual_total _ws/install/myactuator_rmd_hardware:/home/sw/manual_total _ws/install/myactuator_rmd:/home/sw/manual_total _ws/install/dynamixel_interfaces:/home/sw/manual_total _ws/install/dynamixel_hardware_interface_example:/opt/ros/humble LD_LIBRARY_PATH=/home/sw/manual_total _ws/install/myactuator_rmd_hardware/lib:/home/sw/manual_total _ws/install/myactuator_rmd/lib:${LD_LIBRARY_PATH} /usr/bin/cmake /home/sw/manual_total _ws/rmd/src/robot_arm_description -DAMENT_CMAKE_SYMLINK_INSTALL=1 -DCMAKE_INSTALL_PREFIX=/home/sw/manual_total _ws/install/robot_arm_description
[0.083s] -- The C compiler identification is GNU 11.4.0
[0.145s] -- The CXX compiler identification is GNU 11.4.0
[0.150s] -- Detecting C compiler ABI info
[0.222s] -- Detecting C compiler ABI info - done
[0.226s] -- Check for working C compiler: /usr/bin/cc - skipped
[0.226s] -- Detecting C compile features
[0.226s] -- Detecting C compile features - done
[0.228s] -- Detecting CXX compiler ABI info
[0.345s] -- Detecting CXX compiler ABI info - done
[0.349s] -- Check for working CXX compiler: /usr/bin/c++ - skipped
[0.349s] -- Detecting CXX compile features
[0.349s] -- Detecting CXX compile features - done
[0.350s] -- Found ament_cmake: 1.3.14 (/opt/ros/humble/share/ament_cmake/cmake)
[0.477s] -- Found Python3: /usr/bin/python3 (found version "3.10.12") found components: Interpreter 
[0.521s] -- Override CMake install command with custom implementation using symlinks instead of copying resources
[0.540s] -- Found ament_lint_auto: 0.12.15 (/opt/ros/humble/share/ament_lint_auto/cmake)
[0.583s] -- Added test 'lint_cmake' to check CMake code style
[0.584s] -- Configuring done
[0.585s] -- Generating done
[0.586s] -- Build files have been written to: /home/sw/manual_total _ws/build/robot_arm_description
[0.590s] Invoked command in '/home/sw/manual_total _ws/build/robot_arm_description' returned '0': AMENT_PREFIX_PATH=/home/sw/manual_total _ws/install/myactuator_rmd_hardware:/home/sw/manual_total _ws/install/myactuator_rmd:${AMENT_PREFIX_PATH} CMAKE_PREFIX_PATH=/home/sw/manual_total _ws/install/myactuator_rmd_hardware:/home/sw/manual_total _ws/install/myactuator_rmd:/home/sw/manual_total _ws/install/dynamixel_interfaces:/home/sw/manual_total _ws/install/dynamixel_hardware_interface_example:/opt/ros/humble LD_LIBRARY_PATH=/home/sw/manual_total _ws/install/myactuator_rmd_hardware/lib:/home/sw/manual_total _ws/install/myactuator_rmd/lib:${LD_LIBRARY_PATH} /usr/bin/cmake /home/sw/manual_total _ws/rmd/src/robot_arm_description -DAMENT_CMAKE_SYMLINK_INSTALL=1 -DCMAKE_INSTALL_PREFIX=/home/sw/manual_total _ws/install/robot_arm_description
[0.590s] Invoking command in '/home/sw/manual_total _ws/build/robot_arm_description': AMENT_PREFIX_PATH=/home/sw/manual_total _ws/install/myactuator_rmd_hardware:/home/sw/manual_total _ws/install/myactuator_rmd:${AMENT_PREFIX_PATH} CMAKE_PREFIX_PATH=/home/sw/manual_total _ws/install/myactuator_rmd_hardware:/home/sw/manual_total _ws/install/myactuator_rmd:/home/sw/manual_total _ws/install/dynamixel_interfaces:/home/sw/manual_total _ws/install/dynamixel_hardware_interface_example:/opt/ros/humble LD_LIBRARY_PATH=/home/sw/manual_total _ws/install/myactuator_rmd_hardware/lib:/home/sw/manual_total _ws/install/myactuator_rmd/lib:${LD_LIBRARY_PATH} /usr/bin/cmake --build /home/sw/manual_total _ws/build/robot_arm_description -- -j24 -l24
[30.029s] Invoked command in '/home/sw/manual_total _ws/build/robot_arm_description' returned '0': AMENT_PREFIX_PATH=/home/sw/manual_total _ws/install/myactuator_rmd_hardware:/home/sw/manual_total _ws/install/myactuator_rmd:${AMENT_PREFIX_PATH} CMAKE_PREFIX_PATH=/home/sw/manual_total _ws/install/myactuator_rmd_hardware:/home/sw/manual_total _ws/install/myactuator_rmd:/home/sw/manual_total _ws/install/dynamixel_interfaces:/home/sw/manual_total _ws/install/dynamixel_hardware_interface_example:/opt/ros/humble LD_LIBRARY_PATH=/home/sw/manual_total _ws/install/myactuator_rmd_hardware/lib:/home/sw/manual_total _ws/install/myactuator_rmd/lib:${LD_LIBRARY_PATH} /usr/bin/cmake --build /home/sw/manual_total _ws/build/robot_arm_description -- -j24 -l24
[30.033s] Invoking command in '/home/sw/manual_total _ws/build/robot_arm_description': AMENT_PREFIX_PATH=/home/sw/manual_total _ws/install/myactuator_rmd_hardware:/home/sw/manual_total _ws/install/myactuator_rmd:${AMENT_PREFIX_PATH} CMAKE_PREFIX_PATH=/home/sw/manual_total _ws/install/myactuator_rmd_hardware:/home/sw/manual_total _ws/install/myactuator_rmd:/home/sw/manual_total _ws/install/dynamixel_interfaces:/home/sw/manual_total _ws/install/dynamixel_hardware_interface_example:/opt/ros/humble LD_LIBRARY_PATH=/home/sw/manual_total _ws/install/myactuator_rmd_hardware/lib:/home/sw/manual_total _ws/install/myactuator_rmd/lib:${LD_LIBRARY_PATH} /usr/bin/cmake --install /home/sw/manual_total _ws/build/robot_arm_description
[30.043s] -- Install configuration: ""
[30.043s] -- Execute custom install script
[30.043s] -- Symlinking: /home/sw/manual_total _ws/install/robot_arm_description/share/robot_arm_description/config/manual_total_controllers.yaml
[30.060s] -- Symlinking: /home/sw/manual_total _ws/install/robot_arm_description/share/robot_arm_description/config/robot_arm_rmd_controllers.yaml
[30.072s] -- Symlinking: /home/sw/manual_total _ws/install/robot_arm_description/share/robot_arm_description/launch/__pycache__/robot_arm.launch.cpython-310.pyc
[30.082s] -- Symlinking: /home/sw/manual_total _ws/install/robot_arm_description/share/robot_arm_description/launch/robot_arm.launch.py
[30.099s] -- Symlinking: /home/sw/manual_total _ws/install/robot_arm_description/share/robot_arm_description/urdf/manual_total_robot.urdf.xacro
[30.115s] -- Symlinking: /home/sw/manual_total _ws/install/robot_arm_description/share/robot_arm_description/urdf/test_urdf.urdf.xacro
[30.127s] -- Symlinking: /home/sw/manual_total _ws/install/robot_arm_description/share/ament_index/resource_index/package_run_dependencies/robot_arm_description
[30.136s] -- Symlinking: /home/sw/manual_total _ws/install/robot_arm_description/share/ament_index/resource_index/parent_prefix_path/robot_arm_description
[30.150s] -- Symlinking: /home/sw/manual_total _ws/install/robot_arm_description/share/robot_arm_description/environment/ament_prefix_path.sh
[30.161s] -- Symlinking: /home/sw/manual_total _ws/install/robot_arm_description/share/robot_arm_description/environment/ament_prefix_path.dsv
[30.173s] -- Symlinking: /home/sw/manual_total _ws/install/robot_arm_description/share/robot_arm_description/environment/path.sh
[30.183s] -- Symlinking: /home/sw/manual_total _ws/install/robot_arm_description/share/robot_arm_description/environment/path.dsv
[30.196s] -- Symlinking: /home/sw/manual_total _ws/install/robot_arm_description/share/robot_arm_description/local_setup.bash
[30.207s] -- Symlinking: /home/sw/manual_total _ws/install/robot_arm_description/share/robot_arm_description/local_setup.sh
[30.226s] -- Symlinking: /home/sw/manual_total _ws/install/robot_arm_description/share/robot_arm_description/local_setup.zsh
[30.239s] -- Symlinking: /home/sw/manual_total _ws/install/robot_arm_description/share/robot_arm_description/local_setup.dsv
[30.258s] -- Symlinking: /home/sw/manual_total _ws/install/robot_arm_description/share/robot_arm_description/package.dsv
[30.272s] -- Symlinking: /home/sw/manual_total _ws/install/robot_arm_description/share/ament_index/resource_index/packages/robot_arm_description
[30.288s] -- Symlinking: /home/sw/manual_total _ws/install/robot_arm_description/share/robot_arm_description/cmake/robot_arm_descriptionConfig.cmake
[30.304s] -- Symlinking: /home/sw/manual_total _ws/install/robot_arm_description/share/robot_arm_description/cmake/robot_arm_descriptionConfig-version.cmake
[30.314s] -- Symlinking: /home/sw/manual_total _ws/install/robot_arm_description/share/robot_arm_description/package.xml
[60.060s] Invoked command in '/home/sw/manual_total _ws/build/robot_arm_description' returned '0': AMENT_PREFIX_PATH=/home/sw/manual_total _ws/install/myactuator_rmd_hardware:/home/sw/manual_total _ws/install/myactuator_rmd:${AMENT_PREFIX_PATH} CMAKE_PREFIX_PATH=/home/sw/manual_total _ws/install/myactuator_rmd_hardware:/home/sw/manual_total _ws/install/myactuator_rmd:/home/sw/manual_total _ws/install/dynamixel_interfaces:/home/sw/manual_total _ws/install/dynamixel_hardware_interface_example:/opt/ros/humble LD_LIBRARY_PATH=/home/sw/manual_total _ws/install/myactuator_rmd_hardware/lib:/home/sw/manual_total _ws/install/myactuator_rmd/lib:${LD_LIBRARY_PATH} /usr/bin/cmake --install /home/sw/manual_total _ws/build/robot_arm_description
