[0.141s] Invoking command in '/home/sw/manual_total _ws/build/dynamixel_interfaces': CMAKE_PREFIX_PATH=/opt/ros/humble /usr/bin/cmake /home/sw/manual_total _ws/dxl/src/dynamixel_interfaces -DAMENT_CMAKE_SYMLINK_INSTALL=1 -DCMAKE_INSTALL_PREFIX=/home/sw/manual_total _ws/install/dynamixel_interfaces
[0.214s] -- The C compiler identification is GNU 11.4.0
[0.268s] -- The CXX compiler identification is GNU 11.4.0
[0.274s] -- Detecting C compiler ABI info
[0.324s] -- Detecting C compiler ABI info - done
[0.329s] -- Check for working C compiler: /usr/bin/cc - skipped
[0.330s] -- Detecting C compile features
[0.330s] -- Detecting C compile features - done
[0.331s] -- Detecting CXX compiler ABI info
[0.388s] -- Detecting CXX compiler ABI info - done
[0.395s] -- Check for working CXX compiler: /usr/bin/c++ - skipped
[0.395s] -- Detecting CXX compile features
[0.395s] -- Detecting CXX compile features - done
[0.397s] -- Found ament_cmake: 1.3.14 (/opt/ros/humble/share/ament_cmake/cmake)
[0.477s] -- Found Python3: /usr/bin/python3 (found version "3.10.12") found components: Interpreter 
[0.515s] -- Override CMake install command with custom implementation using symlinks instead of copying resources
[0.536s] -- Found std_msgs: 4.9.1 (/opt/ros/humble/share/std_msgs/cmake)
[0.559s] -- Found rosidl_generator_c: 3.1.9 (/opt/ros/humble/share/rosidl_generator_c/cmake)
[0.563s] -- Found rosidl_adapter: 3.1.9 (/opt/ros/humble/share/rosidl_adapter/cmake)
[0.569s] -- Found rosidl_generator_cpp: 3.1.9 (/opt/ros/humble/share/rosidl_generator_cpp/cmake)
[0.578s] -- Using all available rosidl_typesupport_c: rosidl_typesupport_fastrtps_c;rosidl_typesupport_introspection_c
[0.589s] -- Using all available rosidl_typesupport_cpp: rosidl_typesupport_fastrtps_cpp;rosidl_typesupport_introspection_cpp
[0.605s] -- Found geometry_msgs: 4.9.1 (/opt/ros/humble/share/geometry_msgs/cmake)
[0.613s] -- Found rosidl_default_generators: 1.2.1 (/opt/ros/humble/share/rosidl_default_generators/cmake)
[0.795s] -- Found ament_cmake_ros: 0.10.0 (/opt/ros/humble/share/ament_cmake_ros/cmake)
[1.053s] -- Using all available rosidl_typesupport_c: rosidl_typesupport_fastrtps_c;rosidl_typesupport_introspection_c
[1.151s] -- Using all available rosidl_typesupport_cpp: rosidl_typesupport_fastrtps_cpp;rosidl_typesupport_introspection_cpp
[1.165s] -- Found PythonInterp: /usr/bin/python3 (found suitable version "3.10.12", minimum required is "3.6") 
[1.166s] -- Found python_cmake_module: 0.10.0 (/opt/ros/humble/share/python_cmake_module/cmake)
[1.188s] -- Found PythonLibs: /usr/lib/x86_64-linux-gnu/libpython3.10.so (found suitable version "3.10.12", minimum required is "3.5") 
[1.188s] -- Using PYTHON_EXECUTABLE: /usr/bin/python3
[1.188s] -- Using PYTHON_INCLUDE_DIRS: /usr/include/python3.10
[1.188s] -- Using PYTHON_LIBRARIES: /usr/lib/x86_64-linux-gnu/libpython3.10.so
[1.206s] -- Found PythonExtra: .so  
[1.297s] -- Found ament_lint_auto: 0.12.15 (/opt/ros/humble/share/ament_lint_auto/cmake)
[1.313s] -- Added test 'copyright' to check source files copyright and LICENSE
[1.315s] -- Added test 'lint_cmake' to check CMake code style
[1.315s] -- Added test 'xmllint' to check XML markup files
[1.317s] -- Configuring done
[1.338s] -- Generating done
[1.344s] -- Build files have been written to: /home/sw/manual_total _ws/build/dynamixel_interfaces
[30.706s] Invoked command in '/home/sw/manual_total _ws/build/dynamixel_interfaces' returned '0': CMAKE_PREFIX_PATH=/opt/ros/humble /usr/bin/cmake /home/sw/manual_total _ws/dxl/src/dynamixel_interfaces -DAMENT_CMAKE_SYMLINK_INSTALL=1 -DCMAKE_INSTALL_PREFIX=/home/sw/manual_total _ws/install/dynamixel_interfaces
[30.710s] Invoking command in '/home/sw/manual_total _ws/build/dynamixel_interfaces': CMAKE_PREFIX_PATH=/opt/ros/humble /usr/bin/cmake --build /home/sw/manual_total _ws/build/dynamixel_interfaces -- -j24 -l24
[30.793s] [  1%] Generating C code for ROS interfaces
[30.800s] [  3%] Generating Rust code for ROS interfaces
[30.803s] [  5%] Generating C++ code for ROS interfaces
[30.804s] [  5%] Built target ament_cmake_python_symlink_dynamixel_interfaces
[30.920s] running egg_info
[30.921s] creating dynamixel_interfaces.egg-info
[30.921s] writing dynamixel_interfaces.egg-info/PKG-INFO
[30.921s] writing dependency_links to dynamixel_interfaces.egg-info/dependency_links.txt
[30.921s] writing top-level names to dynamixel_interfaces.egg-info/top_level.txt
[30.921s] writing manifest file 'dynamixel_interfaces.egg-info/SOURCES.txt'
[30.922s] reading manifest file 'dynamixel_interfaces.egg-info/SOURCES.txt'
[30.922s] writing manifest file 'dynamixel_interfaces.egg-info/SOURCES.txt'
[30.939s] [  5%] Built target ament_cmake_python_build_dynamixel_interfaces_egg
[31.055s] [  5%] Built target dynamixel_interfaces__rs
[31.137s] [  5%] Built target dynamixel_interfaces__cpp
[31.141s] [  7%] Building C object CMakeFiles/dynamixel_interfaces__rosidl_generator_c.dir/rosidl_generator_c/dynamixel_interfaces/srv/detail/set_data_to_dxl__functions.c.o
[31.142s] [  8%] Building C object CMakeFiles/dynamixel_interfaces__rosidl_generator_c.dir/rosidl_generator_c/dynamixel_interfaces/msg/detail/dynamixel_state__functions.c.o
[31.143s] [ 10%] Building C object CMakeFiles/dynamixel_interfaces__rosidl_generator_c.dir/rosidl_generator_c/dynamixel_interfaces/srv/detail/get_data_from_dxl__functions.c.o
[31.144s] [ 12%] Building C object CMakeFiles/dynamixel_interfaces__rosidl_generator_c.dir/rosidl_generator_c/dynamixel_interfaces/srv/detail/reboot_dxl__functions.c.o
[31.144s] [ 14%] Generating C++ introspection for ROS interfaces
[31.144s] [ 16%] Generating C++ type support dispatch for ROS interfaces
[31.147s] [ 17%] Generating C++ type support for eProsima Fast-RTPS
[31.199s] [ 19%] Linking C shared library libdynamixel_interfaces__rosidl_generator_c.so
[31.227s] [ 19%] Built target dynamixel_interfaces__rosidl_generator_c
[31.235s] [ 21%] Generating C type support dispatch for ROS interfaces
[31.235s] [ 25%] Generating C type support for eProsima Fast-RTPS
[31.235s] [ 25%] Generating C introspection for ROS interfaces
[31.419s] [ 28%] Building CXX object CMakeFiles/dynamixel_interfaces__rosidl_typesupport_cpp.dir/rosidl_typesupport_cpp/dynamixel_interfaces/srv/reboot_dxl__type_support.cpp.o
[31.419s] [ 28%] Building CXX object CMakeFiles/dynamixel_interfaces__rosidl_typesupport_cpp.dir/rosidl_typesupport_cpp/dynamixel_interfaces/srv/get_data_from_dxl__type_support.cpp.o
[31.420s] [ 30%] Building CXX object CMakeFiles/dynamixel_interfaces__rosidl_typesupport_cpp.dir/rosidl_typesupport_cpp/dynamixel_interfaces/msg/dynamixel_state__type_support.cpp.o
[31.420s] [ 32%] Building CXX object CMakeFiles/dynamixel_interfaces__rosidl_typesupport_cpp.dir/rosidl_typesupport_cpp/dynamixel_interfaces/srv/set_data_to_dxl__type_support.cpp.o
[31.442s] [ 37%] Building CXX object CMakeFiles/dynamixel_interfaces__rosidl_typesupport_introspection_cpp.dir/rosidl_typesupport_introspection_cpp/dynamixel_interfaces/srv/detail/get_data_from_dxl__type_support.cpp.o
[31.442s] [ 37%] Building CXX object CMakeFiles/dynamixel_interfaces__rosidl_typesupport_introspection_cpp.dir/rosidl_typesupport_introspection_cpp/dynamixel_interfaces/msg/detail/dynamixel_state__type_support.cpp.o
[31.442s] [ 37%] Building CXX object CMakeFiles/dynamixel_interfaces__rosidl_typesupport_introspection_cpp.dir/rosidl_typesupport_introspection_cpp/dynamixel_interfaces/srv/detail/set_data_to_dxl__type_support.cpp.o
[31.444s] [ 39%] Building CXX object CMakeFiles/dynamixel_interfaces__rosidl_typesupport_introspection_cpp.dir/rosidl_typesupport_introspection_cpp/dynamixel_interfaces/srv/detail/reboot_dxl__type_support.cpp.o
[31.477s] [ 41%] Building CXX object CMakeFiles/dynamixel_interfaces__rosidl_typesupport_fastrtps_cpp.dir/rosidl_typesupport_fastrtps_cpp/dynamixel_interfaces/srv/detail/dds_fastrtps/set_data_to_dxl__type_support.cpp.o
[31.477s] [ 42%] Building CXX object CMakeFiles/dynamixel_interfaces__rosidl_typesupport_fastrtps_cpp.dir/rosidl_typesupport_fastrtps_cpp/dynamixel_interfaces/srv/detail/dds_fastrtps/get_data_from_dxl__type_support.cpp.o
[31.479s] [ 46%] Building CXX object CMakeFiles/dynamixel_interfaces__rosidl_typesupport_fastrtps_cpp.dir/rosidl_typesupport_fastrtps_cpp/dynamixel_interfaces/srv/detail/dds_fastrtps/reboot_dxl__type_support.cpp.o
[31.479s] [ 46%] Building CXX object CMakeFiles/dynamixel_interfaces__rosidl_typesupport_fastrtps_cpp.dir/rosidl_typesupport_fastrtps_cpp/dynamixel_interfaces/msg/detail/dds_fastrtps/dynamixel_state__type_support.cpp.o
[31.547s] [ 53%] Building CXX object CMakeFiles/dynamixel_interfaces__rosidl_typesupport_c.dir/rosidl_typesupport_c/dynamixel_interfaces/srv/reboot_dxl__type_support.cpp.o
[31.547s] [ 53%] Building CXX object CMakeFiles/dynamixel_interfaces__rosidl_typesupport_c.dir/rosidl_typesupport_c/dynamixel_interfaces/srv/get_data_from_dxl__type_support.cpp.o
[31.547s] [ 53%] Building CXX object CMakeFiles/dynamixel_interfaces__rosidl_typesupport_c.dir/rosidl_typesupport_c/dynamixel_interfaces/srv/set_data_to_dxl__type_support.cpp.o
[31.547s] [ 53%] Building CXX object CMakeFiles/dynamixel_interfaces__rosidl_typesupport_c.dir/rosidl_typesupport_c/dynamixel_interfaces/msg/dynamixel_state__type_support.cpp.o
[31.577s] [ 55%] Linking CXX shared library libdynamixel_interfaces__rosidl_typesupport_c.so
[31.591s] [ 57%] Building C object CMakeFiles/dynamixel_interfaces__rosidl_typesupport_introspection_c.dir/rosidl_typesupport_introspection_c/dynamixel_interfaces/srv/detail/get_data_from_dxl__type_support.c.o
[31.591s] [ 58%] Building C object CMakeFiles/dynamixel_interfaces__rosidl_typesupport_introspection_c.dir/rosidl_typesupport_introspection_c/dynamixel_interfaces/srv/detail/set_data_to_dxl__type_support.c.o
[31.591s] [ 60%] Building C object CMakeFiles/dynamixel_interfaces__rosidl_typesupport_introspection_c.dir/rosidl_typesupport_introspection_c/dynamixel_interfaces/msg/detail/dynamixel_state__type_support.c.o
[31.595s] [ 62%] Building C object CMakeFiles/dynamixel_interfaces__rosidl_typesupport_introspection_c.dir/rosidl_typesupport_introspection_c/dynamixel_interfaces/srv/detail/reboot_dxl__type_support.c.o
[31.609s] [ 69%] Building CXX object CMakeFiles/dynamixel_interfaces__rosidl_typesupport_fastrtps_c.dir/rosidl_typesupport_fastrtps_c/dynamixel_interfaces/srv/detail/reboot_dxl__type_support_c.cpp.o
[31.609s] [ 69%] Building CXX object CMakeFiles/dynamixel_interfaces__rosidl_typesupport_fastrtps_c.dir/rosidl_typesupport_fastrtps_c/dynamixel_interfaces/srv/detail/set_data_to_dxl__type_support_c.cpp.o
[31.609s] [ 69%] Building CXX object CMakeFiles/dynamixel_interfaces__rosidl_typesupport_fastrtps_c.dir/rosidl_typesupport_fastrtps_c/dynamixel_interfaces/msg/detail/dynamixel_state__type_support_c.cpp.o
[31.610s] [ 69%] Building CXX object CMakeFiles/dynamixel_interfaces__rosidl_typesupport_fastrtps_c.dir/rosidl_typesupport_fastrtps_c/dynamixel_interfaces/srv/detail/get_data_from_dxl__type_support_c.cpp.o
[31.618s] [ 69%] Built target dynamixel_interfaces__rosidl_typesupport_c
[31.625s] [ 71%] Linking C shared library libdynamixel_interfaces__rosidl_typesupport_introspection_c.so
[31.649s] [ 71%] Built target dynamixel_interfaces__rosidl_typesupport_introspection_c
[31.698s] [ 73%] Linking CXX shared library libdynamixel_interfaces__rosidl_typesupport_cpp.so
[31.731s] [ 73%] Built target dynamixel_interfaces__rosidl_typesupport_cpp
[31.829s] [ 75%] Linking CXX shared library libdynamixel_interfaces__rosidl_typesupport_fastrtps_c.so
[31.832s] [ 76%] Linking CXX shared library libdynamixel_interfaces__rosidl_typesupport_fastrtps_cpp.so
[31.873s] [ 78%] Linking CXX shared library libdynamixel_interfaces__rosidl_typesupport_introspection_cpp.so
[31.875s] [ 78%] Built target dynamixel_interfaces__rosidl_typesupport_fastrtps_c
[31.881s] [ 78%] Built target dynamixel_interfaces__rosidl_typesupport_fastrtps_cpp
[31.919s] [ 78%] Built target dynamixel_interfaces__rosidl_typesupport_introspection_cpp
[31.935s] [ 78%] Built target dynamixel_interfaces
[31.955s] [ 80%] Generating Python code for ROS interfaces
[32.513s] [ 80%] Built target dynamixel_interfaces__py
[32.531s] [ 83%] Building C object CMakeFiles/dynamixel_interfaces__rosidl_generator_py.dir/rosidl_generator_py/dynamixel_interfaces/srv/_set_data_to_dxl_s.c.o
[32.531s] [ 83%] Building C object CMakeFiles/dynamixel_interfaces__rosidl_generator_py.dir/rosidl_generator_py/dynamixel_interfaces/msg/_dynamixel_state_s.c.o
[32.531s] [ 85%] Building C object CMakeFiles/dynamixel_interfaces__rosidl_generator_py.dir/rosidl_generator_py/dynamixel_interfaces/srv/_reboot_dxl_s.c.o
[32.531s] [ 87%] Building C object CMakeFiles/dynamixel_interfaces__rosidl_generator_py.dir/rosidl_generator_py/dynamixel_interfaces/srv/_get_data_from_dxl_s.c.o
[32.611s] [ 89%] Linking C shared library rosidl_generator_py/dynamixel_interfaces/libdynamixel_interfaces__rosidl_generator_py.so
[32.651s] [ 89%] Built target dynamixel_interfaces__rosidl_generator_py
[32.681s] [ 91%] Building C object CMakeFiles/dynamixel_interfaces__rosidl_typesupport_c__pyext.dir/rosidl_generator_py/dynamixel_interfaces/_dynamixel_interfaces_s.ep.rosidl_typesupport_c.c.o
[32.683s] [ 92%] Building C object CMakeFiles/dynamixel_interfaces__rosidl_typesupport_introspection_c__pyext.dir/rosidl_generator_py/dynamixel_interfaces/_dynamixel_interfaces_s.ep.rosidl_typesupport_introspection_c.c.o
[32.683s] [ 94%] Building C object CMakeFiles/dynamixel_interfaces__rosidl_typesupport_fastrtps_c__pyext.dir/rosidl_generator_py/dynamixel_interfaces/_dynamixel_interfaces_s.ep.rosidl_typesupport_fastrtps_c.c.o
[32.746s] [ 96%] Linking C shared library rosidl_generator_py/dynamixel_interfaces/dynamixel_interfaces_s__rosidl_typesupport_introspection_c.cpython-310-x86_64-linux-gnu.so
[32.747s] [ 98%] Linking C shared library rosidl_generator_py/dynamixel_interfaces/dynamixel_interfaces_s__rosidl_typesupport_fastrtps_c.cpython-310-x86_64-linux-gnu.so
[32.750s] [100%] Linking C shared library rosidl_generator_py/dynamixel_interfaces/dynamixel_interfaces_s__rosidl_typesupport_c.cpython-310-x86_64-linux-gnu.so
[32.775s] [100%] Built target dynamixel_interfaces__rosidl_typesupport_fastrtps_c__pyext
[32.776s] [100%] Built target dynamixel_interfaces__rosidl_typesupport_introspection_c__pyext
[32.777s] [100%] Built target dynamixel_interfaces__rosidl_typesupport_c__pyext
[32.786s] Invoked command in '/home/sw/manual_total _ws/build/dynamixel_interfaces' returned '0': CMAKE_PREFIX_PATH=/opt/ros/humble /usr/bin/cmake --build /home/sw/manual_total _ws/build/dynamixel_interfaces -- -j24 -l24
[32.791s] Invoking command in '/home/sw/manual_total _ws/build/dynamixel_interfaces': CMAKE_PREFIX_PATH=/opt/ros/humble /usr/bin/cmake --install /home/sw/manual_total _ws/build/dynamixel_interfaces
[32.802s] -- Install configuration: ""
[32.802s] -- Execute custom install script
[32.803s] -- Symlinking: /home/sw/manual_total _ws/install/dynamixel_interfaces/share/ament_index/resource_index/rosidl_interfaces/dynamixel_interfaces
[32.811s] -- Symlinking: /home/sw/manual_total _ws/install/dynamixel_interfaces/include/dynamixel_interfaces/dynamixel_interfaces/msg/detail/dynamixel_state__functions.h
[32.816s] -- Symlinking: /home/sw/manual_total _ws/install/dynamixel_interfaces/include/dynamixel_interfaces/dynamixel_interfaces/msg/detail/dynamixel_state__struct.h
[32.821s] -- Symlinking: /home/sw/manual_total _ws/install/dynamixel_interfaces/include/dynamixel_interfaces/dynamixel_interfaces/msg/detail/dynamixel_state__type_support.h
[32.828s] -- Symlinking: /home/sw/manual_total _ws/install/dynamixel_interfaces/include/dynamixel_interfaces/dynamixel_interfaces/msg/dynamixel_state.h
[32.835s] -- Symlinking: /home/sw/manual_total _ws/install/dynamixel_interfaces/include/dynamixel_interfaces/dynamixel_interfaces/msg/rosidl_generator_c__visibility_control.h
[32.840s] -- Symlinking: /home/sw/manual_total _ws/install/dynamixel_interfaces/include/dynamixel_interfaces/dynamixel_interfaces/srv/detail/get_data_from_dxl__functions.h
[32.846s] -- Symlinking: /home/sw/manual_total _ws/install/dynamixel_interfaces/include/dynamixel_interfaces/dynamixel_interfaces/srv/detail/get_data_from_dxl__struct.h
[32.853s] -- Symlinking: /home/sw/manual_total _ws/install/dynamixel_interfaces/include/dynamixel_interfaces/dynamixel_interfaces/srv/detail/get_data_from_dxl__type_support.h
[32.859s] -- Symlinking: /home/sw/manual_total _ws/install/dynamixel_interfaces/include/dynamixel_interfaces/dynamixel_interfaces/srv/detail/reboot_dxl__functions.h
[32.864s] -- Symlinking: /home/sw/manual_total _ws/install/dynamixel_interfaces/include/dynamixel_interfaces/dynamixel_interfaces/srv/detail/reboot_dxl__struct.h
[32.869s] -- Symlinking: /home/sw/manual_total _ws/install/dynamixel_interfaces/include/dynamixel_interfaces/dynamixel_interfaces/srv/detail/reboot_dxl__type_support.h
[32.876s] -- Symlinking: /home/sw/manual_total _ws/install/dynamixel_interfaces/include/dynamixel_interfaces/dynamixel_interfaces/srv/detail/set_data_to_dxl__functions.h
[32.883s] -- Symlinking: /home/sw/manual_total _ws/install/dynamixel_interfaces/include/dynamixel_interfaces/dynamixel_interfaces/srv/detail/set_data_to_dxl__struct.h
[32.888s] -- Symlinking: /home/sw/manual_total _ws/install/dynamixel_interfaces/include/dynamixel_interfaces/dynamixel_interfaces/srv/detail/set_data_to_dxl__type_support.h
[32.894s] -- Symlinking: /home/sw/manual_total _ws/install/dynamixel_interfaces/include/dynamixel_interfaces/dynamixel_interfaces/srv/get_data_from_dxl.h
[32.900s] -- Symlinking: /home/sw/manual_total _ws/install/dynamixel_interfaces/include/dynamixel_interfaces/dynamixel_interfaces/srv/reboot_dxl.h
[32.905s] -- Symlinking: /home/sw/manual_total _ws/install/dynamixel_interfaces/include/dynamixel_interfaces/dynamixel_interfaces/srv/set_data_to_dxl.h
[32.910s] -- Symlinking: /home/sw/manual_total _ws/install/dynamixel_interfaces/share/dynamixel_interfaces/environment/library_path.sh
[32.916s] -- Symlinking: /home/sw/manual_total _ws/install/dynamixel_interfaces/share/dynamixel_interfaces/environment/library_path.dsv
[32.926s] -- Symlinking: /home/sw/manual_total _ws/install/dynamixel_interfaces/include/dynamixel_interfaces/dynamixel_interfaces/msg/detail/dynamixel_state__rosidl_typesupport_fastrtps_c.h
[32.933s] -- Symlinking: /home/sw/manual_total _ws/install/dynamixel_interfaces/include/dynamixel_interfaces/dynamixel_interfaces/msg/rosidl_typesupport_fastrtps_c__visibility_control.h
[32.939s] -- Symlinking: /home/sw/manual_total _ws/install/dynamixel_interfaces/include/dynamixel_interfaces/dynamixel_interfaces/srv/detail/get_data_from_dxl__rosidl_typesupport_fastrtps_c.h
[32.946s] -- Symlinking: /home/sw/manual_total _ws/install/dynamixel_interfaces/include/dynamixel_interfaces/dynamixel_interfaces/srv/detail/reboot_dxl__rosidl_typesupport_fastrtps_c.h
[32.951s] -- Symlinking: /home/sw/manual_total _ws/install/dynamixel_interfaces/include/dynamixel_interfaces/dynamixel_interfaces/srv/detail/set_data_to_dxl__rosidl_typesupport_fastrtps_c.h
[32.958s] -- Symlinking: /home/sw/manual_total _ws/install/dynamixel_interfaces/include/dynamixel_interfaces/dynamixel_interfaces/msg/detail/dynamixel_state__builder.hpp
[32.963s] -- Symlinking: /home/sw/manual_total _ws/install/dynamixel_interfaces/include/dynamixel_interfaces/dynamixel_interfaces/msg/detail/dynamixel_state__struct.hpp
[32.971s] -- Symlinking: /home/sw/manual_total _ws/install/dynamixel_interfaces/include/dynamixel_interfaces/dynamixel_interfaces/msg/detail/dynamixel_state__traits.hpp
[32.977s] -- Symlinking: /home/sw/manual_total _ws/install/dynamixel_interfaces/include/dynamixel_interfaces/dynamixel_interfaces/msg/detail/dynamixel_state__type_support.hpp
[32.982s] -- Symlinking: /home/sw/manual_total _ws/install/dynamixel_interfaces/include/dynamixel_interfaces/dynamixel_interfaces/msg/dynamixel_state.hpp
[32.987s] -- Symlinking: /home/sw/manual_total _ws/install/dynamixel_interfaces/include/dynamixel_interfaces/dynamixel_interfaces/msg/rosidl_generator_cpp__visibility_control.hpp
[32.994s] -- Symlinking: /home/sw/manual_total _ws/install/dynamixel_interfaces/include/dynamixel_interfaces/dynamixel_interfaces/srv/detail/get_data_from_dxl__builder.hpp
[33.002s] -- Symlinking: /home/sw/manual_total _ws/install/dynamixel_interfaces/include/dynamixel_interfaces/dynamixel_interfaces/srv/detail/get_data_from_dxl__struct.hpp
[33.014s] -- Symlinking: /home/sw/manual_total _ws/install/dynamixel_interfaces/include/dynamixel_interfaces/dynamixel_interfaces/srv/detail/get_data_from_dxl__traits.hpp
[33.031s] -- Symlinking: /home/sw/manual_total _ws/install/dynamixel_interfaces/include/dynamixel_interfaces/dynamixel_interfaces/srv/detail/get_data_from_dxl__type_support.hpp
[33.045s] -- Symlinking: /home/sw/manual_total _ws/install/dynamixel_interfaces/include/dynamixel_interfaces/dynamixel_interfaces/srv/detail/reboot_dxl__builder.hpp
[33.058s] -- Symlinking: /home/sw/manual_total _ws/install/dynamixel_interfaces/include/dynamixel_interfaces/dynamixel_interfaces/srv/detail/reboot_dxl__struct.hpp
[33.076s] -- Symlinking: /home/sw/manual_total _ws/install/dynamixel_interfaces/include/dynamixel_interfaces/dynamixel_interfaces/srv/detail/reboot_dxl__traits.hpp
[33.093s] -- Symlinking: /home/sw/manual_total _ws/install/dynamixel_interfaces/include/dynamixel_interfaces/dynamixel_interfaces/srv/detail/reboot_dxl__type_support.hpp
[33.108s] -- Symlinking: /home/sw/manual_total _ws/install/dynamixel_interfaces/include/dynamixel_interfaces/dynamixel_interfaces/srv/detail/set_data_to_dxl__builder.hpp
[33.119s] -- Symlinking: /home/sw/manual_total _ws/install/dynamixel_interfaces/include/dynamixel_interfaces/dynamixel_interfaces/srv/detail/set_data_to_dxl__struct.hpp
[33.136s] -- Symlinking: /home/sw/manual_total _ws/install/dynamixel_interfaces/include/dynamixel_interfaces/dynamixel_interfaces/srv/detail/set_data_to_dxl__traits.hpp
[33.153s] -- Symlinking: /home/sw/manual_total _ws/install/dynamixel_interfaces/include/dynamixel_interfaces/dynamixel_interfaces/srv/detail/set_data_to_dxl__type_support.hpp
[33.165s] -- Symlinking: /home/sw/manual_total _ws/install/dynamixel_interfaces/include/dynamixel_interfaces/dynamixel_interfaces/srv/get_data_from_dxl.hpp
[33.180s] -- Symlinking: /home/sw/manual_total _ws/install/dynamixel_interfaces/include/dynamixel_interfaces/dynamixel_interfaces/srv/reboot_dxl.hpp
[33.189s] -- Symlinking: /home/sw/manual_total _ws/install/dynamixel_interfaces/include/dynamixel_interfaces/dynamixel_interfaces/srv/set_data_to_dxl.hpp
[33.205s] -- Symlinking: /home/sw/manual_total _ws/install/dynamixel_interfaces/include/dynamixel_interfaces/dynamixel_interfaces/msg/detail/dynamixel_state__rosidl_typesupport_fastrtps_cpp.hpp
[33.222s] -- Symlinking: /home/sw/manual_total _ws/install/dynamixel_interfaces/include/dynamixel_interfaces/dynamixel_interfaces/msg/rosidl_typesupport_fastrtps_cpp__visibility_control.h
[33.238s] -- Symlinking: /home/sw/manual_total _ws/install/dynamixel_interfaces/include/dynamixel_interfaces/dynamixel_interfaces/srv/detail/get_data_from_dxl__rosidl_typesupport_fastrtps_cpp.hpp
[33.252s] -- Symlinking: /home/sw/manual_total _ws/install/dynamixel_interfaces/include/dynamixel_interfaces/dynamixel_interfaces/srv/detail/reboot_dxl__rosidl_typesupport_fastrtps_cpp.hpp
[33.266s] -- Symlinking: /home/sw/manual_total _ws/install/dynamixel_interfaces/include/dynamixel_interfaces/dynamixel_interfaces/srv/detail/set_data_to_dxl__rosidl_typesupport_fastrtps_cpp.hpp
[33.282s] -- Symlinking: /home/sw/manual_total _ws/install/dynamixel_interfaces/include/dynamixel_interfaces/dynamixel_interfaces/msg/detail/dynamixel_state__rosidl_typesupport_introspection_c.h
[33.301s] -- Symlinking: /home/sw/manual_total _ws/install/dynamixel_interfaces/include/dynamixel_interfaces/dynamixel_interfaces/msg/rosidl_typesupport_introspection_c__visibility_control.h
[33.315s] -- Symlinking: /home/sw/manual_total _ws/install/dynamixel_interfaces/include/dynamixel_interfaces/dynamixel_interfaces/srv/detail/get_data_from_dxl__rosidl_typesupport_introspection_c.h
[33.329s] -- Symlinking: /home/sw/manual_total _ws/install/dynamixel_interfaces/include/dynamixel_interfaces/dynamixel_interfaces/srv/detail/reboot_dxl__rosidl_typesupport_introspection_c.h
[33.347s] -- Symlinking: /home/sw/manual_total _ws/install/dynamixel_interfaces/include/dynamixel_interfaces/dynamixel_interfaces/srv/detail/set_data_to_dxl__rosidl_typesupport_introspection_c.h
[33.362s] -- Symlinking: /home/sw/manual_total _ws/install/dynamixel_interfaces/include/dynamixel_interfaces/dynamixel_interfaces/msg/detail/dynamixel_state__rosidl_typesupport_introspection_cpp.hpp
[33.376s] -- Symlinking: /home/sw/manual_total _ws/install/dynamixel_interfaces/include/dynamixel_interfaces/dynamixel_interfaces/srv/detail/get_data_from_dxl__rosidl_typesupport_introspection_cpp.hpp
[33.385s] -- Symlinking: /home/sw/manual_total _ws/install/dynamixel_interfaces/include/dynamixel_interfaces/dynamixel_interfaces/srv/detail/reboot_dxl__rosidl_typesupport_introspection_cpp.hpp
[33.389s] -- Symlinking: /home/sw/manual_total _ws/install/dynamixel_interfaces/include/dynamixel_interfaces/dynamixel_interfaces/srv/detail/set_data_to_dxl__rosidl_typesupport_introspection_cpp.hpp
[33.395s] -- Symlinking: /home/sw/manual_total _ws/install/dynamixel_interfaces/share/dynamixel_interfaces/environment/pythonpath.sh
[33.402s] -- Symlinking: /home/sw/manual_total _ws/install/dynamixel_interfaces/share/dynamixel_interfaces/environment/pythonpath.dsv
[33.409s] -- Symlinking: /home/sw/manual_total _ws/install/dynamixel_interfaces/local/lib/python3.10/dist-packages/dynamixel_interfaces-1.0.1-py3.10.egg-info/PKG-INFO
[33.413s] -- Symlinking: /home/sw/manual_total _ws/install/dynamixel_interfaces/local/lib/python3.10/dist-packages/dynamixel_interfaces-1.0.1-py3.10.egg-info/SOURCES.txt
[33.419s] -- Symlinking: /home/sw/manual_total _ws/install/dynamixel_interfaces/local/lib/python3.10/dist-packages/dynamixel_interfaces-1.0.1-py3.10.egg-info/dependency_links.txt
[33.426s] -- Symlinking: /home/sw/manual_total _ws/install/dynamixel_interfaces/local/lib/python3.10/dist-packages/dynamixel_interfaces-1.0.1-py3.10.egg-info/top_level.txt
[33.433s] -- Symlinking: /home/sw/manual_total _ws/install/dynamixel_interfaces/local/lib/python3.10/dist-packages/dynamixel_interfaces/__init__.py
[33.441s] -- Symlinking: /home/sw/manual_total _ws/install/dynamixel_interfaces/local/lib/python3.10/dist-packages/dynamixel_interfaces/_dynamixel_interfaces_s.ep.rosidl_typesupport_c.c
[33.455s] -- Symlinking: /home/sw/manual_total _ws/install/dynamixel_interfaces/local/lib/python3.10/dist-packages/dynamixel_interfaces/_dynamixel_interfaces_s.ep.rosidl_typesupport_fastrtps_c.c
[33.471s] -- Symlinking: /home/sw/manual_total _ws/install/dynamixel_interfaces/local/lib/python3.10/dist-packages/dynamixel_interfaces/_dynamixel_interfaces_s.ep.rosidl_typesupport_introspection_c.c
[33.485s] -- Symlinking: /home/sw/manual_total _ws/install/dynamixel_interfaces/local/lib/python3.10/dist-packages/dynamixel_interfaces/dynamixel_interfaces_s__rosidl_typesupport_c.cpython-310-x86_64-linux-gnu.so
[33.498s] -- Symlinking: /home/sw/manual_total _ws/install/dynamixel_interfaces/local/lib/python3.10/dist-packages/dynamixel_interfaces/dynamixel_interfaces_s__rosidl_typesupport_fastrtps_c.cpython-310-x86_64-linux-gnu.so
[33.518s] -- Symlinking: /home/sw/manual_total _ws/install/dynamixel_interfaces/local/lib/python3.10/dist-packages/dynamixel_interfaces/dynamixel_interfaces_s__rosidl_typesupport_introspection_c.cpython-310-x86_64-linux-gnu.so
[33.534s] -- Symlinking: /home/sw/manual_total _ws/install/dynamixel_interfaces/local/lib/python3.10/dist-packages/dynamixel_interfaces/libdynamixel_interfaces__rosidl_generator_py.so
[33.543s] -- Symlinking: /home/sw/manual_total _ws/install/dynamixel_interfaces/local/lib/python3.10/dist-packages/dynamixel_interfaces/msg/__init__.py
[33.555s] -- Symlinking: /home/sw/manual_total _ws/install/dynamixel_interfaces/local/lib/python3.10/dist-packages/dynamixel_interfaces/msg/_dynamixel_state.py
[33.571s] -- Symlinking: /home/sw/manual_total _ws/install/dynamixel_interfaces/local/lib/python3.10/dist-packages/dynamixel_interfaces/msg/_dynamixel_state_s.c
[33.588s] -- Symlinking: /home/sw/manual_total _ws/install/dynamixel_interfaces/local/lib/python3.10/dist-packages/dynamixel_interfaces/srv/__init__.py
[33.604s] -- Symlinking: /home/sw/manual_total _ws/install/dynamixel_interfaces/local/lib/python3.10/dist-packages/dynamixel_interfaces/srv/_get_data_from_dxl.py
[33.619s] -- Symlinking: /home/sw/manual_total _ws/install/dynamixel_interfaces/local/lib/python3.10/dist-packages/dynamixel_interfaces/srv/_get_data_from_dxl_s.c
[33.630s] -- Symlinking: /home/sw/manual_total _ws/install/dynamixel_interfaces/local/lib/python3.10/dist-packages/dynamixel_interfaces/srv/_reboot_dxl.py
[33.637s] -- Symlinking: /home/sw/manual_total _ws/install/dynamixel_interfaces/local/lib/python3.10/dist-packages/dynamixel_interfaces/srv/_reboot_dxl_s.c
[33.646s] -- Symlinking: /home/sw/manual_total _ws/install/dynamixel_interfaces/local/lib/python3.10/dist-packages/dynamixel_interfaces/srv/_set_data_to_dxl.py
[33.655s] -- Symlinking: /home/sw/manual_total _ws/install/dynamixel_interfaces/local/lib/python3.10/dist-packages/dynamixel_interfaces/srv/_set_data_to_dxl_s.c
[33.666s] -- Up-to-date symlink: /home/sw/manual_total _ws/install/dynamixel_interfaces/local/lib/python3.10/dist-packages/dynamixel_interfaces/dynamixel_interfaces_s__rosidl_typesupport_fastrtps_c.cpython-310-x86_64-linux-gnu.so
[33.666s] -- Up-to-date symlink: /home/sw/manual_total _ws/install/dynamixel_interfaces/local/lib/python3.10/dist-packages/dynamixel_interfaces/dynamixel_interfaces_s__rosidl_typesupport_introspection_c.cpython-310-x86_64-linux-gnu.so
[33.666s] -- Up-to-date symlink: /home/sw/manual_total _ws/install/dynamixel_interfaces/local/lib/python3.10/dist-packages/dynamixel_interfaces/dynamixel_interfaces_s__rosidl_typesupport_c.cpython-310-x86_64-linux-gnu.so
[33.666s] -- Symlinking: /home/sw/manual_total _ws/install/dynamixel_interfaces/share/ament_index/resource_index/rust_packages/dynamixel_interfaces
[33.678s] -- Symlinking: /home/sw/manual_total _ws/install/dynamixel_interfaces/share/dynamixel_interfaces/rust/Cargo.toml
[33.689s] -- Symlinking: /home/sw/manual_total _ws/install/dynamixel_interfaces/share/dynamixel_interfaces/rust/build.rs
[33.702s] -- Symlinking: /home/sw/manual_total _ws/install/dynamixel_interfaces/share/dynamixel_interfaces/rust/src/lib.rs
[33.713s] -- Symlinking: /home/sw/manual_total _ws/install/dynamixel_interfaces/share/dynamixel_interfaces/rust/src/msg.rs
[33.721s] -- Symlinking: /home/sw/manual_total _ws/install/dynamixel_interfaces/share/dynamixel_interfaces/rust/src/msg/rmw.rs
[33.734s] -- Symlinking: /home/sw/manual_total _ws/install/dynamixel_interfaces/share/dynamixel_interfaces/rust/src/srv.rs
[33.747s] -- Symlinking: /home/sw/manual_total _ws/install/dynamixel_interfaces/share/dynamixel_interfaces/rust/src/srv/rmw.rs
[33.762s] -- Symlinking: /home/sw/manual_total _ws/install/dynamixel_interfaces/share/dynamixel_interfaces/msg/DynamixelState.idl
[33.777s] -- Symlinking: /home/sw/manual_total _ws/install/dynamixel_interfaces/share/dynamixel_interfaces/srv/GetDataFromDxl.idl
[33.793s] -- Symlinking: /home/sw/manual_total _ws/install/dynamixel_interfaces/share/dynamixel_interfaces/srv/SetDataToDxl.idl
[33.810s] -- Symlinking: /home/sw/manual_total _ws/install/dynamixel_interfaces/share/dynamixel_interfaces/srv/RebootDxl.idl
[33.828s] -- Symlinking: /home/sw/manual_total _ws/install/dynamixel_interfaces/share/dynamixel_interfaces/msg/DynamixelState.msg
[33.836s] -- Symlinking: /home/sw/manual_total _ws/install/dynamixel_interfaces/share/dynamixel_interfaces/srv/GetDataFromDxl.srv
[33.846s] -- Symlinking: /home/sw/manual_total _ws/install/dynamixel_interfaces/share/dynamixel_interfaces/srv/GetDataFromDxl_Request.msg
[33.854s] -- Symlinking: /home/sw/manual_total _ws/install/dynamixel_interfaces/share/dynamixel_interfaces/srv/GetDataFromDxl_Response.msg
[33.861s] -- Symlinking: /home/sw/manual_total _ws/install/dynamixel_interfaces/share/dynamixel_interfaces/srv/SetDataToDxl.srv
[33.870s] -- Symlinking: /home/sw/manual_total _ws/install/dynamixel_interfaces/share/dynamixel_interfaces/srv/SetDataToDxl_Request.msg
[33.877s] -- Symlinking: /home/sw/manual_total _ws/install/dynamixel_interfaces/share/dynamixel_interfaces/srv/SetDataToDxl_Response.msg
[33.883s] -- Symlinking: /home/sw/manual_total _ws/install/dynamixel_interfaces/share/dynamixel_interfaces/srv/RebootDxl.srv
[33.891s] -- Symlinking: /home/sw/manual_total _ws/install/dynamixel_interfaces/share/dynamixel_interfaces/srv/RebootDxl_Request.msg
[33.902s] -- Symlinking: /home/sw/manual_total _ws/install/dynamixel_interfaces/share/dynamixel_interfaces/srv/RebootDxl_Response.msg
[33.909s] -- Symlinking: /home/sw/manual_total _ws/install/dynamixel_interfaces/share/ament_index/resource_index/package_run_dependencies/dynamixel_interfaces
[33.916s] -- Symlinking: /home/sw/manual_total _ws/install/dynamixel_interfaces/share/ament_index/resource_index/parent_prefix_path/dynamixel_interfaces
[33.921s] -- Symlinking: /home/sw/manual_total _ws/install/dynamixel_interfaces/share/dynamixel_interfaces/environment/ament_prefix_path.sh
[33.926s] -- Symlinking: /home/sw/manual_total _ws/install/dynamixel_interfaces/share/dynamixel_interfaces/environment/ament_prefix_path.dsv
[33.933s] -- Symlinking: /home/sw/manual_total _ws/install/dynamixel_interfaces/share/dynamixel_interfaces/environment/path.sh
[33.939s] -- Symlinking: /home/sw/manual_total _ws/install/dynamixel_interfaces/share/dynamixel_interfaces/environment/path.dsv
[33.945s] -- Symlinking: /home/sw/manual_total _ws/install/dynamixel_interfaces/share/dynamixel_interfaces/local_setup.bash
[33.950s] -- Symlinking: /home/sw/manual_total _ws/install/dynamixel_interfaces/share/dynamixel_interfaces/local_setup.sh
[33.958s] -- Symlinking: /home/sw/manual_total _ws/install/dynamixel_interfaces/share/dynamixel_interfaces/local_setup.zsh
[33.969s] -- Symlinking: /home/sw/manual_total _ws/install/dynamixel_interfaces/share/dynamixel_interfaces/local_setup.dsv
[33.979s] -- Symlinking: /home/sw/manual_total _ws/install/dynamixel_interfaces/share/dynamixel_interfaces/package.dsv
[33.993s] -- Symlinking: /home/sw/manual_total _ws/install/dynamixel_interfaces/share/ament_index/resource_index/packages/dynamixel_interfaces
[34.001s] -- Symlinking: /home/sw/manual_total _ws/install/dynamixel_interfaces/share/dynamixel_interfaces/cmake/rosidl_cmake-extras.cmake
[34.011s] -- Symlinking: /home/sw/manual_total _ws/install/dynamixel_interfaces/share/dynamixel_interfaces/cmake/ament_cmake_export_dependencies-extras.cmake
[34.024s] -- Symlinking: /home/sw/manual_total _ws/install/dynamixel_interfaces/share/dynamixel_interfaces/cmake/ament_cmake_export_include_directories-extras.cmake
[34.032s] -- Symlinking: /home/sw/manual_total _ws/install/dynamixel_interfaces/share/dynamixel_interfaces/cmake/ament_cmake_export_libraries-extras.cmake
[34.045s] -- Symlinking: /home/sw/manual_total _ws/install/dynamixel_interfaces/share/dynamixel_interfaces/cmake/ament_cmake_export_targets-extras.cmake
[34.054s] -- Symlinking: /home/sw/manual_total _ws/install/dynamixel_interfaces/share/dynamixel_interfaces/cmake/rosidl_cmake_export_typesupport_targets-extras.cmake
[34.064s] -- Symlinking: /home/sw/manual_total _ws/install/dynamixel_interfaces/share/dynamixel_interfaces/cmake/rosidl_cmake_export_typesupport_libraries-extras.cmake
[34.077s] -- Symlinking: /home/sw/manual_total _ws/install/dynamixel_interfaces/share/dynamixel_interfaces/cmake/rosidl_cmake_aggregate_target-extras.cmake
[34.089s] -- Symlinking: /home/sw/manual_total _ws/install/dynamixel_interfaces/share/dynamixel_interfaces/cmake/dynamixel_interfacesConfig.cmake
[34.105s] -- Symlinking: /home/sw/manual_total _ws/install/dynamixel_interfaces/share/dynamixel_interfaces/cmake/dynamixel_interfacesConfig-version.cmake
[34.122s] -- Symlinking: /home/sw/manual_total _ws/install/dynamixel_interfaces/share/dynamixel_interfaces/package.xml
[34.135s] -- Installing: /home/sw/manual_total _ws/install/dynamixel_interfaces/lib/libdynamixel_interfaces__rosidl_generator_c.so
[34.135s] -- Set runtime path of "/home/sw/manual_total _ws/install/dynamixel_interfaces/lib/libdynamixel_interfaces__rosidl_generator_c.so" to ""
[34.135s] -- Installing: /home/sw/manual_total _ws/install/dynamixel_interfaces/lib/libdynamixel_interfaces__rosidl_typesupport_fastrtps_c.so
[34.135s] -- Set runtime path of "/home/sw/manual_total _ws/install/dynamixel_interfaces/lib/libdynamixel_interfaces__rosidl_typesupport_fastrtps_c.so" to ""
[34.135s] -- Installing: /home/sw/manual_total _ws/install/dynamixel_interfaces/lib/libdynamixel_interfaces__rosidl_typesupport_fastrtps_cpp.so
[34.135s] -- Set runtime path of "/home/sw/manual_total _ws/install/dynamixel_interfaces/lib/libdynamixel_interfaces__rosidl_typesupport_fastrtps_cpp.so" to ""
[34.136s] -- Installing: /home/sw/manual_total _ws/install/dynamixel_interfaces/lib/libdynamixel_interfaces__rosidl_typesupport_introspection_c.so
[34.136s] -- Set runtime path of "/home/sw/manual_total _ws/install/dynamixel_interfaces/lib/libdynamixel_interfaces__rosidl_typesupport_introspection_c.so" to ""
[34.136s] -- Installing: /home/sw/manual_total _ws/install/dynamixel_interfaces/lib/libdynamixel_interfaces__rosidl_typesupport_c.so
[34.136s] -- Set runtime path of "/home/sw/manual_total _ws/install/dynamixel_interfaces/lib/libdynamixel_interfaces__rosidl_typesupport_c.so" to ""
[34.136s] -- Installing: /home/sw/manual_total _ws/install/dynamixel_interfaces/lib/libdynamixel_interfaces__rosidl_typesupport_introspection_cpp.so
[34.136s] -- Set runtime path of "/home/sw/manual_total _ws/install/dynamixel_interfaces/lib/libdynamixel_interfaces__rosidl_typesupport_introspection_cpp.so" to ""
[34.136s] -- Installing: /home/sw/manual_total _ws/install/dynamixel_interfaces/lib/libdynamixel_interfaces__rosidl_typesupport_cpp.so
[34.137s] -- Set runtime path of "/home/sw/manual_total _ws/install/dynamixel_interfaces/lib/libdynamixel_interfaces__rosidl_typesupport_cpp.so" to ""
[34.184s] Listing '/home/sw/manual_total _ws/install/dynamixel_interfaces/local/lib/python3.10/dist-packages/dynamixel_interfaces'...
[34.184s] Compiling '/home/sw/manual_total _ws/install/dynamixel_interfaces/local/lib/python3.10/dist-packages/dynamixel_interfaces/__init__.py'...
[34.184s] Listing '/home/sw/manual_total _ws/install/dynamixel_interfaces/local/lib/python3.10/dist-packages/dynamixel_interfaces/msg'...
[34.184s] Compiling '/home/sw/manual_total _ws/install/dynamixel_interfaces/local/lib/python3.10/dist-packages/dynamixel_interfaces/msg/__init__.py'...
[34.184s] Compiling '/home/sw/manual_total _ws/install/dynamixel_interfaces/local/lib/python3.10/dist-packages/dynamixel_interfaces/msg/_dynamixel_state.py'...
[34.184s] Listing '/home/sw/manual_total _ws/install/dynamixel_interfaces/local/lib/python3.10/dist-packages/dynamixel_interfaces/srv'...
[34.185s] Compiling '/home/sw/manual_total _ws/install/dynamixel_interfaces/local/lib/python3.10/dist-packages/dynamixel_interfaces/srv/__init__.py'...
[34.185s] Compiling '/home/sw/manual_total _ws/install/dynamixel_interfaces/local/lib/python3.10/dist-packages/dynamixel_interfaces/srv/_get_data_from_dxl.py'...
[34.185s] Compiling '/home/sw/manual_total _ws/install/dynamixel_interfaces/local/lib/python3.10/dist-packages/dynamixel_interfaces/srv/_reboot_dxl.py'...
[34.185s] Compiling '/home/sw/manual_total _ws/install/dynamixel_interfaces/local/lib/python3.10/dist-packages/dynamixel_interfaces/srv/_set_data_to_dxl.py'...
[34.187s] -- Installing: /home/sw/manual_total _ws/install/dynamixel_interfaces/lib/libdynamixel_interfaces__rosidl_generator_py.so
[34.187s] -- Set runtime path of "/home/sw/manual_total _ws/install/dynamixel_interfaces/lib/libdynamixel_interfaces__rosidl_generator_py.so" to ""
[34.187s] -- Installing: /home/sw/manual_total _ws/install/dynamixel_interfaces/share/dynamixel_interfaces/cmake/export_dynamixel_interfaces__rosidl_generator_cExport.cmake
[34.187s] -- Installing: /home/sw/manual_total _ws/install/dynamixel_interfaces/share/dynamixel_interfaces/cmake/export_dynamixel_interfaces__rosidl_generator_cExport-noconfig.cmake
[34.187s] -- Installing: /home/sw/manual_total _ws/install/dynamixel_interfaces/share/dynamixel_interfaces/cmake/export_dynamixel_interfaces__rosidl_typesupport_fastrtps_cExport.cmake
[34.187s] -- Installing: /home/sw/manual_total _ws/install/dynamixel_interfaces/share/dynamixel_interfaces/cmake/export_dynamixel_interfaces__rosidl_typesupport_fastrtps_cExport-noconfig.cmake
[34.187s] -- Installing: /home/sw/manual_total _ws/install/dynamixel_interfaces/share/dynamixel_interfaces/cmake/export_dynamixel_interfaces__rosidl_generator_cppExport.cmake
[34.187s] -- Installing: /home/sw/manual_total _ws/install/dynamixel_interfaces/share/dynamixel_interfaces/cmake/export_dynamixel_interfaces__rosidl_typesupport_fastrtps_cppExport.cmake
[34.188s] -- Installing: /home/sw/manual_total _ws/install/dynamixel_interfaces/share/dynamixel_interfaces/cmake/export_dynamixel_interfaces__rosidl_typesupport_fastrtps_cppExport-noconfig.cmake
[34.188s] -- Installing: /home/sw/manual_total _ws/install/dynamixel_interfaces/share/dynamixel_interfaces/cmake/dynamixel_interfaces__rosidl_typesupport_introspection_cExport.cmake
[34.188s] -- Installing: /home/sw/manual_total _ws/install/dynamixel_interfaces/share/dynamixel_interfaces/cmake/dynamixel_interfaces__rosidl_typesupport_introspection_cExport-noconfig.cmake
[34.188s] -- Installing: /home/sw/manual_total _ws/install/dynamixel_interfaces/share/dynamixel_interfaces/cmake/dynamixel_interfaces__rosidl_typesupport_cExport.cmake
[34.188s] -- Installing: /home/sw/manual_total _ws/install/dynamixel_interfaces/share/dynamixel_interfaces/cmake/dynamixel_interfaces__rosidl_typesupport_cExport-noconfig.cmake
[34.188s] -- Installing: /home/sw/manual_total _ws/install/dynamixel_interfaces/share/dynamixel_interfaces/cmake/dynamixel_interfaces__rosidl_typesupport_introspection_cppExport.cmake
[34.188s] -- Installing: /home/sw/manual_total _ws/install/dynamixel_interfaces/share/dynamixel_interfaces/cmake/dynamixel_interfaces__rosidl_typesupport_introspection_cppExport-noconfig.cmake
[34.188s] -- Installing: /home/sw/manual_total _ws/install/dynamixel_interfaces/share/dynamixel_interfaces/cmake/dynamixel_interfaces__rosidl_typesupport_cppExport.cmake
[34.188s] -- Installing: /home/sw/manual_total _ws/install/dynamixel_interfaces/share/dynamixel_interfaces/cmake/dynamixel_interfaces__rosidl_typesupport_cppExport-noconfig.cmake
[34.188s] -- Installing: /home/sw/manual_total _ws/install/dynamixel_interfaces/share/dynamixel_interfaces/cmake/export_dynamixel_interfaces__rosidl_generator_pyExport.cmake
[34.188s] -- Installing: /home/sw/manual_total _ws/install/dynamixel_interfaces/share/dynamixel_interfaces/cmake/export_dynamixel_interfaces__rosidl_generator_pyExport-noconfig.cmake
[34.189s] Invoked command in '/home/sw/manual_total _ws/build/dynamixel_interfaces' returned '0': CMAKE_PREFIX_PATH=/opt/ros/humble /usr/bin/cmake --install /home/sw/manual_total _ws/build/dynamixel_interfaces
