-- The C compiler identification is GNU 11.4.0
-- The CXX compiler identification is GNU 11.4.0
-- Detecting C compiler ABI info
-- Detecting C compiler ABI info - done
-- Check for working C compiler: /usr/bin/cc - skipped
-- Detecting C compile features
-- Detecting C compile features - done
-- Detecting CXX compiler ABI info
-- Detecting CXX compiler ABI info - done
-- Check for working CXX compiler: /usr/bin/c++ - skipped
-- Detecting CXX compile features
-- Detecting CXX compile features - done
-- Found Python3: /usr/bin/python3 (found version "3.10.12") found components: Interpreter 
-- Override CMake install command with custom implementation using symlinks instead of copying resources
-- Ament CMake detected.
-- Configuring done
-- Generating done
-- Build files have been written to: /home/sw/manual_total _ws/build/myactuator_rmd
[ 33%] Building CXX object CMakeFiles/myactuator_rmd.dir/src/can/utilities.cpp.o
[ 33%] Building CXX object CMakeFiles/myactuator_rmd.dir/src/protocol/requests.cpp.o
[ 50%] Building CXX object CMakeFiles/myactuator_rmd.dir/src/actuator_interface.cpp.o
[ 66%] Building CXX object CMakeFiles/myactuator_rmd.dir/src/can/node.cpp.o
[ 83%] Building CXX object CMakeFiles/myactuator_rmd.dir/src/protocol/responses.cpp.o
[100%] Linking CXX shared library libmyactuator_rmd.so
[100%] Built target myactuator_rmd
-- Install configuration: ""
-- Execute custom install script
-- Symlinking: /home/sw/manual_total _ws/install/myactuator_rmd/include//myactuator_rmd/actuator_constants.hpp
-- Symlinking: /home/sw/manual_total _ws/install/myactuator_rmd/include//myactuator_rmd/actuator_interface.hpp
-- Symlinking: /home/sw/manual_total _ws/install/myactuator_rmd/include//myactuator_rmd/actuator_state/acceleration_type.hpp
-- Symlinking: /home/sw/manual_total _ws/install/myactuator_rmd/include//myactuator_rmd/actuator_state/can_baud_rate.hpp
-- Symlinking: /home/sw/manual_total _ws/install/myactuator_rmd/include//myactuator_rmd/actuator_state/control_mode.hpp
-- Symlinking: /home/sw/manual_total _ws/install/myactuator_rmd/include//myactuator_rmd/actuator_state/error_code.hpp
-- Symlinking: /home/sw/manual_total _ws/install/myactuator_rmd/include//myactuator_rmd/actuator_state/feedback.hpp
-- Symlinking: /home/sw/manual_total _ws/install/myactuator_rmd/include//myactuator_rmd/actuator_state/gains.hpp
-- Symlinking: /home/sw/manual_total _ws/install/myactuator_rmd/include//myactuator_rmd/actuator_state/motor_status_1.hpp
-- Symlinking: /home/sw/manual_total _ws/install/myactuator_rmd/include//myactuator_rmd/actuator_state/motor_status_2.hpp
-- Symlinking: /home/sw/manual_total _ws/install/myactuator_rmd/include//myactuator_rmd/actuator_state/motor_status_3.hpp
-- Symlinking: /home/sw/manual_total _ws/install/myactuator_rmd/include//myactuator_rmd/can/exceptions.hpp
-- Symlinking: /home/sw/manual_total _ws/install/myactuator_rmd/include//myactuator_rmd/can/frame.hpp
-- Symlinking: /home/sw/manual_total _ws/install/myactuator_rmd/include//myactuator_rmd/can/node.hpp
-- Symlinking: /home/sw/manual_total _ws/install/myactuator_rmd/include//myactuator_rmd/can/utilities.hpp
-- Symlinking: /home/sw/manual_total _ws/install/myactuator_rmd/include//myactuator_rmd/driver/can_address_offset.hpp
-- Symlinking: /home/sw/manual_total _ws/install/myactuator_rmd/include//myactuator_rmd/driver/can_driver.hpp
-- Symlinking: /home/sw/manual_total _ws/install/myactuator_rmd/include//myactuator_rmd/driver/can_node.hpp
-- Symlinking: /home/sw/manual_total _ws/install/myactuator_rmd/include//myactuator_rmd/driver/driver.hpp
-- Symlinking: /home/sw/manual_total _ws/install/myactuator_rmd/include//myactuator_rmd/exceptions.hpp
-- Symlinking: /home/sw/manual_total _ws/install/myactuator_rmd/include//myactuator_rmd/io.hpp
-- Symlinking: /home/sw/manual_total _ws/install/myactuator_rmd/include//myactuator_rmd/myactuator_rmd.hpp
-- Symlinking: /home/sw/manual_total _ws/install/myactuator_rmd/include//myactuator_rmd/protocol/command_type.hpp
-- Symlinking: /home/sw/manual_total _ws/install/myactuator_rmd/include//myactuator_rmd/protocol/message.hpp
-- Symlinking: /home/sw/manual_total _ws/install/myactuator_rmd/include//myactuator_rmd/protocol/requests.hpp
-- Symlinking: /home/sw/manual_total _ws/install/myactuator_rmd/include//myactuator_rmd/protocol/responses.hpp
-- Symlinking: /home/sw/manual_total _ws/install/myactuator_rmd/include//myactuator_rmd/protocol/single_motor_message.hpp
-- Symlinking: /home/sw/manual_total _ws/install/myactuator_rmd/include//myactuator_rmd/version.hpp
-- Symlinking: /home/sw/manual_total _ws/install/myactuator_rmd/share/myactuator_rmd/environment/library_path.sh
-- Symlinking: /home/sw/manual_total _ws/install/myactuator_rmd/share/myactuator_rmd/environment/library_path.dsv
-- Symlinking: /home/sw/manual_total _ws/install/myactuator_rmd/share/ament_index/resource_index/package_run_dependencies/myactuator_rmd
-- Symlinking: /home/sw/manual_total _ws/install/myactuator_rmd/share/ament_index/resource_index/parent_prefix_path/myactuator_rmd
-- Symlinking: /home/sw/manual_total _ws/install/myactuator_rmd/share/myactuator_rmd/environment/ament_prefix_path.sh
-- Symlinking: /home/sw/manual_total _ws/install/myactuator_rmd/share/myactuator_rmd/environment/ament_prefix_path.dsv
-- Symlinking: /home/sw/manual_total _ws/install/myactuator_rmd/share/myactuator_rmd/environment/path.sh
-- Symlinking: /home/sw/manual_total _ws/install/myactuator_rmd/share/myactuator_rmd/environment/path.dsv
-- Symlinking: /home/sw/manual_total _ws/install/myactuator_rmd/share/myactuator_rmd/local_setup.bash
-- Symlinking: /home/sw/manual_total _ws/install/myactuator_rmd/share/myactuator_rmd/local_setup.sh
-- Symlinking: /home/sw/manual_total _ws/install/myactuator_rmd/share/myactuator_rmd/local_setup.zsh
-- Symlinking: /home/sw/manual_total _ws/install/myactuator_rmd/share/myactuator_rmd/local_setup.dsv
-- Symlinking: /home/sw/manual_total _ws/install/myactuator_rmd/share/myactuator_rmd/package.dsv
-- Symlinking: /home/sw/manual_total _ws/install/myactuator_rmd/share/ament_index/resource_index/packages/myactuator_rmd
-- Symlinking: /home/sw/manual_total _ws/install/myactuator_rmd/share/myactuator_rmd/cmake/ament_cmake_export_targets-extras.cmake
-- Symlinking: /home/sw/manual_total _ws/install/myactuator_rmd/share/myactuator_rmd/cmake/myactuator_rmdConfig.cmake
-- Symlinking: /home/sw/manual_total _ws/install/myactuator_rmd/share/myactuator_rmd/cmake/myactuator_rmdConfig-version.cmake
-- Symlinking: /home/sw/manual_total _ws/install/myactuator_rmd/share/myactuator_rmd/package.xml
-- Installing: /home/sw/manual_total _ws/install/myactuator_rmd/lib/libmyactuator_rmd.so
-- Installing: /home/sw/manual_total _ws/install/myactuator_rmd/share/myactuator_rmd/cmake/myactuator_rmdTargetsExport.cmake
-- Installing: /home/sw/manual_total _ws/install/myactuator_rmd/share/myactuator_rmd/cmake/myactuator_rmdTargetsExport-noconfig.cmake
