[0.010s] Invoking command in '/home/sw/manual_total _ws/build/robot_arm_bringup': AMENT_PREFIX_PATH=/home/sw/manual_total _ws/install/robot_arm_description:/home/sw/manual_total _ws/install/myactuator_rmd_hardware:/home/sw/manual_total _ws/install/myactuator_rmd:${AMENT_PREFIX_PATH} CMAKE_PREFIX_PATH=/home/sw/manual_total _ws/install/robot_arm_description:/home/sw/manual_total _ws/install/myactuator_rmd_hardware:/home/sw/manual_total _ws/install/myactuator_rmd:/home/sw/manipulator_ws/src/install/robot_arm_bringup:/home/sw/manipulator_ws/src/install/robot_arm_description:/home/sw/manipulator_ws/src/install/army_manipulator_bringup:/home/sw/manipulator_ws/src/install/army_manipulator_moveit_config:/home/sw/manipulator_ws/src/install/army_manipulator_description:/opt/ros/humble LD_LIBRARY_PATH=/home/sw/manual_total _ws/install/myactuator_rmd_hardware/lib:/home/sw/manual_total _ws/install/myactuator_rmd/lib:${LD_LIBRARY_PATH} /usr/bin/cmake --build /home/sw/manual_total _ws/build/robot_arm_bringup -- -j24 -l24
[0.060s] Invoked command in '/home/sw/manual_total _ws/build/robot_arm_bringup' returned '0': AMENT_PREFIX_PATH=/home/sw/manual_total _ws/install/robot_arm_description:/home/sw/manual_total _ws/install/myactuator_rmd_hardware:/home/sw/manual_total _ws/install/myactuator_rmd:${AMENT_PREFIX_PATH} CMAKE_PREFIX_PATH=/home/sw/manual_total _ws/install/robot_arm_description:/home/sw/manual_total _ws/install/myactuator_rmd_hardware:/home/sw/manual_total _ws/install/myactuator_rmd:/home/sw/manipulator_ws/src/install/robot_arm_bringup:/home/sw/manipulator_ws/src/install/robot_arm_description:/home/sw/manipulator_ws/src/install/army_manipulator_bringup:/home/sw/manipulator_ws/src/install/army_manipulator_moveit_config:/home/sw/manipulator_ws/src/install/army_manipulator_description:/opt/ros/humble LD_LIBRARY_PATH=/home/sw/manual_total _ws/install/myactuator_rmd_hardware/lib:/home/sw/manual_total _ws/install/myactuator_rmd/lib:${LD_LIBRARY_PATH} /usr/bin/cmake --build /home/sw/manual_total _ws/build/robot_arm_bringup -- -j24 -l24
[0.062s] Invoking command in '/home/sw/manual_total _ws/build/robot_arm_bringup': AMENT_PREFIX_PATH=/home/sw/manual_total _ws/install/robot_arm_description:/home/sw/manual_total _ws/install/myactuator_rmd_hardware:/home/sw/manual_total _ws/install/myactuator_rmd:${AMENT_PREFIX_PATH} CMAKE_PREFIX_PATH=/home/sw/manual_total _ws/install/robot_arm_description:/home/sw/manual_total _ws/install/myactuator_rmd_hardware:/home/sw/manual_total _ws/install/myactuator_rmd:/home/sw/manipulator_ws/src/install/robot_arm_bringup:/home/sw/manipulator_ws/src/install/robot_arm_description:/home/sw/manipulator_ws/src/install/army_manipulator_bringup:/home/sw/manipulator_ws/src/install/army_manipulator_moveit_config:/home/sw/manipulator_ws/src/install/army_manipulator_description:/opt/ros/humble LD_LIBRARY_PATH=/home/sw/manual_total _ws/install/myactuator_rmd_hardware/lib:/home/sw/manual_total _ws/install/myactuator_rmd/lib:${LD_LIBRARY_PATH} /usr/bin/cmake --install /home/sw/manual_total _ws/build/robot_arm_bringup
[0.070s] -- Install configuration: ""
[0.070s] -- Execute custom install script
[0.070s] -- Up-to-date symlink: /home/sw/manual_total _ws/install/robot_arm_bringup/share/robot_arm_bringup/launch/__pycache__/manual_total_control.launch.cpython-310.pyc
[0.071s] -- Up-to-date symlink: /home/sw/manual_total _ws/install/robot_arm_bringup/share/robot_arm_bringup/launch/__pycache__/robot_arm_rmd_control.launch.cpython-310.pyc
[0.071s] -- Up-to-date symlink: /home/sw/manual_total _ws/install/robot_arm_bringup/share/robot_arm_bringup/launch/manual_total_control.launch.py
[0.071s] -- Up-to-date symlink: /home/sw/manual_total _ws/install/robot_arm_bringup/share/robot_arm_bringup/launch/robot_arm_rmd_control.launch.py
[0.071s] -- Up-to-date symlink: /home/sw/manual_total _ws/install/robot_arm_bringup/lib/robot_arm_bringup/manual_3axis_position_node.py
[0.071s] -- Up-to-date symlink: /home/sw/manual_total _ws/install/robot_arm_bringup/lib/robot_arm_bringup/manual_total_position_node.py
[0.071s] -- Up-to-date symlink: /home/sw/manual_total _ws/install/robot_arm_bringup/share/ament_index/resource_index/package_run_dependencies/robot_arm_bringup
[0.071s] -- Up-to-date symlink: /home/sw/manual_total _ws/install/robot_arm_bringup/share/ament_index/resource_index/parent_prefix_path/robot_arm_bringup
[0.071s] -- Up-to-date symlink: /home/sw/manual_total _ws/install/robot_arm_bringup/share/robot_arm_bringup/environment/ament_prefix_path.sh
[0.071s] -- Up-to-date symlink: /home/sw/manual_total _ws/install/robot_arm_bringup/share/robot_arm_bringup/environment/ament_prefix_path.dsv
[0.072s] -- Up-to-date symlink: /home/sw/manual_total _ws/install/robot_arm_bringup/share/robot_arm_bringup/environment/path.sh
[0.072s] -- Up-to-date symlink: /home/sw/manual_total _ws/install/robot_arm_bringup/share/robot_arm_bringup/environment/path.dsv
[0.072s] -- Up-to-date symlink: /home/sw/manual_total _ws/install/robot_arm_bringup/share/robot_arm_bringup/local_setup.bash
[0.072s] -- Up-to-date symlink: /home/sw/manual_total _ws/install/robot_arm_bringup/share/robot_arm_bringup/local_setup.sh
[0.072s] -- Up-to-date symlink: /home/sw/manual_total _ws/install/robot_arm_bringup/share/robot_arm_bringup/local_setup.zsh
[0.072s] -- Up-to-date symlink: /home/sw/manual_total _ws/install/robot_arm_bringup/share/robot_arm_bringup/local_setup.dsv
[0.072s] -- Symlinking: /home/sw/manual_total _ws/install/robot_arm_bringup/share/robot_arm_bringup/package.dsv
[0.083s] -- Up-to-date symlink: /home/sw/manual_total _ws/install/robot_arm_bringup/share/ament_index/resource_index/packages/robot_arm_bringup
[0.083s] -- Up-to-date symlink: /home/sw/manual_total _ws/install/robot_arm_bringup/share/robot_arm_bringup/cmake/robot_arm_bringupConfig.cmake
[0.083s] -- Up-to-date symlink: /home/sw/manual_total _ws/install/robot_arm_bringup/share/robot_arm_bringup/cmake/robot_arm_bringupConfig-version.cmake
[0.083s] -- Up-to-date symlink: /home/sw/manual_total _ws/install/robot_arm_bringup/share/robot_arm_bringup/package.xml
[0.085s] Invoked command in '/home/sw/manual_total _ws/build/robot_arm_bringup' returned '0': AMENT_PREFIX_PATH=/home/sw/manual_total _ws/install/robot_arm_description:/home/sw/manual_total _ws/install/myactuator_rmd_hardware:/home/sw/manual_total _ws/install/myactuator_rmd:${AMENT_PREFIX_PATH} CMAKE_PREFIX_PATH=/home/sw/manual_total _ws/install/robot_arm_description:/home/sw/manual_total _ws/install/myactuator_rmd_hardware:/home/sw/manual_total _ws/install/myactuator_rmd:/home/sw/manipulator_ws/src/install/robot_arm_bringup:/home/sw/manipulator_ws/src/install/robot_arm_description:/home/sw/manipulator_ws/src/install/army_manipulator_bringup:/home/sw/manipulator_ws/src/install/army_manipulator_moveit_config:/home/sw/manipulator_ws/src/install/army_manipulator_description:/opt/ros/humble LD_LIBRARY_PATH=/home/sw/manual_total _ws/install/myactuator_rmd_hardware/lib:/home/sw/manual_total _ws/install/myactuator_rmd/lib:${LD_LIBRARY_PATH} /usr/bin/cmake --install /home/sw/manual_total _ws/build/robot_arm_bringup
