[0.012s] Invoking command in '/home/sw/manual_total _ws/build/robot_arm_description': AMENT_PREFIX_PATH=/home/sw/manual_total _ws/install/myactuator_rmd_hardware:/home/sw/manual_total _ws/install/myactuator_rmd:${AMENT_PREFIX_PATH} CMAKE_PREFIX_PATH=/home/sw/manual_total _ws/install/myactuator_rmd_hardware:/home/sw/manual_total _ws/install/myactuator_rmd:/home/sw/manipulator_ws/src/install/robot_arm_bringup:/home/sw/manipulator_ws/src/install/robot_arm_description:/home/sw/manipulator_ws/src/install/army_manipulator_bringup:/home/sw/manipulator_ws/src/install/army_manipulator_moveit_config:/home/sw/manipulator_ws/src/install/army_manipulator_description:/opt/ros/humble LD_LIBRARY_PATH=/home/sw/manual_total _ws/install/myactuator_rmd_hardware/lib:/home/sw/manual_total _ws/install/myactuator_rmd/lib:${LD_LIBRARY_PATH} /usr/bin/cmake --build /home/sw/manual_total _ws/build/robot_arm_description -- -j24 -l24
[0.052s] Invoked command in '/home/sw/manual_total _ws/build/robot_arm_description' returned '0': AMENT_PREFIX_PATH=/home/sw/manual_total _ws/install/myactuator_rmd_hardware:/home/sw/manual_total _ws/install/myactuator_rmd:${AMENT_PREFIX_PATH} CMAKE_PREFIX_PATH=/home/sw/manual_total _ws/install/myactuator_rmd_hardware:/home/sw/manual_total _ws/install/myactuator_rmd:/home/sw/manipulator_ws/src/install/robot_arm_bringup:/home/sw/manipulator_ws/src/install/robot_arm_description:/home/sw/manipulator_ws/src/install/army_manipulator_bringup:/home/sw/manipulator_ws/src/install/army_manipulator_moveit_config:/home/sw/manipulator_ws/src/install/army_manipulator_description:/opt/ros/humble LD_LIBRARY_PATH=/home/sw/manual_total _ws/install/myactuator_rmd_hardware/lib:/home/sw/manual_total _ws/install/myactuator_rmd/lib:${LD_LIBRARY_PATH} /usr/bin/cmake --build /home/sw/manual_total _ws/build/robot_arm_description -- -j24 -l24
[0.062s] Invoking command in '/home/sw/manual_total _ws/build/robot_arm_description': AMENT_PREFIX_PATH=/home/sw/manual_total _ws/install/myactuator_rmd_hardware:/home/sw/manual_total _ws/install/myactuator_rmd:${AMENT_PREFIX_PATH} CMAKE_PREFIX_PATH=/home/sw/manual_total _ws/install/myactuator_rmd_hardware:/home/sw/manual_total _ws/install/myactuator_rmd:/home/sw/manipulator_ws/src/install/robot_arm_bringup:/home/sw/manipulator_ws/src/install/robot_arm_description:/home/sw/manipulator_ws/src/install/army_manipulator_bringup:/home/sw/manipulator_ws/src/install/army_manipulator_moveit_config:/home/sw/manipulator_ws/src/install/army_manipulator_description:/opt/ros/humble LD_LIBRARY_PATH=/home/sw/manual_total _ws/install/myactuator_rmd_hardware/lib:/home/sw/manual_total _ws/install/myactuator_rmd/lib:${LD_LIBRARY_PATH} /usr/bin/cmake --install /home/sw/manual_total _ws/build/robot_arm_description
[0.070s] -- Install configuration: ""
[0.071s] -- Execute custom install script
[0.071s] -- Up-to-date symlink: /home/sw/manual_total _ws/install/robot_arm_description/share/robot_arm_description/config/manual_total_controllers.yaml
[0.071s] -- Up-to-date symlink: /home/sw/manual_total _ws/install/robot_arm_description/share/robot_arm_description/config/robot_arm_rmd_controllers.yaml
[0.071s] -- Up-to-date symlink: /home/sw/manual_total _ws/install/robot_arm_description/share/robot_arm_description/launch/__pycache__/robot_arm.launch.cpython-310.pyc
[0.071s] -- Up-to-date symlink: /home/sw/manual_total _ws/install/robot_arm_description/share/robot_arm_description/launch/robot_arm.launch.py
[0.071s] -- Up-to-date symlink: /home/sw/manual_total _ws/install/robot_arm_description/share/robot_arm_description/urdf/manual_total_robot.urdf.xacro
[0.071s] -- Up-to-date symlink: /home/sw/manual_total _ws/install/robot_arm_description/share/robot_arm_description/urdf/test_urdf.urdf.xacro
[0.072s] -- Up-to-date symlink: /home/sw/manual_total _ws/install/robot_arm_description/share/ament_index/resource_index/package_run_dependencies/robot_arm_description
[0.072s] -- Up-to-date symlink: /home/sw/manual_total _ws/install/robot_arm_description/share/ament_index/resource_index/parent_prefix_path/robot_arm_description
[0.072s] -- Up-to-date symlink: /home/sw/manual_total _ws/install/robot_arm_description/share/robot_arm_description/environment/ament_prefix_path.sh
[0.072s] -- Up-to-date symlink: /home/sw/manual_total _ws/install/robot_arm_description/share/robot_arm_description/environment/ament_prefix_path.dsv
[0.072s] -- Up-to-date symlink: /home/sw/manual_total _ws/install/robot_arm_description/share/robot_arm_description/environment/path.sh
[0.072s] -- Up-to-date symlink: /home/sw/manual_total _ws/install/robot_arm_description/share/robot_arm_description/environment/path.dsv
[0.072s] -- Up-to-date symlink: /home/sw/manual_total _ws/install/robot_arm_description/share/robot_arm_description/local_setup.bash
[0.072s] -- Up-to-date symlink: /home/sw/manual_total _ws/install/robot_arm_description/share/robot_arm_description/local_setup.sh
[0.072s] -- Up-to-date symlink: /home/sw/manual_total _ws/install/robot_arm_description/share/robot_arm_description/local_setup.zsh
[0.072s] -- Up-to-date symlink: /home/sw/manual_total _ws/install/robot_arm_description/share/robot_arm_description/local_setup.dsv
[0.072s] -- Symlinking: /home/sw/manual_total _ws/install/robot_arm_description/share/robot_arm_description/package.dsv
[0.080s] -- Up-to-date symlink: /home/sw/manual_total _ws/install/robot_arm_description/share/ament_index/resource_index/packages/robot_arm_description
[0.080s] -- Up-to-date symlink: /home/sw/manual_total _ws/install/robot_arm_description/share/robot_arm_description/cmake/robot_arm_descriptionConfig.cmake
[0.080s] -- Up-to-date symlink: /home/sw/manual_total _ws/install/robot_arm_description/share/robot_arm_description/cmake/robot_arm_descriptionConfig-version.cmake
[0.080s] -- Up-to-date symlink: /home/sw/manual_total _ws/install/robot_arm_description/share/robot_arm_description/package.xml
[0.083s] Invoked command in '/home/sw/manual_total _ws/build/robot_arm_description' returned '0': AMENT_PREFIX_PATH=/home/sw/manual_total _ws/install/myactuator_rmd_hardware:/home/sw/manual_total _ws/install/myactuator_rmd:${AMENT_PREFIX_PATH} CMAKE_PREFIX_PATH=/home/sw/manual_total _ws/install/myactuator_rmd_hardware:/home/sw/manual_total _ws/install/myactuator_rmd:/home/sw/manipulator_ws/src/install/robot_arm_bringup:/home/sw/manipulator_ws/src/install/robot_arm_description:/home/sw/manipulator_ws/src/install/army_manipulator_bringup:/home/sw/manipulator_ws/src/install/army_manipulator_moveit_config:/home/sw/manipulator_ws/src/install/army_manipulator_description:/opt/ros/humble LD_LIBRARY_PATH=/home/sw/manual_total _ws/install/myactuator_rmd_hardware/lib:/home/sw/manual_total _ws/install/myactuator_rmd/lib:${LD_LIBRARY_PATH} /usr/bin/cmake --install /home/sw/manual_total _ws/build/robot_arm_description
