[0.063s] DEBUG:colcon:Command line arguments: ['/usr/bin/colcon', 'build', '--cmake-args', '-D', 'PYTHON_BINDINGS=on', '-D', 'BUILD_TESTING=on']
[0.063s] DEBUG:colcon:Parsed command line arguments: Namespace(log_base=None, log_level=None, verb_name='build', build_base='build', install_base='install', merge_install=False, symlink_install=False, test_result_base=None, continue_on_error=False, executor='parallel', parallel_workers=24, event_handlers=None, ignore_user_meta=False, metas=['./colcon.meta'], base_paths=['.'], packages_ignore=None, packages_ignore_regex=None, paths=None, packages_up_to=None, packages_up_to_regex=None, packages_above=None, packages_above_and_dependencies=None, packages_above_depth=None, packages_select_by_dep=None, packages_skip_by_dep=None, packages_skip_up_to=None, packages_select_build_failed=False, packages_skip_build_finished=False, packages_select_test_failures=False, packages_skip_test_passed=False, packages_select=None, packages_skip=None, packages_select_regex=None, packages_skip_regex=None, packages_start=None, packages_end=None, allow_overriding=[], cmake_args=['-D', 'PYTHON_BINDINGS=on', '-D', 'BUILD_TESTING=on'], cmake_target=None, cmake_target_skip_unavailable=False, cmake_clean_cache=False, cmake_clean_first=False, cmake_force_configure=False, ament_cmake_args=None, catkin_cmake_args=None, catkin_skip_building_tests=False, verb_parser=<colcon_defaults.argument_parser.defaults.DefaultArgumentsDecorator object at 0x73d9a3ddbc70>, verb_extension=<colcon_core.verb.build.BuildVerb object at 0x73d9a3f71720>, main=<bound method BuildVerb.main of <colcon_core.verb.build.BuildVerb object at 0x73d9a3f71720>>)
[0.130s] Level 1:colcon.colcon_core.package_discovery:discover_packages(colcon_meta) check parameters
[0.130s] Level 1:colcon.colcon_core.package_discovery:discover_packages(recursive) check parameters
[0.130s] Level 1:colcon.colcon_core.package_discovery:discover_packages(ignore) check parameters
[0.130s] Level 1:colcon.colcon_core.package_discovery:discover_packages(path) check parameters
[0.130s] Level 1:colcon.colcon_core.package_discovery:discover_packages(colcon_meta) discover
[0.130s] Level 1:colcon.colcon_core.package_discovery:discover_packages(recursive) discover
[0.130s] INFO:colcon.colcon_core.package_discovery:Crawling recursively for packages in '/home/sw/SDK-240913/myactuator_rmd-main'
[0.130s] Level 1:colcon.colcon_core.package_identification:_identify(.) by extensions ['ignore', 'ignore_ament_install']
[0.130s] Level 1:colcon.colcon_core.package_identification:_identify(.) by extension 'ignore'
[0.130s] Level 1:colcon.colcon_core.package_identification:_identify(.) by extension 'ignore_ament_install'
[0.130s] Level 1:colcon.colcon_core.package_identification:_identify(.) by extensions ['colcon_pkg']
[0.130s] Level 1:colcon.colcon_core.package_identification:_identify(.) by extension 'colcon_pkg'
[0.130s] Level 1:colcon.colcon_core.package_identification:_identify(.) by extensions ['colcon_meta']
[0.130s] Level 1:colcon.colcon_core.package_identification:_identify(.) by extension 'colcon_meta'
[0.130s] Level 1:colcon.colcon_core.package_identification:_identify(.) by extensions ['ros']
[0.130s] Level 1:colcon.colcon_core.package_identification:_identify(.) by extension 'ros'
[0.137s] DEBUG:colcon.colcon_core.package_identification:Package '.' with type 'ros.ament_cmake' and name 'myactuator_rmd'
[0.137s] Level 1:colcon.colcon_core.package_discovery:discover_packages(recursive) using defaults
[0.137s] Level 1:colcon.colcon_core.package_discovery:discover_packages(ignore) discover
[0.137s] Level 1:colcon.colcon_core.package_discovery:discover_packages(ignore) using defaults
[0.137s] Level 1:colcon.colcon_core.package_discovery:discover_packages(path) discover
[0.137s] Level 1:colcon.colcon_core.package_discovery:discover_packages(path) using defaults
[0.148s] Level 1:colcon.colcon_core.package_discovery:discover_packages(prefix_path) check parameters
[0.148s] Level 1:colcon.colcon_core.package_discovery:discover_packages(prefix_path) discover
[0.149s] DEBUG:colcon.colcon_installed_package_information.package_discovery:Found 223 installed packages in /opt/ros/humble
[0.154s] Level 1:colcon.colcon_core.package_discovery:discover_packages(prefix_path) using defaults
[0.166s] Level 5:colcon.colcon_core.verb:set package 'myactuator_rmd' build argument 'cmake_args' from command line to '['-D', 'PYTHON_BINDINGS=on', '-D', 'BUILD_TESTING=on']'
[0.166s] Level 5:colcon.colcon_core.verb:set package 'myactuator_rmd' build argument 'cmake_target' from command line to 'None'
[0.166s] Level 5:colcon.colcon_core.verb:set package 'myactuator_rmd' build argument 'cmake_target_skip_unavailable' from command line to 'False'
[0.166s] Level 5:colcon.colcon_core.verb:set package 'myactuator_rmd' build argument 'cmake_clean_cache' from command line to 'False'
[0.166s] Level 5:colcon.colcon_core.verb:set package 'myactuator_rmd' build argument 'cmake_clean_first' from command line to 'False'
[0.166s] Level 5:colcon.colcon_core.verb:set package 'myactuator_rmd' build argument 'cmake_force_configure' from command line to 'False'
[0.166s] Level 5:colcon.colcon_core.verb:set package 'myactuator_rmd' build argument 'ament_cmake_args' from command line to 'None'
[0.166s] Level 5:colcon.colcon_core.verb:set package 'myactuator_rmd' build argument 'catkin_cmake_args' from command line to 'None'
[0.166s] Level 5:colcon.colcon_core.verb:set package 'myactuator_rmd' build argument 'catkin_skip_building_tests' from command line to 'False'
[0.166s] DEBUG:colcon.colcon_core.verb:Building package 'myactuator_rmd' with the following arguments: {'ament_cmake_args': None, 'build_base': '/home/sw/SDK-240913/myactuator_rmd-main/build/myactuator_rmd', 'catkin_cmake_args': None, 'catkin_skip_building_tests': False, 'cmake_args': ['-D', 'PYTHON_BINDINGS=on', '-D', 'BUILD_TESTING=on'], 'cmake_clean_cache': False, 'cmake_clean_first': False, 'cmake_force_configure': False, 'cmake_target': None, 'cmake_target_skip_unavailable': False, 'install_base': '/home/sw/SDK-240913/myactuator_rmd-main/install/myactuator_rmd', 'merge_install': False, 'path': '/home/sw/SDK-240913/myactuator_rmd-main', 'symlink_install': False, 'test_result_base': None}
[0.166s] INFO:colcon.colcon_core.executor:Executing jobs using 'parallel' executor
[0.167s] DEBUG:colcon.colcon_parallel_executor.executor.parallel:run_until_complete
[0.167s] INFO:colcon.colcon_ros.task.ament_cmake.build:Building ROS package in '/home/sw/SDK-240913/myactuator_rmd-main' with build type 'ament_cmake'
[0.167s] INFO:colcon.colcon_cmake.task.cmake.build:Building CMake package in '/home/sw/SDK-240913/myactuator_rmd-main'
[0.169s] INFO:colcon.colcon_core.plugin_system:Skipping extension 'colcon_core.shell.bat': Not used on non-Windows systems
[0.169s] INFO:colcon.colcon_core.shell:Skip shell extension 'powershell' for command environment: Not usable outside of PowerShell
[0.169s] DEBUG:colcon.colcon_core.shell:Skip shell extension 'dsv' for command environment
[0.173s] DEBUG:colcon.colcon_core.event_handler.log_command:Invoking command in '/home/sw/SDK-240913/myactuator_rmd-main/build/myactuator_rmd': CMAKE_PREFIX_PATH=/opt/ros/humble /usr/bin/cmake /home/sw/SDK-240913/myactuator_rmd-main -D PYTHON_BINDINGS=on -D BUILD_TESTING=on -DCMAKE_INSTALL_PREFIX=/home/sw/SDK-240913/myactuator_rmd-main/install/myactuator_rmd
[1.309s] DEBUG:colcon.colcon_core.event_handler.log_command:Invoked command in '/home/sw/SDK-240913/myactuator_rmd-main/build/myactuator_rmd' returned '1': CMAKE_PREFIX_PATH=/opt/ros/humble /usr/bin/cmake /home/sw/SDK-240913/myactuator_rmd-main -D PYTHON_BINDINGS=on -D BUILD_TESTING=on -DCMAKE_INSTALL_PREFIX=/home/sw/SDK-240913/myactuator_rmd-main/install/myactuator_rmd
[1.317s] Level 1:colcon.colcon_core.environment:create_environment_scripts_only(myactuator_rmd)
[1.320s] Level 1:colcon.colcon_core.environment:checking '/home/sw/SDK-240913/myactuator_rmd-main/install/myactuator_rmd' for CMake module files
[1.321s] Level 1:colcon.colcon_core.environment:checking '/home/sw/SDK-240913/myactuator_rmd-main/install/myactuator_rmd' for CMake config files
[1.321s] Level 1:colcon.colcon_core.environment:checking '/home/sw/SDK-240913/myactuator_rmd-main/install/myactuator_rmd/bin'
[1.321s] Level 1:colcon.colcon_core.environment:checking '/home/sw/SDK-240913/myactuator_rmd-main/install/myactuator_rmd/lib/pkgconfig/myactuator_rmd.pc'
[1.322s] Level 1:colcon.colcon_core.environment:checking '/home/sw/SDK-240913/myactuator_rmd-main/install/myactuator_rmd/lib/python3.10/site-packages'
[1.322s] Level 1:colcon.colcon_core.environment:checking '/home/sw/SDK-240913/myactuator_rmd-main/install/myactuator_rmd/bin'
[1.322s] INFO:colcon.colcon_core.shell:Creating package script '/home/sw/SDK-240913/myactuator_rmd-main/install/myactuator_rmd/share/myactuator_rmd/package.ps1'
[1.323s] INFO:colcon.colcon_core.shell:Creating package descriptor '/home/sw/SDK-240913/myactuator_rmd-main/install/myactuator_rmd/share/myactuator_rmd/package.dsv'
[1.324s] INFO:colcon.colcon_core.shell:Creating package script '/home/sw/SDK-240913/myactuator_rmd-main/install/myactuator_rmd/share/myactuator_rmd/package.sh'
[1.324s] INFO:colcon.colcon_core.shell:Creating package script '/home/sw/SDK-240913/myactuator_rmd-main/install/myactuator_rmd/share/myactuator_rmd/package.bash'
[1.325s] INFO:colcon.colcon_core.shell:Creating package script '/home/sw/SDK-240913/myactuator_rmd-main/install/myactuator_rmd/share/myactuator_rmd/package.zsh'
[1.325s] Level 1:colcon.colcon_core.environment:create_file_with_runtime_dependencies(/home/sw/SDK-240913/myactuator_rmd-main/install/myactuator_rmd/share/colcon-core/packages/myactuator_rmd)
[1.335s] DEBUG:colcon.colcon_parallel_executor.executor.parallel:closing loop
[1.336s] DEBUG:colcon.colcon_parallel_executor.executor.parallel:loop closed
[1.336s] DEBUG:colcon.colcon_parallel_executor.executor.parallel:run_until_complete finished with '1'
[1.336s] DEBUG:colcon.colcon_core.event_reactor:joining thread
[1.347s] INFO:colcon.colcon_core.plugin_system:Skipping extension 'colcon_notification.desktop_notification.terminal_notifier': Not used on non-Darwin systems
[1.347s] INFO:colcon.colcon_core.plugin_system:Skipping extension 'colcon_notification.desktop_notification.win32': Not used on non-Windows systems
[1.347s] INFO:colcon.colcon_notification.desktop_notification:Sending desktop notification using 'notify2'
[1.363s] DEBUG:colcon.colcon_core.event_reactor:joined thread
[1.363s] INFO:colcon.colcon_core.shell:Creating prefix script '/home/sw/SDK-240913/myactuator_rmd-main/install/local_setup.ps1'
[1.365s] INFO:colcon.colcon_core.shell:Creating prefix util module '/home/sw/SDK-240913/myactuator_rmd-main/install/_local_setup_util_ps1.py'
[1.366s] INFO:colcon.colcon_core.shell:Creating prefix chain script '/home/sw/SDK-240913/myactuator_rmd-main/install/setup.ps1'
[1.367s] INFO:colcon.colcon_core.shell:Creating prefix script '/home/sw/SDK-240913/myactuator_rmd-main/install/local_setup.sh'
[1.368s] INFO:colcon.colcon_core.shell:Creating prefix util module '/home/sw/SDK-240913/myactuator_rmd-main/install/_local_setup_util_sh.py'
[1.369s] INFO:colcon.colcon_core.shell:Creating prefix chain script '/home/sw/SDK-240913/myactuator_rmd-main/install/setup.sh'
[1.369s] INFO:colcon.colcon_core.shell:Creating prefix script '/home/sw/SDK-240913/myactuator_rmd-main/install/local_setup.bash'
[1.370s] INFO:colcon.colcon_core.shell:Creating prefix chain script '/home/sw/SDK-240913/myactuator_rmd-main/install/setup.bash'
[1.371s] INFO:colcon.colcon_core.shell:Creating prefix script '/home/sw/SDK-240913/myactuator_rmd-main/install/local_setup.zsh'
[1.371s] INFO:colcon.colcon_core.shell:Creating prefix chain script '/home/sw/SDK-240913/myactuator_rmd-main/install/setup.zsh'
