[0.062s] DEBUG:colcon:Command line arguments: ['/usr/bin/colcon', 'build', '--base-paths', 'rmd/src', '--packages-select', 'robot_arm_bringup', '--symlink-install']
[0.062s] DEBUG:colcon:Parsed command line arguments: Namespace(log_base=None, log_level=None, verb_name='build', build_base='build', install_base='install', merge_install=False, symlink_install=True, test_result_base=None, continue_on_error=False, executor='parallel', parallel_workers=24, event_handlers=None, ignore_user_meta=False, metas=['./colcon.meta'], base_paths=['rmd/src'], packages_ignore=None, packages_ignore_regex=None, paths=None, packages_up_to=None, packages_up_to_regex=None, packages_above=None, packages_above_and_dependencies=None, packages_above_depth=None, packages_select_by_dep=None, packages_skip_by_dep=None, packages_skip_up_to=None, packages_select_build_failed=False, packages_skip_build_finished=False, packages_select_test_failures=False, packages_skip_test_passed=False, packages_select=['robot_arm_bringup'], packages_skip=None, packages_select_regex=None, packages_skip_regex=None, packages_start=None, packages_end=None, allow_overriding=[], cmake_args=None, cmake_target=None, cmake_target_skip_unavailable=False, cmake_clean_cache=False, cmake_clean_first=False, cmake_force_configure=False, ament_cmake_args=None, catkin_cmake_args=None, catkin_skip_building_tests=False, verb_parser=<colcon_defaults.argument_parser.defaults.DefaultArgumentsDecorator object at 0x7b78a3961ed0>, verb_extension=<colcon_core.verb.build.BuildVerb object at 0x7b78a3961330>, main=<bound method BuildVerb.main of <colcon_core.verb.build.BuildVerb object at 0x7b78a3961330>>)
[0.150s] Level 1:colcon.colcon_core.package_discovery:discover_packages(colcon_meta) check parameters
[0.150s] Level 1:colcon.colcon_core.package_discovery:discover_packages(recursive) check parameters
[0.150s] Level 1:colcon.colcon_core.package_discovery:discover_packages(ignore) check parameters
[0.150s] Level 1:colcon.colcon_core.package_discovery:discover_packages(path) check parameters
[0.150s] Level 1:colcon.colcon_core.package_discovery:discover_packages(recursive) discover
[0.150s] INFO:colcon.colcon_core.package_discovery:Crawling recursively for packages in '/home/sw/manual_total _ws/rmd/src'
[0.150s] Level 1:colcon.colcon_core.package_identification:_identify(rmd/src) by extensions ['ignore', 'ignore_ament_install']
[0.150s] Level 1:colcon.colcon_core.package_identification:_identify(rmd/src) by extension 'ignore'
[0.150s] Level 1:colcon.colcon_core.package_identification:_identify(rmd/src) by extension 'ignore_ament_install'
[0.150s] Level 1:colcon.colcon_core.package_identification:_identify(rmd/src) by extensions ['colcon_pkg']
[0.150s] Level 1:colcon.colcon_core.package_identification:_identify(rmd/src) by extension 'colcon_pkg'
[0.150s] Level 1:colcon.colcon_core.package_identification:_identify(rmd/src) by extensions ['colcon_meta']
[0.150s] Level 1:colcon.colcon_core.package_identification:_identify(rmd/src) by extension 'colcon_meta'
[0.150s] Level 1:colcon.colcon_core.package_identification:_identify(rmd/src) by extensions ['ros']
[0.150s] Level 1:colcon.colcon_core.package_identification:_identify(rmd/src) by extension 'ros'
[0.157s] Level 1:colcon.colcon_core.package_identification:_identify(rmd/src) by extensions ['cmake', 'python']
[0.157s] Level 1:colcon.colcon_core.package_identification:_identify(rmd/src) by extension 'cmake'
[0.157s] Level 1:colcon.colcon_core.package_identification:_identify(rmd/src) by extension 'python'
[0.157s] Level 1:colcon.colcon_core.package_identification:_identify(rmd/src) by extensions ['python_setup_py']
[0.157s] Level 1:colcon.colcon_core.package_identification:_identify(rmd/src) by extension 'python_setup_py'
[0.158s] Level 1:colcon.colcon_core.package_identification:_identify(rmd/src/myactuator_rmd) by extensions ['ignore', 'ignore_ament_install']
[0.158s] Level 1:colcon.colcon_core.package_identification:_identify(rmd/src/myactuator_rmd) by extension 'ignore'
[0.158s] Level 1:colcon.colcon_core.package_identification:_identify(rmd/src/myactuator_rmd) by extension 'ignore_ament_install'
[0.158s] Level 1:colcon.colcon_core.package_identification:_identify(rmd/src/myactuator_rmd) by extensions ['colcon_pkg']
[0.158s] Level 1:colcon.colcon_core.package_identification:_identify(rmd/src/myactuator_rmd) by extension 'colcon_pkg'
[0.158s] Level 1:colcon.colcon_core.package_identification:_identify(rmd/src/myactuator_rmd) by extensions ['colcon_meta']
[0.158s] Level 1:colcon.colcon_core.package_identification:_identify(rmd/src/myactuator_rmd) by extension 'colcon_meta'
[0.158s] Level 1:colcon.colcon_core.package_identification:_identify(rmd/src/myactuator_rmd) by extensions ['ros']
[0.158s] Level 1:colcon.colcon_core.package_identification:_identify(rmd/src/myactuator_rmd) by extension 'ros'
[0.159s] DEBUG:colcon.colcon_core.package_identification:Package 'rmd/src/myactuator_rmd' with type 'ros.ament_cmake' and name 'myactuator_rmd'
[0.159s] Level 1:colcon.colcon_core.package_identification:_identify(rmd/src/myactuator_rmd_hardware) by extensions ['ignore', 'ignore_ament_install']
[0.160s] Level 1:colcon.colcon_core.package_identification:_identify(rmd/src/myactuator_rmd_hardware) by extension 'ignore'
[0.160s] Level 1:colcon.colcon_core.package_identification:_identify(rmd/src/myactuator_rmd_hardware) by extension 'ignore_ament_install'
[0.160s] Level 1:colcon.colcon_core.package_identification:_identify(rmd/src/myactuator_rmd_hardware) by extensions ['colcon_pkg']
[0.160s] Level 1:colcon.colcon_core.package_identification:_identify(rmd/src/myactuator_rmd_hardware) by extension 'colcon_pkg'
[0.160s] Level 1:colcon.colcon_core.package_identification:_identify(rmd/src/myactuator_rmd_hardware) by extensions ['colcon_meta']
[0.160s] Level 1:colcon.colcon_core.package_identification:_identify(rmd/src/myactuator_rmd_hardware) by extension 'colcon_meta'
[0.160s] Level 1:colcon.colcon_core.package_identification:_identify(rmd/src/myactuator_rmd_hardware) by extensions ['ros']
[0.160s] Level 1:colcon.colcon_core.package_identification:_identify(rmd/src/myactuator_rmd_hardware) by extension 'ros'
[0.160s] DEBUG:colcon.colcon_core.package_identification:Package 'rmd/src/myactuator_rmd_hardware' with type 'ros.ament_cmake' and name 'myactuator_rmd_hardware'
[0.160s] Level 1:colcon.colcon_core.package_identification:_identify(rmd/src/robot_arm_bringup) by extensions ['ignore', 'ignore_ament_install']
[0.160s] Level 1:colcon.colcon_core.package_identification:_identify(rmd/src/robot_arm_bringup) by extension 'ignore'
[0.160s] Level 1:colcon.colcon_core.package_identification:_identify(rmd/src/robot_arm_bringup) by extension 'ignore_ament_install'
[0.161s] Level 1:colcon.colcon_core.package_identification:_identify(rmd/src/robot_arm_bringup) by extensions ['colcon_pkg']
[0.161s] Level 1:colcon.colcon_core.package_identification:_identify(rmd/src/robot_arm_bringup) by extension 'colcon_pkg'
[0.161s] Level 1:colcon.colcon_core.package_identification:_identify(rmd/src/robot_arm_bringup) by extensions ['colcon_meta']
[0.161s] Level 1:colcon.colcon_core.package_identification:_identify(rmd/src/robot_arm_bringup) by extension 'colcon_meta'
[0.161s] Level 1:colcon.colcon_core.package_identification:_identify(rmd/src/robot_arm_bringup) by extensions ['ros']
[0.161s] Level 1:colcon.colcon_core.package_identification:_identify(rmd/src/robot_arm_bringup) by extension 'ros'
[0.161s] DEBUG:colcon.colcon_core.package_identification:Package 'rmd/src/robot_arm_bringup' with type 'ros.ament_cmake' and name 'robot_arm_bringup'
[0.161s] Level 1:colcon.colcon_core.package_identification:_identify(rmd/src/robot_arm_description) by extensions ['ignore', 'ignore_ament_install']
[0.161s] Level 1:colcon.colcon_core.package_identification:_identify(rmd/src/robot_arm_description) by extension 'ignore'
[0.161s] Level 1:colcon.colcon_core.package_identification:_identify(rmd/src/robot_arm_description) by extension 'ignore_ament_install'
[0.161s] Level 1:colcon.colcon_core.package_identification:_identify(rmd/src/robot_arm_description) by extensions ['colcon_pkg']
[0.161s] Level 1:colcon.colcon_core.package_identification:_identify(rmd/src/robot_arm_description) by extension 'colcon_pkg'
[0.161s] Level 1:colcon.colcon_core.package_identification:_identify(rmd/src/robot_arm_description) by extensions ['colcon_meta']
[0.161s] Level 1:colcon.colcon_core.package_identification:_identify(rmd/src/robot_arm_description) by extension 'colcon_meta'
[0.161s] Level 1:colcon.colcon_core.package_identification:_identify(rmd/src/robot_arm_description) by extensions ['ros']
[0.161s] Level 1:colcon.colcon_core.package_identification:_identify(rmd/src/robot_arm_description) by extension 'ros'
[0.162s] DEBUG:colcon.colcon_core.package_identification:Package 'rmd/src/robot_arm_description' with type 'ros.ament_cmake' and name 'robot_arm_description'
[0.162s] Level 1:colcon.colcon_core.package_discovery:discover_packages(recursive) using defaults
[0.181s] INFO:colcon.colcon_core.package_selection:Skipping not selected package 'myactuator_rmd' in 'rmd/src/myactuator_rmd'
[0.181s] INFO:colcon.colcon_core.package_selection:Skipping not selected package 'myactuator_rmd_hardware' in 'rmd/src/myactuator_rmd_hardware'
[0.181s] INFO:colcon.colcon_core.package_selection:Skipping not selected package 'robot_arm_description' in 'rmd/src/robot_arm_description'
[0.181s] Level 1:colcon.colcon_core.package_discovery:discover_packages(prefix_path) check parameters
[0.181s] Level 1:colcon.colcon_core.package_discovery:discover_packages(prefix_path) discover
[0.182s] DEBUG:colcon.colcon_installed_package_information.package_discovery:Found 6 installed packages in /home/sw/manual_total _ws/install
[0.183s] DEBUG:colcon.colcon_installed_package_information.package_discovery:Found 277 installed packages in /opt/ros/humble
[0.184s] Level 1:colcon.colcon_core.package_discovery:discover_packages(prefix_path) using defaults
[0.203s] Level 5:colcon.colcon_core.verb:set package 'robot_arm_bringup' build argument 'cmake_args' from command line to 'None'
[0.203s] Level 5:colcon.colcon_core.verb:set package 'robot_arm_bringup' build argument 'cmake_target' from command line to 'None'
[0.203s] Level 5:colcon.colcon_core.verb:set package 'robot_arm_bringup' build argument 'cmake_target_skip_unavailable' from command line to 'False'
[0.203s] Level 5:colcon.colcon_core.verb:set package 'robot_arm_bringup' build argument 'cmake_clean_cache' from command line to 'False'
[0.203s] Level 5:colcon.colcon_core.verb:set package 'robot_arm_bringup' build argument 'cmake_clean_first' from command line to 'False'
[0.203s] Level 5:colcon.colcon_core.verb:set package 'robot_arm_bringup' build argument 'cmake_force_configure' from command line to 'False'
[0.203s] Level 5:colcon.colcon_core.verb:set package 'robot_arm_bringup' build argument 'ament_cmake_args' from command line to 'None'
[0.203s] Level 5:colcon.colcon_core.verb:set package 'robot_arm_bringup' build argument 'catkin_cmake_args' from command line to 'None'
[0.203s] Level 5:colcon.colcon_core.verb:set package 'robot_arm_bringup' build argument 'catkin_skip_building_tests' from command line to 'False'
[0.203s] DEBUG:colcon.colcon_core.verb:Building package 'robot_arm_bringup' with the following arguments: {'ament_cmake_args': None, 'build_base': '/home/sw/manual_total _ws/build/robot_arm_bringup', 'catkin_cmake_args': None, 'catkin_skip_building_tests': False, 'cmake_args': None, 'cmake_clean_cache': False, 'cmake_clean_first': False, 'cmake_force_configure': False, 'cmake_target': None, 'cmake_target_skip_unavailable': False, 'install_base': '/home/sw/manual_total _ws/install/robot_arm_bringup', 'merge_install': False, 'path': '/home/sw/manual_total _ws/rmd/src/robot_arm_bringup', 'symlink_install': True, 'test_result_base': None}
[0.203s] INFO:colcon.colcon_core.executor:Executing jobs using 'parallel' executor
[0.204s] DEBUG:colcon.colcon_parallel_executor.executor.parallel:run_until_complete
[0.211s] INFO:colcon.colcon_ros.task.ament_cmake.build:Building ROS package in '/home/sw/manual_total _ws/rmd/src/robot_arm_bringup' with build type 'ament_cmake'
[0.212s] INFO:colcon.colcon_cmake.task.cmake.build:Building CMake package in '/home/sw/manual_total _ws/rmd/src/robot_arm_bringup'
[0.213s] INFO:colcon.colcon_core.plugin_system:Skipping extension 'colcon_core.shell.bat': Not used on non-Windows systems
[0.213s] INFO:colcon.colcon_core.shell:Skip shell extension 'powershell' for command environment: Not usable outside of PowerShell
[0.213s] DEBUG:colcon.colcon_core.shell:Skip shell extension 'dsv' for command environment
[0.227s] DEBUG:colcon.colcon_core.event_handler.log_command:Invoking command in '/home/sw/manual_total _ws/build/robot_arm_bringup': CMAKE_PREFIX_PATH=/home/sw/manual_total _ws/install/robot_arm_description:/home/sw/manual_total _ws/install/myactuator_rmd_hardware:/home/sw/manual_total _ws/install/myactuator_rmd:/home/sw/manual_total _ws/install/robot_arm_bringup:/home/sw/manual_total _ws/install/dynamixel_interfaces:/home/sw/manual_total _ws/install/dynamixel_hardware_interface_example:/opt/ros/humble /usr/bin/cmake --build /home/sw/manual_total _ws/build/robot_arm_bringup -- -j24 -l24
[0.424s] DEBUG:colcon.colcon_core.event_handler.log_command:Invoked command in '/home/sw/manual_total _ws/build/robot_arm_bringup' returned '0': CMAKE_PREFIX_PATH=/home/sw/manual_total _ws/install/robot_arm_description:/home/sw/manual_total _ws/install/myactuator_rmd_hardware:/home/sw/manual_total _ws/install/myactuator_rmd:/home/sw/manual_total _ws/install/robot_arm_bringup:/home/sw/manual_total _ws/install/dynamixel_interfaces:/home/sw/manual_total _ws/install/dynamixel_hardware_interface_example:/opt/ros/humble /usr/bin/cmake --build /home/sw/manual_total _ws/build/robot_arm_bringup -- -j24 -l24
[0.433s] DEBUG:colcon.colcon_core.event_handler.log_command:Invoking command in '/home/sw/manual_total _ws/build/robot_arm_bringup': CMAKE_PREFIX_PATH=/home/sw/manual_total _ws/install/robot_arm_description:/home/sw/manual_total _ws/install/myactuator_rmd_hardware:/home/sw/manual_total _ws/install/myactuator_rmd:/home/sw/manual_total _ws/install/robot_arm_bringup:/home/sw/manual_total _ws/install/dynamixel_interfaces:/home/sw/manual_total _ws/install/dynamixel_hardware_interface_example:/opt/ros/humble /usr/bin/cmake --install /home/sw/manual_total _ws/build/robot_arm_bringup
[0.467s] Level 1:colcon.colcon_core.environment:create_environment_scripts_only(robot_arm_bringup)
[0.469s] DEBUG:colcon.colcon_core.event_handler.log_command:Invoked command in '/home/sw/manual_total _ws/build/robot_arm_bringup' returned '0': CMAKE_PREFIX_PATH=/home/sw/manual_total _ws/install/robot_arm_description:/home/sw/manual_total _ws/install/myactuator_rmd_hardware:/home/sw/manual_total _ws/install/myactuator_rmd:/home/sw/manual_total _ws/install/robot_arm_bringup:/home/sw/manual_total _ws/install/dynamixel_interfaces:/home/sw/manual_total _ws/install/dynamixel_hardware_interface_example:/opt/ros/humble /usr/bin/cmake --install /home/sw/manual_total _ws/build/robot_arm_bringup
[0.473s] Level 1:colcon.colcon_core.environment:checking '/home/sw/manual_total _ws/install/robot_arm_bringup' for CMake module files
[0.474s] Level 1:colcon.colcon_core.environment:checking '/home/sw/manual_total _ws/install/robot_arm_bringup' for CMake config files
[0.475s] Level 1:colcon.colcon_core.shell:create_environment_hook('robot_arm_bringup', 'cmake_prefix_path')
[0.475s] INFO:colcon.colcon_core.shell:Creating environment hook '/home/sw/manual_total _ws/install/robot_arm_bringup/share/robot_arm_bringup/hook/cmake_prefix_path.ps1'
[0.476s] INFO:colcon.colcon_core.shell:Creating environment descriptor '/home/sw/manual_total _ws/install/robot_arm_bringup/share/robot_arm_bringup/hook/cmake_prefix_path.dsv'
[0.477s] INFO:colcon.colcon_core.shell:Creating environment hook '/home/sw/manual_total _ws/install/robot_arm_bringup/share/robot_arm_bringup/hook/cmake_prefix_path.sh'
[0.479s] Level 1:colcon.colcon_core.environment:checking '/home/sw/manual_total _ws/install/robot_arm_bringup/lib'
[0.479s] Level 1:colcon.colcon_core.environment:checking '/home/sw/manual_total _ws/install/robot_arm_bringup/bin'
[0.479s] Level 1:colcon.colcon_core.environment:checking '/home/sw/manual_total _ws/install/robot_arm_bringup/lib/pkgconfig/robot_arm_bringup.pc'
[0.480s] Level 1:colcon.colcon_core.environment:checking '/home/sw/manual_total _ws/install/robot_arm_bringup/lib/python3.10/site-packages'
[0.480s] Level 1:colcon.colcon_core.environment:checking '/home/sw/manual_total _ws/install/robot_arm_bringup/bin'
[0.481s] INFO:colcon.colcon_core.shell:Creating package script '/home/sw/manual_total _ws/install/robot_arm_bringup/share/robot_arm_bringup/package.ps1'
[0.483s] INFO:colcon.colcon_core.shell:Creating package descriptor '/home/sw/manual_total _ws/install/robot_arm_bringup/share/robot_arm_bringup/package.dsv'
[0.484s] INFO:colcon.colcon_core.shell:Creating package script '/home/sw/manual_total _ws/install/robot_arm_bringup/share/robot_arm_bringup/package.sh'
[0.485s] INFO:colcon.colcon_core.shell:Creating package script '/home/sw/manual_total _ws/install/robot_arm_bringup/share/robot_arm_bringup/package.bash'
[0.486s] INFO:colcon.colcon_core.shell:Creating package script '/home/sw/manual_total _ws/install/robot_arm_bringup/share/robot_arm_bringup/package.zsh'
[0.486s] Level 1:colcon.colcon_core.environment:create_file_with_runtime_dependencies(/home/sw/manual_total _ws/install/robot_arm_bringup/share/colcon-core/packages/robot_arm_bringup)
[0.487s] Level 1:colcon.colcon_core.environment:create_environment_scripts_only(robot_arm_bringup)
[0.487s] Level 1:colcon.colcon_core.environment:checking '/home/sw/manual_total _ws/install/robot_arm_bringup' for CMake module files
[0.488s] Level 1:colcon.colcon_core.environment:checking '/home/sw/manual_total _ws/install/robot_arm_bringup' for CMake config files
[0.488s] Level 1:colcon.colcon_core.shell:create_environment_hook('robot_arm_bringup', 'cmake_prefix_path')
[0.488s] INFO:colcon.colcon_core.shell:Creating environment hook '/home/sw/manual_total _ws/install/robot_arm_bringup/share/robot_arm_bringup/hook/cmake_prefix_path.ps1'
[0.489s] INFO:colcon.colcon_core.shell:Creating environment descriptor '/home/sw/manual_total _ws/install/robot_arm_bringup/share/robot_arm_bringup/hook/cmake_prefix_path.dsv'
[0.489s] INFO:colcon.colcon_core.shell:Creating environment hook '/home/sw/manual_total _ws/install/robot_arm_bringup/share/robot_arm_bringup/hook/cmake_prefix_path.sh'
[0.489s] Level 1:colcon.colcon_core.environment:checking '/home/sw/manual_total _ws/install/robot_arm_bringup/lib'
[0.489s] Level 1:colcon.colcon_core.environment:checking '/home/sw/manual_total _ws/install/robot_arm_bringup/bin'
[0.489s] Level 1:colcon.colcon_core.environment:checking '/home/sw/manual_total _ws/install/robot_arm_bringup/lib/pkgconfig/robot_arm_bringup.pc'
[0.490s] Level 1:colcon.colcon_core.environment:checking '/home/sw/manual_total _ws/install/robot_arm_bringup/lib/python3.10/site-packages'
[0.490s] Level 1:colcon.colcon_core.environment:checking '/home/sw/manual_total _ws/install/robot_arm_bringup/bin'
[0.490s] INFO:colcon.colcon_core.shell:Creating package script '/home/sw/manual_total _ws/install/robot_arm_bringup/share/robot_arm_bringup/package.ps1'
[0.491s] INFO:colcon.colcon_core.shell:Creating package descriptor '/home/sw/manual_total _ws/install/robot_arm_bringup/share/robot_arm_bringup/package.dsv'
[0.491s] INFO:colcon.colcon_core.shell:Creating package script '/home/sw/manual_total _ws/install/robot_arm_bringup/share/robot_arm_bringup/package.sh'
[0.491s] INFO:colcon.colcon_core.shell:Creating package script '/home/sw/manual_total _ws/install/robot_arm_bringup/share/robot_arm_bringup/package.bash'
[0.491s] INFO:colcon.colcon_core.shell:Creating package script '/home/sw/manual_total _ws/install/robot_arm_bringup/share/robot_arm_bringup/package.zsh'
[0.492s] Level 1:colcon.colcon_core.environment:create_file_with_runtime_dependencies(/home/sw/manual_total _ws/install/robot_arm_bringup/share/colcon-core/packages/robot_arm_bringup)
[0.492s] DEBUG:colcon.colcon_parallel_executor.executor.parallel:closing loop
[0.492s] DEBUG:colcon.colcon_parallel_executor.executor.parallel:loop closed
[0.492s] DEBUG:colcon.colcon_parallel_executor.executor.parallel:run_until_complete finished with '0'
[0.492s] DEBUG:colcon.colcon_core.event_reactor:joining thread
[0.499s] INFO:colcon.colcon_core.plugin_system:Skipping extension 'colcon_notification.desktop_notification.terminal_notifier': Not used on non-Darwin systems
[0.499s] INFO:colcon.colcon_core.plugin_system:Skipping extension 'colcon_notification.desktop_notification.win32': Not used on non-Windows systems
[0.499s] INFO:colcon.colcon_notification.desktop_notification:Sending desktop notification using 'notify2'
[0.499s] DEBUG:colcon.colcon_notification.desktop_notification.notify2:Failed to initialize notify2: org.freedesktop.DBus.Error.AccessDenied: Failed to connect to socket /run/user/1000/bus: Operation not permitted
[0.499s] DEBUG:colcon.colcon_core.event_reactor:joined thread
[0.500s] INFO:colcon.colcon_core.shell:Creating prefix script '/home/sw/manual_total _ws/install/local_setup.ps1'
[0.501s] INFO:colcon.colcon_core.shell:Creating prefix util module '/home/sw/manual_total _ws/install/_local_setup_util_ps1.py'
[0.502s] INFO:colcon.colcon_core.shell:Creating prefix chain script '/home/sw/manual_total _ws/install/setup.ps1'
[0.503s] INFO:colcon.colcon_core.shell:Creating prefix script '/home/sw/manual_total _ws/install/local_setup.sh'
[0.503s] INFO:colcon.colcon_core.shell:Creating prefix util module '/home/sw/manual_total _ws/install/_local_setup_util_sh.py'
[0.504s] INFO:colcon.colcon_core.shell:Creating prefix chain script '/home/sw/manual_total _ws/install/setup.sh'
[0.505s] INFO:colcon.colcon_core.shell:Creating prefix script '/home/sw/manual_total _ws/install/local_setup.bash'
[0.505s] INFO:colcon.colcon_core.shell:Creating prefix chain script '/home/sw/manual_total _ws/install/setup.bash'
[0.506s] INFO:colcon.colcon_core.shell:Creating prefix script '/home/sw/manual_total _ws/install/local_setup.zsh'
[0.506s] INFO:colcon.colcon_core.shell:Creating prefix chain script '/home/sw/manual_total _ws/install/setup.zsh'
