[0.051s] DEBUG:colcon:Command line arguments: ['/usr/bin/colcon', 'build', '--base-paths', 'rmd/src', '--packages-up-to', 'robot_arm_bringup', '--symlink-install']
[0.051s] DEBUG:colcon:Parsed command line arguments: Namespace(log_base=None, log_level=None, verb_name='build', build_base='build', install_base='install', merge_install=False, symlink_install=True, test_result_base=None, continue_on_error=False, executor='parallel', parallel_workers=24, event_handlers=None, ignore_user_meta=False, metas=['./colcon.meta'], base_paths=['rmd/src'], packages_ignore=None, packages_ignore_regex=None, paths=None, packages_up_to=['robot_arm_bringup'], packages_up_to_regex=None, packages_above=None, packages_above_and_dependencies=None, packages_above_depth=None, packages_select_by_dep=None, packages_skip_by_dep=None, packages_skip_up_to=None, packages_select_build_failed=False, packages_skip_build_finished=False, packages_select_test_failures=False, packages_skip_test_passed=False, packages_select=None, packages_skip=None, packages_select_regex=None, packages_skip_regex=None, packages_start=None, packages_end=None, allow_overriding=[], cmake_args=None, cmake_target=None, cmake_target_skip_unavailable=False, cmake_clean_cache=False, cmake_clean_first=False, cmake_force_configure=False, ament_cmake_args=None, catkin_cmake_args=None, catkin_skip_building_tests=False, verb_parser=<colcon_defaults.argument_parser.defaults.DefaultArgumentsDecorator object at 0x721937741ea0>, verb_extension=<colcon_core.verb.build.BuildVerb object at 0x721937741300>, main=<bound method BuildVerb.main of <colcon_core.verb.build.BuildVerb object at 0x721937741300>>)
[0.125s] Level 1:colcon.colcon_core.package_discovery:discover_packages(colcon_meta) check parameters
[0.125s] Level 1:colcon.colcon_core.package_discovery:discover_packages(recursive) check parameters
[0.125s] Level 1:colcon.colcon_core.package_discovery:discover_packages(ignore) check parameters
[0.125s] Level 1:colcon.colcon_core.package_discovery:discover_packages(path) check parameters
[0.125s] Level 1:colcon.colcon_core.package_discovery:discover_packages(recursive) discover
[0.126s] INFO:colcon.colcon_core.package_discovery:Crawling recursively for packages in '/home/sw/manual_total _ws/rmd/src'
[0.126s] Level 1:colcon.colcon_core.package_identification:_identify(rmd/src) by extensions ['ignore', 'ignore_ament_install']
[0.126s] Level 1:colcon.colcon_core.package_identification:_identify(rmd/src) by extension 'ignore'
[0.126s] Level 1:colcon.colcon_core.package_identification:_identify(rmd/src) by extension 'ignore_ament_install'
[0.126s] Level 1:colcon.colcon_core.package_identification:_identify(rmd/src) by extensions ['colcon_pkg']
[0.126s] Level 1:colcon.colcon_core.package_identification:_identify(rmd/src) by extension 'colcon_pkg'
[0.126s] Level 1:colcon.colcon_core.package_identification:_identify(rmd/src) by extensions ['colcon_meta']
[0.126s] Level 1:colcon.colcon_core.package_identification:_identify(rmd/src) by extension 'colcon_meta'
[0.126s] Level 1:colcon.colcon_core.package_identification:_identify(rmd/src) by extensions ['ros']
[0.126s] Level 1:colcon.colcon_core.package_identification:_identify(rmd/src) by extension 'ros'
[0.132s] Level 1:colcon.colcon_core.package_identification:_identify(rmd/src) by extensions ['cmake', 'python']
[0.132s] Level 1:colcon.colcon_core.package_identification:_identify(rmd/src) by extension 'cmake'
[0.132s] Level 1:colcon.colcon_core.package_identification:_identify(rmd/src) by extension 'python'
[0.132s] Level 1:colcon.colcon_core.package_identification:_identify(rmd/src) by extensions ['python_setup_py']
[0.132s] Level 1:colcon.colcon_core.package_identification:_identify(rmd/src) by extension 'python_setup_py'
[0.132s] Level 1:colcon.colcon_core.package_identification:_identify(rmd/src/myactuator_rmd) by extensions ['ignore', 'ignore_ament_install']
[0.132s] Level 1:colcon.colcon_core.package_identification:_identify(rmd/src/myactuator_rmd) by extension 'ignore'
[0.132s] Level 1:colcon.colcon_core.package_identification:_identify(rmd/src/myactuator_rmd) by extension 'ignore_ament_install'
[0.132s] Level 1:colcon.colcon_core.package_identification:_identify(rmd/src/myactuator_rmd) by extensions ['colcon_pkg']
[0.132s] Level 1:colcon.colcon_core.package_identification:_identify(rmd/src/myactuator_rmd) by extension 'colcon_pkg'
[0.132s] Level 1:colcon.colcon_core.package_identification:_identify(rmd/src/myactuator_rmd) by extensions ['colcon_meta']
[0.132s] Level 1:colcon.colcon_core.package_identification:_identify(rmd/src/myactuator_rmd) by extension 'colcon_meta'
[0.132s] Level 1:colcon.colcon_core.package_identification:_identify(rmd/src/myactuator_rmd) by extensions ['ros']
[0.132s] Level 1:colcon.colcon_core.package_identification:_identify(rmd/src/myactuator_rmd) by extension 'ros'
[0.133s] DEBUG:colcon.colcon_core.package_identification:Package 'rmd/src/myactuator_rmd' with type 'ros.ament_cmake' and name 'myactuator_rmd'
[0.134s] Level 1:colcon.colcon_core.package_identification:_identify(rmd/src/myactuator_rmd_hardware) by extensions ['ignore', 'ignore_ament_install']
[0.134s] Level 1:colcon.colcon_core.package_identification:_identify(rmd/src/myactuator_rmd_hardware) by extension 'ignore'
[0.134s] Level 1:colcon.colcon_core.package_identification:_identify(rmd/src/myactuator_rmd_hardware) by extension 'ignore_ament_install'
[0.134s] Level 1:colcon.colcon_core.package_identification:_identify(rmd/src/myactuator_rmd_hardware) by extensions ['colcon_pkg']
[0.134s] Level 1:colcon.colcon_core.package_identification:_identify(rmd/src/myactuator_rmd_hardware) by extension 'colcon_pkg'
[0.134s] Level 1:colcon.colcon_core.package_identification:_identify(rmd/src/myactuator_rmd_hardware) by extensions ['colcon_meta']
[0.134s] Level 1:colcon.colcon_core.package_identification:_identify(rmd/src/myactuator_rmd_hardware) by extension 'colcon_meta'
[0.134s] Level 1:colcon.colcon_core.package_identification:_identify(rmd/src/myactuator_rmd_hardware) by extensions ['ros']
[0.134s] Level 1:colcon.colcon_core.package_identification:_identify(rmd/src/myactuator_rmd_hardware) by extension 'ros'
[0.134s] DEBUG:colcon.colcon_core.package_identification:Package 'rmd/src/myactuator_rmd_hardware' with type 'ros.ament_cmake' and name 'myactuator_rmd_hardware'
[0.134s] Level 1:colcon.colcon_core.package_identification:_identify(rmd/src/robot_arm_bringup) by extensions ['ignore', 'ignore_ament_install']
[0.134s] Level 1:colcon.colcon_core.package_identification:_identify(rmd/src/robot_arm_bringup) by extension 'ignore'
[0.134s] Level 1:colcon.colcon_core.package_identification:_identify(rmd/src/robot_arm_bringup) by extension 'ignore_ament_install'
[0.134s] Level 1:colcon.colcon_core.package_identification:_identify(rmd/src/robot_arm_bringup) by extensions ['colcon_pkg']
[0.134s] Level 1:colcon.colcon_core.package_identification:_identify(rmd/src/robot_arm_bringup) by extension 'colcon_pkg'
[0.134s] Level 1:colcon.colcon_core.package_identification:_identify(rmd/src/robot_arm_bringup) by extensions ['colcon_meta']
[0.134s] Level 1:colcon.colcon_core.package_identification:_identify(rmd/src/robot_arm_bringup) by extension 'colcon_meta'
[0.134s] Level 1:colcon.colcon_core.package_identification:_identify(rmd/src/robot_arm_bringup) by extensions ['ros']
[0.134s] Level 1:colcon.colcon_core.package_identification:_identify(rmd/src/robot_arm_bringup) by extension 'ros'
[0.135s] DEBUG:colcon.colcon_core.package_identification:Package 'rmd/src/robot_arm_bringup' with type 'ros.ament_cmake' and name 'robot_arm_bringup'
[0.135s] Level 1:colcon.colcon_core.package_identification:_identify(rmd/src/robot_arm_description) by extensions ['ignore', 'ignore_ament_install']
[0.135s] Level 1:colcon.colcon_core.package_identification:_identify(rmd/src/robot_arm_description) by extension 'ignore'
[0.135s] Level 1:colcon.colcon_core.package_identification:_identify(rmd/src/robot_arm_description) by extension 'ignore_ament_install'
[0.135s] Level 1:colcon.colcon_core.package_identification:_identify(rmd/src/robot_arm_description) by extensions ['colcon_pkg']
[0.135s] Level 1:colcon.colcon_core.package_identification:_identify(rmd/src/robot_arm_description) by extension 'colcon_pkg'
[0.135s] Level 1:colcon.colcon_core.package_identification:_identify(rmd/src/robot_arm_description) by extensions ['colcon_meta']
[0.135s] Level 1:colcon.colcon_core.package_identification:_identify(rmd/src/robot_arm_description) by extension 'colcon_meta'
[0.135s] Level 1:colcon.colcon_core.package_identification:_identify(rmd/src/robot_arm_description) by extensions ['ros']
[0.135s] Level 1:colcon.colcon_core.package_identification:_identify(rmd/src/robot_arm_description) by extension 'ros'
[0.135s] DEBUG:colcon.colcon_core.package_identification:Package 'rmd/src/robot_arm_description' with type 'ros.ament_cmake' and name 'robot_arm_description'
[0.135s] Level 1:colcon.colcon_core.package_discovery:discover_packages(recursive) using defaults
[0.153s] Level 1:colcon.colcon_core.package_discovery:discover_packages(prefix_path) check parameters
[0.153s] Level 1:colcon.colcon_core.package_discovery:discover_packages(prefix_path) discover
[0.154s] DEBUG:colcon.colcon_installed_package_information.package_discovery:Found 2 installed packages in /home/sw/manual_total _ws/install
[0.154s] DEBUG:colcon.colcon_installed_package_information.package_discovery:Found 277 installed packages in /opt/ros/humble
[0.155s] Level 1:colcon.colcon_core.package_discovery:discover_packages(prefix_path) using defaults
[0.171s] Level 5:colcon.colcon_core.verb:set package 'myactuator_rmd' build argument 'cmake_args' from command line to 'None'
[0.172s] Level 5:colcon.colcon_core.verb:set package 'myactuator_rmd' build argument 'cmake_target' from command line to 'None'
[0.172s] Level 5:colcon.colcon_core.verb:set package 'myactuator_rmd' build argument 'cmake_target_skip_unavailable' from command line to 'False'
[0.172s] Level 5:colcon.colcon_core.verb:set package 'myactuator_rmd' build argument 'cmake_clean_cache' from command line to 'False'
[0.172s] Level 5:colcon.colcon_core.verb:set package 'myactuator_rmd' build argument 'cmake_clean_first' from command line to 'False'
[0.172s] Level 5:colcon.colcon_core.verb:set package 'myactuator_rmd' build argument 'cmake_force_configure' from command line to 'False'
[0.172s] Level 5:colcon.colcon_core.verb:set package 'myactuator_rmd' build argument 'ament_cmake_args' from command line to 'None'
[0.172s] Level 5:colcon.colcon_core.verb:set package 'myactuator_rmd' build argument 'catkin_cmake_args' from command line to 'None'
[0.172s] Level 5:colcon.colcon_core.verb:set package 'myactuator_rmd' build argument 'catkin_skip_building_tests' from command line to 'False'
[0.172s] DEBUG:colcon.colcon_core.verb:Building package 'myactuator_rmd' with the following arguments: {'ament_cmake_args': None, 'build_base': '/home/sw/manual_total _ws/build/myactuator_rmd', 'catkin_cmake_args': None, 'catkin_skip_building_tests': False, 'cmake_args': None, 'cmake_clean_cache': False, 'cmake_clean_first': False, 'cmake_force_configure': False, 'cmake_target': None, 'cmake_target_skip_unavailable': False, 'install_base': '/home/sw/manual_total _ws/install/myactuator_rmd', 'merge_install': False, 'path': '/home/sw/manual_total _ws/rmd/src/myactuator_rmd', 'symlink_install': True, 'test_result_base': None}
[0.172s] Level 5:colcon.colcon_core.verb:set package 'myactuator_rmd_hardware' build argument 'cmake_args' from command line to 'None'
[0.172s] Level 5:colcon.colcon_core.verb:set package 'myactuator_rmd_hardware' build argument 'cmake_target' from command line to 'None'
[0.172s] Level 5:colcon.colcon_core.verb:set package 'myactuator_rmd_hardware' build argument 'cmake_target_skip_unavailable' from command line to 'False'
[0.172s] Level 5:colcon.colcon_core.verb:set package 'myactuator_rmd_hardware' build argument 'cmake_clean_cache' from command line to 'False'
[0.172s] Level 5:colcon.colcon_core.verb:set package 'myactuator_rmd_hardware' build argument 'cmake_clean_first' from command line to 'False'
[0.172s] Level 5:colcon.colcon_core.verb:set package 'myactuator_rmd_hardware' build argument 'cmake_force_configure' from command line to 'False'
[0.172s] Level 5:colcon.colcon_core.verb:set package 'myactuator_rmd_hardware' build argument 'ament_cmake_args' from command line to 'None'
[0.172s] Level 5:colcon.colcon_core.verb:set package 'myactuator_rmd_hardware' build argument 'catkin_cmake_args' from command line to 'None'
[0.172s] Level 5:colcon.colcon_core.verb:set package 'myactuator_rmd_hardware' build argument 'catkin_skip_building_tests' from command line to 'False'
[0.172s] DEBUG:colcon.colcon_core.verb:Building package 'myactuator_rmd_hardware' with the following arguments: {'ament_cmake_args': None, 'build_base': '/home/sw/manual_total _ws/build/myactuator_rmd_hardware', 'catkin_cmake_args': None, 'catkin_skip_building_tests': False, 'cmake_args': None, 'cmake_clean_cache': False, 'cmake_clean_first': False, 'cmake_force_configure': False, 'cmake_target': None, 'cmake_target_skip_unavailable': False, 'install_base': '/home/sw/manual_total _ws/install/myactuator_rmd_hardware', 'merge_install': False, 'path': '/home/sw/manual_total _ws/rmd/src/myactuator_rmd_hardware', 'symlink_install': True, 'test_result_base': None}
[0.172s] Level 5:colcon.colcon_core.verb:set package 'robot_arm_description' build argument 'cmake_args' from command line to 'None'
[0.172s] Level 5:colcon.colcon_core.verb:set package 'robot_arm_description' build argument 'cmake_target' from command line to 'None'
[0.172s] Level 5:colcon.colcon_core.verb:set package 'robot_arm_description' build argument 'cmake_target_skip_unavailable' from command line to 'False'
[0.172s] Level 5:colcon.colcon_core.verb:set package 'robot_arm_description' build argument 'cmake_clean_cache' from command line to 'False'
[0.172s] Level 5:colcon.colcon_core.verb:set package 'robot_arm_description' build argument 'cmake_clean_first' from command line to 'False'
[0.172s] Level 5:colcon.colcon_core.verb:set package 'robot_arm_description' build argument 'cmake_force_configure' from command line to 'False'
[0.172s] Level 5:colcon.colcon_core.verb:set package 'robot_arm_description' build argument 'ament_cmake_args' from command line to 'None'
[0.172s] Level 5:colcon.colcon_core.verb:set package 'robot_arm_description' build argument 'catkin_cmake_args' from command line to 'None'
[0.172s] Level 5:colcon.colcon_core.verb:set package 'robot_arm_description' build argument 'catkin_skip_building_tests' from command line to 'False'
[0.172s] DEBUG:colcon.colcon_core.verb:Building package 'robot_arm_description' with the following arguments: {'ament_cmake_args': None, 'build_base': '/home/sw/manual_total _ws/build/robot_arm_description', 'catkin_cmake_args': None, 'catkin_skip_building_tests': False, 'cmake_args': None, 'cmake_clean_cache': False, 'cmake_clean_first': False, 'cmake_force_configure': False, 'cmake_target': None, 'cmake_target_skip_unavailable': False, 'install_base': '/home/sw/manual_total _ws/install/robot_arm_description', 'merge_install': False, 'path': '/home/sw/manual_total _ws/rmd/src/robot_arm_description', 'symlink_install': True, 'test_result_base': None}
[0.172s] Level 5:colcon.colcon_core.verb:set package 'robot_arm_bringup' build argument 'cmake_args' from command line to 'None'
[0.172s] Level 5:colcon.colcon_core.verb:set package 'robot_arm_bringup' build argument 'cmake_target' from command line to 'None'
[0.172s] Level 5:colcon.colcon_core.verb:set package 'robot_arm_bringup' build argument 'cmake_target_skip_unavailable' from command line to 'False'
[0.172s] Level 5:colcon.colcon_core.verb:set package 'robot_arm_bringup' build argument 'cmake_clean_cache' from command line to 'False'
[0.172s] Level 5:colcon.colcon_core.verb:set package 'robot_arm_bringup' build argument 'cmake_clean_first' from command line to 'False'
[0.172s] Level 5:colcon.colcon_core.verb:set package 'robot_arm_bringup' build argument 'cmake_force_configure' from command line to 'False'
[0.172s] Level 5:colcon.colcon_core.verb:set package 'robot_arm_bringup' build argument 'ament_cmake_args' from command line to 'None'
[0.172s] Level 5:colcon.colcon_core.verb:set package 'robot_arm_bringup' build argument 'catkin_cmake_args' from command line to 'None'
[0.172s] Level 5:colcon.colcon_core.verb:set package 'robot_arm_bringup' build argument 'catkin_skip_building_tests' from command line to 'False'
[0.172s] DEBUG:colcon.colcon_core.verb:Building package 'robot_arm_bringup' with the following arguments: {'ament_cmake_args': None, 'build_base': '/home/sw/manual_total _ws/build/robot_arm_bringup', 'catkin_cmake_args': None, 'catkin_skip_building_tests': False, 'cmake_args': None, 'cmake_clean_cache': False, 'cmake_clean_first': False, 'cmake_force_configure': False, 'cmake_target': None, 'cmake_target_skip_unavailable': False, 'install_base': '/home/sw/manual_total _ws/install/robot_arm_bringup', 'merge_install': False, 'path': '/home/sw/manual_total _ws/rmd/src/robot_arm_bringup', 'symlink_install': True, 'test_result_base': None}
[0.172s] INFO:colcon.colcon_core.executor:Executing jobs using 'parallel' executor
[0.173s] DEBUG:colcon.colcon_parallel_executor.executor.parallel:run_until_complete
[0.173s] INFO:colcon.colcon_ros.task.ament_cmake.build:Building ROS package in '/home/sw/manual_total _ws/rmd/src/myactuator_rmd' with build type 'ament_cmake'
[0.173s] INFO:colcon.colcon_cmake.task.cmake.build:Building CMake package in '/home/sw/manual_total _ws/rmd/src/myactuator_rmd'
[0.174s] INFO:colcon.colcon_core.plugin_system:Skipping extension 'colcon_core.shell.bat': Not used on non-Windows systems
[0.174s] INFO:colcon.colcon_core.shell:Skip shell extension 'powershell' for command environment: Not usable outside of PowerShell
[0.174s] DEBUG:colcon.colcon_core.shell:Skip shell extension 'dsv' for command environment
[30.210s] DEBUG:colcon.colcon_core.event_handler.log_command:Invoking command in '/home/sw/manual_total _ws/build/myactuator_rmd': CMAKE_PREFIX_PATH=${CMAKE_PREFIX_PATH}:/home/sw/manual_total _ws/install/dynamixel_hardware_interface_example:/opt/ros/humble /usr/bin/cmake /home/sw/manual_total _ws/rmd/src/myactuator_rmd -DAMENT_CMAKE_SYMLINK_INSTALL=1 -DCMAKE_INSTALL_PREFIX=/home/sw/manual_total _ws/install/myactuator_rmd
[30.815s] DEBUG:colcon.colcon_core.event_handler.log_command:Invoked command in '/home/sw/manual_total _ws/build/myactuator_rmd' returned '0': CMAKE_PREFIX_PATH=${CMAKE_PREFIX_PATH}:/home/sw/manual_total _ws/install/dynamixel_hardware_interface_example:/opt/ros/humble /usr/bin/cmake /home/sw/manual_total _ws/rmd/src/myactuator_rmd -DAMENT_CMAKE_SYMLINK_INSTALL=1 -DCMAKE_INSTALL_PREFIX=/home/sw/manual_total _ws/install/myactuator_rmd
[30.816s] DEBUG:colcon.colcon_core.event_handler.log_command:Invoking command in '/home/sw/manual_total _ws/build/myactuator_rmd': CMAKE_PREFIX_PATH=${CMAKE_PREFIX_PATH}:/home/sw/manual_total _ws/install/dynamixel_hardware_interface_example:/opt/ros/humble /usr/bin/cmake --build /home/sw/manual_total _ws/build/myactuator_rmd -- -j24 -l24
[31.245s] DEBUG:colcon.colcon_core.event_handler.log_command:Invoked command in '/home/sw/manual_total _ws/build/myactuator_rmd' returned '0': CMAKE_PREFIX_PATH=${CMAKE_PREFIX_PATH}:/home/sw/manual_total _ws/install/dynamixel_hardware_interface_example:/opt/ros/humble /usr/bin/cmake --build /home/sw/manual_total _ws/build/myactuator_rmd -- -j24 -l24
[31.251s] DEBUG:colcon.colcon_core.event_handler.log_command:Invoking command in '/home/sw/manual_total _ws/build/myactuator_rmd': CMAKE_PREFIX_PATH=${CMAKE_PREFIX_PATH}:/home/sw/manual_total _ws/install/dynamixel_hardware_interface_example:/opt/ros/humble /usr/bin/cmake --install /home/sw/manual_total _ws/build/myactuator_rmd
[31.847s] Level 1:colcon.colcon_core.environment:create_environment_scripts_only(myactuator_rmd)
[31.848s] DEBUG:colcon.colcon_core.event_handler.log_command:Invoked command in '/home/sw/manual_total _ws/build/myactuator_rmd' returned '0': CMAKE_PREFIX_PATH=${CMAKE_PREFIX_PATH}:/home/sw/manual_total _ws/install/dynamixel_hardware_interface_example:/opt/ros/humble /usr/bin/cmake --install /home/sw/manual_total _ws/build/myactuator_rmd
[31.852s] Level 1:colcon.colcon_core.environment:checking '/home/sw/manual_total _ws/install/myactuator_rmd' for CMake module files
[31.853s] Level 1:colcon.colcon_core.environment:checking '/home/sw/manual_total _ws/install/myactuator_rmd' for CMake config files
[31.853s] Level 1:colcon.colcon_core.shell:create_environment_hook('myactuator_rmd', 'cmake_prefix_path')
[31.854s] INFO:colcon.colcon_core.shell:Creating environment hook '/home/sw/manual_total _ws/install/myactuator_rmd/share/myactuator_rmd/hook/cmake_prefix_path.ps1'
[31.855s] INFO:colcon.colcon_core.shell:Creating environment descriptor '/home/sw/manual_total _ws/install/myactuator_rmd/share/myactuator_rmd/hook/cmake_prefix_path.dsv'
[31.856s] INFO:colcon.colcon_core.shell:Creating environment hook '/home/sw/manual_total _ws/install/myactuator_rmd/share/myactuator_rmd/hook/cmake_prefix_path.sh'
[31.858s] Level 1:colcon.colcon_core.environment:checking '/home/sw/manual_total _ws/install/myactuator_rmd/lib'
[31.858s] Level 1:colcon.colcon_core.shell:create_environment_hook('myactuator_rmd', 'ld_library_path_lib')
[31.858s] INFO:colcon.colcon_core.shell:Creating environment hook '/home/sw/manual_total _ws/install/myactuator_rmd/share/myactuator_rmd/hook/ld_library_path_lib.ps1'
[31.859s] INFO:colcon.colcon_core.shell:Creating environment descriptor '/home/sw/manual_total _ws/install/myactuator_rmd/share/myactuator_rmd/hook/ld_library_path_lib.dsv'
[31.860s] INFO:colcon.colcon_core.shell:Creating environment hook '/home/sw/manual_total _ws/install/myactuator_rmd/share/myactuator_rmd/hook/ld_library_path_lib.sh'
[31.860s] Level 1:colcon.colcon_core.environment:checking '/home/sw/manual_total _ws/install/myactuator_rmd/bin'
[31.860s] Level 1:colcon.colcon_core.environment:checking '/home/sw/manual_total _ws/install/myactuator_rmd/lib/pkgconfig/myactuator_rmd.pc'
[31.860s] Level 1:colcon.colcon_core.environment:checking '/home/sw/manual_total _ws/install/myactuator_rmd/lib/python3.10/site-packages'
[31.861s] Level 1:colcon.colcon_core.environment:checking '/home/sw/manual_total _ws/install/myactuator_rmd/bin'
[31.861s] INFO:colcon.colcon_core.shell:Creating package script '/home/sw/manual_total _ws/install/myactuator_rmd/share/myactuator_rmd/package.ps1'
[31.863s] INFO:colcon.colcon_core.shell:Creating package descriptor '/home/sw/manual_total _ws/install/myactuator_rmd/share/myactuator_rmd/package.dsv'
[31.863s] INFO:colcon.colcon_core.shell:Creating package script '/home/sw/manual_total _ws/install/myactuator_rmd/share/myactuator_rmd/package.sh'
[31.864s] INFO:colcon.colcon_core.shell:Creating package script '/home/sw/manual_total _ws/install/myactuator_rmd/share/myactuator_rmd/package.bash'
[31.865s] INFO:colcon.colcon_core.shell:Creating package script '/home/sw/manual_total _ws/install/myactuator_rmd/share/myactuator_rmd/package.zsh'
[31.865s] Level 1:colcon.colcon_core.environment:create_file_with_runtime_dependencies(/home/sw/manual_total _ws/install/myactuator_rmd/share/colcon-core/packages/myactuator_rmd)
[31.866s] Level 1:colcon.colcon_core.environment:create_environment_scripts_only(myactuator_rmd)
[31.866s] Level 1:colcon.colcon_core.environment:checking '/home/sw/manual_total _ws/install/myactuator_rmd' for CMake module files
[31.866s] Level 1:colcon.colcon_core.environment:checking '/home/sw/manual_total _ws/install/myactuator_rmd' for CMake config files
[31.866s] Level 1:colcon.colcon_core.shell:create_environment_hook('myactuator_rmd', 'cmake_prefix_path')
[31.867s] INFO:colcon.colcon_core.shell:Creating environment hook '/home/sw/manual_total _ws/install/myactuator_rmd/share/myactuator_rmd/hook/cmake_prefix_path.ps1'
[31.867s] INFO:colcon.colcon_core.shell:Creating environment descriptor '/home/sw/manual_total _ws/install/myactuator_rmd/share/myactuator_rmd/hook/cmake_prefix_path.dsv'
[31.867s] INFO:colcon.colcon_core.shell:Creating environment hook '/home/sw/manual_total _ws/install/myactuator_rmd/share/myactuator_rmd/hook/cmake_prefix_path.sh'
[31.867s] Level 1:colcon.colcon_core.environment:checking '/home/sw/manual_total _ws/install/myactuator_rmd/lib'
[31.868s] Level 1:colcon.colcon_core.shell:create_environment_hook('myactuator_rmd', 'ld_library_path_lib')
[31.868s] INFO:colcon.colcon_core.shell:Creating environment hook '/home/sw/manual_total _ws/install/myactuator_rmd/share/myactuator_rmd/hook/ld_library_path_lib.ps1'
[31.868s] INFO:colcon.colcon_core.shell:Creating environment descriptor '/home/sw/manual_total _ws/install/myactuator_rmd/share/myactuator_rmd/hook/ld_library_path_lib.dsv'
[31.868s] INFO:colcon.colcon_core.shell:Creating environment hook '/home/sw/manual_total _ws/install/myactuator_rmd/share/myactuator_rmd/hook/ld_library_path_lib.sh'
[31.868s] Level 1:colcon.colcon_core.environment:checking '/home/sw/manual_total _ws/install/myactuator_rmd/bin'
[31.868s] Level 1:colcon.colcon_core.environment:checking '/home/sw/manual_total _ws/install/myactuator_rmd/lib/pkgconfig/myactuator_rmd.pc'
[31.868s] Level 1:colcon.colcon_core.environment:checking '/home/sw/manual_total _ws/install/myactuator_rmd/lib/python3.10/site-packages'
[31.869s] Level 1:colcon.colcon_core.environment:checking '/home/sw/manual_total _ws/install/myactuator_rmd/bin'
[31.869s] INFO:colcon.colcon_core.shell:Creating package script '/home/sw/manual_total _ws/install/myactuator_rmd/share/myactuator_rmd/package.ps1'
[31.869s] INFO:colcon.colcon_core.shell:Creating package descriptor '/home/sw/manual_total _ws/install/myactuator_rmd/share/myactuator_rmd/package.dsv'
[31.869s] INFO:colcon.colcon_core.shell:Creating package script '/home/sw/manual_total _ws/install/myactuator_rmd/share/myactuator_rmd/package.sh'
[31.870s] INFO:colcon.colcon_core.shell:Creating package script '/home/sw/manual_total _ws/install/myactuator_rmd/share/myactuator_rmd/package.bash'
[31.870s] INFO:colcon.colcon_core.shell:Creating package script '/home/sw/manual_total _ws/install/myactuator_rmd/share/myactuator_rmd/package.zsh'
[31.870s] Level 1:colcon.colcon_core.environment:create_file_with_runtime_dependencies(/home/sw/manual_total _ws/install/myactuator_rmd/share/colcon-core/packages/myactuator_rmd)
[31.870s] INFO:colcon.colcon_ros.task.ament_cmake.build:Building ROS package in '/home/sw/manual_total _ws/rmd/src/myactuator_rmd_hardware' with build type 'ament_cmake'
[31.870s] INFO:colcon.colcon_cmake.task.cmake.build:Building CMake package in '/home/sw/manual_total _ws/rmd/src/myactuator_rmd_hardware'
[31.870s] INFO:colcon.colcon_core.shell:Skip shell extension 'powershell' for command environment: Not usable outside of PowerShell
[31.870s] DEBUG:colcon.colcon_core.shell:Skip shell extension 'dsv' for command environment
[31.878s] DEBUG:colcon.colcon_core.event_handler.log_command:Invoking command in '/home/sw/manual_total _ws/build/myactuator_rmd_hardware': AMENT_PREFIX_PATH=/home/sw/manual_total _ws/install/myactuator_rmd:${AMENT_PREFIX_PATH} CMAKE_PREFIX_PATH=/home/sw/manual_total _ws/install/myactuator_rmd:/home/sw/manual_total _ws/install/dynamixel_interfaces:/home/sw/manual_total _ws/install/dynamixel_hardware_interface_example:/opt/ros/humble LD_LIBRARY_PATH=/home/sw/manual_total _ws/install/myactuator_rmd/lib:${LD_LIBRARY_PATH} /usr/bin/cmake /home/sw/manual_total _ws/rmd/src/myactuator_rmd_hardware -DAMENT_CMAKE_SYMLINK_INSTALL=1 -DCMAKE_INSTALL_PREFIX=/home/sw/manual_total _ws/install/myactuator_rmd_hardware
[33.024s] DEBUG:colcon.colcon_core.event_handler.log_command:Invoked command in '/home/sw/manual_total _ws/build/myactuator_rmd_hardware' returned '0': AMENT_PREFIX_PATH=/home/sw/manual_total _ws/install/myactuator_rmd:${AMENT_PREFIX_PATH} CMAKE_PREFIX_PATH=/home/sw/manual_total _ws/install/myactuator_rmd:/home/sw/manual_total _ws/install/dynamixel_interfaces:/home/sw/manual_total _ws/install/dynamixel_hardware_interface_example:/opt/ros/humble LD_LIBRARY_PATH=/home/sw/manual_total _ws/install/myactuator_rmd/lib:${LD_LIBRARY_PATH} /usr/bin/cmake /home/sw/manual_total _ws/rmd/src/myactuator_rmd_hardware -DAMENT_CMAKE_SYMLINK_INSTALL=1 -DCMAKE_INSTALL_PREFIX=/home/sw/manual_total _ws/install/myactuator_rmd_hardware
[33.025s] DEBUG:colcon.colcon_core.event_handler.log_command:Invoking command in '/home/sw/manual_total _ws/build/myactuator_rmd_hardware': AMENT_PREFIX_PATH=/home/sw/manual_total _ws/install/myactuator_rmd:${AMENT_PREFIX_PATH} CMAKE_PREFIX_PATH=/home/sw/manual_total _ws/install/myactuator_rmd:/home/sw/manual_total _ws/install/dynamixel_interfaces:/home/sw/manual_total _ws/install/dynamixel_hardware_interface_example:/opt/ros/humble LD_LIBRARY_PATH=/home/sw/manual_total _ws/install/myactuator_rmd/lib:${LD_LIBRARY_PATH} /usr/bin/cmake --build /home/sw/manual_total _ws/build/myactuator_rmd_hardware -- -j24 -l24
[34.217s] DEBUG:colcon.colcon_core.event_handler.log_command:Invoked command in '/home/sw/manual_total _ws/build/myactuator_rmd_hardware' returned '0': AMENT_PREFIX_PATH=/home/sw/manual_total _ws/install/myactuator_rmd:${AMENT_PREFIX_PATH} CMAKE_PREFIX_PATH=/home/sw/manual_total _ws/install/myactuator_rmd:/home/sw/manual_total _ws/install/dynamixel_interfaces:/home/sw/manual_total _ws/install/dynamixel_hardware_interface_example:/opt/ros/humble LD_LIBRARY_PATH=/home/sw/manual_total _ws/install/myactuator_rmd/lib:${LD_LIBRARY_PATH} /usr/bin/cmake --build /home/sw/manual_total _ws/build/myactuator_rmd_hardware -- -j24 -l24
[34.219s] DEBUG:colcon.colcon_core.event_handler.log_command:Invoking command in '/home/sw/manual_total _ws/build/myactuator_rmd_hardware': AMENT_PREFIX_PATH=/home/sw/manual_total _ws/install/myactuator_rmd:${AMENT_PREFIX_PATH} CMAKE_PREFIX_PATH=/home/sw/manual_total _ws/install/myactuator_rmd:/home/sw/manual_total _ws/install/dynamixel_interfaces:/home/sw/manual_total _ws/install/dynamixel_hardware_interface_example:/opt/ros/humble LD_LIBRARY_PATH=/home/sw/manual_total _ws/install/myactuator_rmd/lib:${LD_LIBRARY_PATH} /usr/bin/cmake --install /home/sw/manual_total _ws/build/myactuator_rmd_hardware
[61.872s] Level 1:colcon.colcon_core.environment:create_environment_scripts_only(myactuator_rmd_hardware)
[61.873s] Level 1:colcon.colcon_core.environment:checking '/home/sw/manual_total _ws/install/myactuator_rmd_hardware' for CMake module files
[61.874s] DEBUG:colcon.colcon_core.event_handler.log_command:Invoked command in '/home/sw/manual_total _ws/build/myactuator_rmd_hardware' returned '0': AMENT_PREFIX_PATH=/home/sw/manual_total _ws/install/myactuator_rmd:${AMENT_PREFIX_PATH} CMAKE_PREFIX_PATH=/home/sw/manual_total _ws/install/myactuator_rmd:/home/sw/manual_total _ws/install/dynamixel_interfaces:/home/sw/manual_total _ws/install/dynamixel_hardware_interface_example:/opt/ros/humble LD_LIBRARY_PATH=/home/sw/manual_total _ws/install/myactuator_rmd/lib:${LD_LIBRARY_PATH} /usr/bin/cmake --install /home/sw/manual_total _ws/build/myactuator_rmd_hardware
[61.875s] Level 1:colcon.colcon_core.environment:checking '/home/sw/manual_total _ws/install/myactuator_rmd_hardware' for CMake config files
[61.876s] Level 1:colcon.colcon_core.shell:create_environment_hook('myactuator_rmd_hardware', 'cmake_prefix_path')
[61.877s] INFO:colcon.colcon_core.shell:Creating environment hook '/home/sw/manual_total _ws/install/myactuator_rmd_hardware/share/myactuator_rmd_hardware/hook/cmake_prefix_path.ps1'
[61.877s] INFO:colcon.colcon_core.shell:Creating environment descriptor '/home/sw/manual_total _ws/install/myactuator_rmd_hardware/share/myactuator_rmd_hardware/hook/cmake_prefix_path.dsv'
[61.878s] INFO:colcon.colcon_core.shell:Creating environment hook '/home/sw/manual_total _ws/install/myactuator_rmd_hardware/share/myactuator_rmd_hardware/hook/cmake_prefix_path.sh'
[61.879s] Level 1:colcon.colcon_core.environment:checking '/home/sw/manual_total _ws/install/myactuator_rmd_hardware/lib'
[61.879s] Level 1:colcon.colcon_core.shell:create_environment_hook('myactuator_rmd_hardware', 'ld_library_path_lib')
[61.880s] INFO:colcon.colcon_core.shell:Creating environment hook '/home/sw/manual_total _ws/install/myactuator_rmd_hardware/share/myactuator_rmd_hardware/hook/ld_library_path_lib.ps1'
[61.880s] INFO:colcon.colcon_core.shell:Creating environment descriptor '/home/sw/manual_total _ws/install/myactuator_rmd_hardware/share/myactuator_rmd_hardware/hook/ld_library_path_lib.dsv'
[61.881s] INFO:colcon.colcon_core.shell:Creating environment hook '/home/sw/manual_total _ws/install/myactuator_rmd_hardware/share/myactuator_rmd_hardware/hook/ld_library_path_lib.sh'
[61.882s] Level 1:colcon.colcon_core.environment:checking '/home/sw/manual_total _ws/install/myactuator_rmd_hardware/bin'
[61.882s] Level 1:colcon.colcon_core.environment:checking '/home/sw/manual_total _ws/install/myactuator_rmd_hardware/lib/pkgconfig/myactuator_rmd_hardware.pc'
[61.882s] Level 1:colcon.colcon_core.environment:checking '/home/sw/manual_total _ws/install/myactuator_rmd_hardware/lib/python3.10/site-packages'
[61.883s] Level 1:colcon.colcon_core.environment:checking '/home/sw/manual_total _ws/install/myactuator_rmd_hardware/bin'
[61.884s] INFO:colcon.colcon_core.shell:Creating package script '/home/sw/manual_total _ws/install/myactuator_rmd_hardware/share/myactuator_rmd_hardware/package.ps1'
[61.885s] INFO:colcon.colcon_core.shell:Creating package descriptor '/home/sw/manual_total _ws/install/myactuator_rmd_hardware/share/myactuator_rmd_hardware/package.dsv'
[61.886s] INFO:colcon.colcon_core.shell:Creating package script '/home/sw/manual_total _ws/install/myactuator_rmd_hardware/share/myactuator_rmd_hardware/package.sh'
[61.887s] INFO:colcon.colcon_core.shell:Creating package script '/home/sw/manual_total _ws/install/myactuator_rmd_hardware/share/myactuator_rmd_hardware/package.bash'
[61.887s] INFO:colcon.colcon_core.shell:Creating package script '/home/sw/manual_total _ws/install/myactuator_rmd_hardware/share/myactuator_rmd_hardware/package.zsh'
[61.888s] Level 1:colcon.colcon_core.environment:create_file_with_runtime_dependencies(/home/sw/manual_total _ws/install/myactuator_rmd_hardware/share/colcon-core/packages/myactuator_rmd_hardware)
[61.889s] Level 1:colcon.colcon_core.environment:create_environment_scripts_only(myactuator_rmd_hardware)
[61.889s] Level 1:colcon.colcon_core.environment:checking '/home/sw/manual_total _ws/install/myactuator_rmd_hardware' for CMake module files
[61.890s] Level 1:colcon.colcon_core.environment:checking '/home/sw/manual_total _ws/install/myactuator_rmd_hardware' for CMake config files
[61.891s] Level 1:colcon.colcon_core.shell:create_environment_hook('myactuator_rmd_hardware', 'cmake_prefix_path')
[61.891s] INFO:colcon.colcon_core.shell:Creating environment hook '/home/sw/manual_total _ws/install/myactuator_rmd_hardware/share/myactuator_rmd_hardware/hook/cmake_prefix_path.ps1'
[61.891s] INFO:colcon.colcon_core.shell:Creating environment descriptor '/home/sw/manual_total _ws/install/myactuator_rmd_hardware/share/myactuator_rmd_hardware/hook/cmake_prefix_path.dsv'
[61.892s] INFO:colcon.colcon_core.shell:Creating environment hook '/home/sw/manual_total _ws/install/myactuator_rmd_hardware/share/myactuator_rmd_hardware/hook/cmake_prefix_path.sh'
[61.892s] Level 1:colcon.colcon_core.environment:checking '/home/sw/manual_total _ws/install/myactuator_rmd_hardware/lib'
[61.893s] Level 1:colcon.colcon_core.shell:create_environment_hook('myactuator_rmd_hardware', 'ld_library_path_lib')
[61.893s] INFO:colcon.colcon_core.shell:Creating environment hook '/home/sw/manual_total _ws/install/myactuator_rmd_hardware/share/myactuator_rmd_hardware/hook/ld_library_path_lib.ps1'
[61.893s] INFO:colcon.colcon_core.shell:Creating environment descriptor '/home/sw/manual_total _ws/install/myactuator_rmd_hardware/share/myactuator_rmd_hardware/hook/ld_library_path_lib.dsv'
[61.894s] INFO:colcon.colcon_core.shell:Creating environment hook '/home/sw/manual_total _ws/install/myactuator_rmd_hardware/share/myactuator_rmd_hardware/hook/ld_library_path_lib.sh'
[61.894s] Level 1:colcon.colcon_core.environment:checking '/home/sw/manual_total _ws/install/myactuator_rmd_hardware/bin'
[61.894s] Level 1:colcon.colcon_core.environment:checking '/home/sw/manual_total _ws/install/myactuator_rmd_hardware/lib/pkgconfig/myactuator_rmd_hardware.pc'
[61.894s] Level 1:colcon.colcon_core.environment:checking '/home/sw/manual_total _ws/install/myactuator_rmd_hardware/lib/python3.10/site-packages'
[61.895s] Level 1:colcon.colcon_core.environment:checking '/home/sw/manual_total _ws/install/myactuator_rmd_hardware/bin'
[61.895s] INFO:colcon.colcon_core.shell:Creating package script '/home/sw/manual_total _ws/install/myactuator_rmd_hardware/share/myactuator_rmd_hardware/package.ps1'
[61.896s] INFO:colcon.colcon_core.shell:Creating package descriptor '/home/sw/manual_total _ws/install/myactuator_rmd_hardware/share/myactuator_rmd_hardware/package.dsv'
[61.896s] INFO:colcon.colcon_core.shell:Creating package script '/home/sw/manual_total _ws/install/myactuator_rmd_hardware/share/myactuator_rmd_hardware/package.sh'
[61.898s] INFO:colcon.colcon_core.shell:Creating package script '/home/sw/manual_total _ws/install/myactuator_rmd_hardware/share/myactuator_rmd_hardware/package.bash'
[61.899s] INFO:colcon.colcon_core.shell:Creating package script '/home/sw/manual_total _ws/install/myactuator_rmd_hardware/share/myactuator_rmd_hardware/package.zsh'
[61.899s] Level 1:colcon.colcon_core.environment:create_file_with_runtime_dependencies(/home/sw/manual_total _ws/install/myactuator_rmd_hardware/share/colcon-core/packages/myactuator_rmd_hardware)
[61.899s] INFO:colcon.colcon_ros.task.ament_cmake.build:Building ROS package in '/home/sw/manual_total _ws/rmd/src/robot_arm_description' with build type 'ament_cmake'
[61.900s] INFO:colcon.colcon_cmake.task.cmake.build:Building CMake package in '/home/sw/manual_total _ws/rmd/src/robot_arm_description'
[61.900s] INFO:colcon.colcon_core.shell:Skip shell extension 'powershell' for command environment: Not usable outside of PowerShell
[61.900s] DEBUG:colcon.colcon_core.shell:Skip shell extension 'dsv' for command environment
[61.915s] DEBUG:colcon.colcon_core.event_handler.log_command:Invoking command in '/home/sw/manual_total _ws/build/robot_arm_description': AMENT_PREFIX_PATH=/home/sw/manual_total _ws/install/myactuator_rmd_hardware:/home/sw/manual_total _ws/install/myactuator_rmd:${AMENT_PREFIX_PATH} CMAKE_PREFIX_PATH=/home/sw/manual_total _ws/install/myactuator_rmd_hardware:/home/sw/manual_total _ws/install/myactuator_rmd:/home/sw/manual_total _ws/install/dynamixel_interfaces:/home/sw/manual_total _ws/install/dynamixel_hardware_interface_example:/opt/ros/humble LD_LIBRARY_PATH=/home/sw/manual_total _ws/install/myactuator_rmd_hardware/lib:/home/sw/manual_total _ws/install/myactuator_rmd/lib:${LD_LIBRARY_PATH} /usr/bin/cmake /home/sw/manual_total _ws/rmd/src/robot_arm_description -DAMENT_CMAKE_SYMLINK_INSTALL=1 -DCMAKE_INSTALL_PREFIX=/home/sw/manual_total _ws/install/robot_arm_description
[62.490s] DEBUG:colcon.colcon_core.event_handler.log_command:Invoked command in '/home/sw/manual_total _ws/build/robot_arm_description' returned '0': AMENT_PREFIX_PATH=/home/sw/manual_total _ws/install/myactuator_rmd_hardware:/home/sw/manual_total _ws/install/myactuator_rmd:${AMENT_PREFIX_PATH} CMAKE_PREFIX_PATH=/home/sw/manual_total _ws/install/myactuator_rmd_hardware:/home/sw/manual_total _ws/install/myactuator_rmd:/home/sw/manual_total _ws/install/dynamixel_interfaces:/home/sw/manual_total _ws/install/dynamixel_hardware_interface_example:/opt/ros/humble LD_LIBRARY_PATH=/home/sw/manual_total _ws/install/myactuator_rmd_hardware/lib:/home/sw/manual_total _ws/install/myactuator_rmd/lib:${LD_LIBRARY_PATH} /usr/bin/cmake /home/sw/manual_total _ws/rmd/src/robot_arm_description -DAMENT_CMAKE_SYMLINK_INSTALL=1 -DCMAKE_INSTALL_PREFIX=/home/sw/manual_total _ws/install/robot_arm_description
[62.490s] DEBUG:colcon.colcon_core.event_handler.log_command:Invoking command in '/home/sw/manual_total _ws/build/robot_arm_description': AMENT_PREFIX_PATH=/home/sw/manual_total _ws/install/myactuator_rmd_hardware:/home/sw/manual_total _ws/install/myactuator_rmd:${AMENT_PREFIX_PATH} CMAKE_PREFIX_PATH=/home/sw/manual_total _ws/install/myactuator_rmd_hardware:/home/sw/manual_total _ws/install/myactuator_rmd:/home/sw/manual_total _ws/install/dynamixel_interfaces:/home/sw/manual_total _ws/install/dynamixel_hardware_interface_example:/opt/ros/humble LD_LIBRARY_PATH=/home/sw/manual_total _ws/install/myactuator_rmd_hardware/lib:/home/sw/manual_total _ws/install/myactuator_rmd/lib:${LD_LIBRARY_PATH} /usr/bin/cmake --build /home/sw/manual_total _ws/build/robot_arm_description -- -j24 -l24
[91.930s] DEBUG:colcon.colcon_core.event_handler.log_command:Invoked command in '/home/sw/manual_total _ws/build/robot_arm_description' returned '0': AMENT_PREFIX_PATH=/home/sw/manual_total _ws/install/myactuator_rmd_hardware:/home/sw/manual_total _ws/install/myactuator_rmd:${AMENT_PREFIX_PATH} CMAKE_PREFIX_PATH=/home/sw/manual_total _ws/install/myactuator_rmd_hardware:/home/sw/manual_total _ws/install/myactuator_rmd:/home/sw/manual_total _ws/install/dynamixel_interfaces:/home/sw/manual_total _ws/install/dynamixel_hardware_interface_example:/opt/ros/humble LD_LIBRARY_PATH=/home/sw/manual_total _ws/install/myactuator_rmd_hardware/lib:/home/sw/manual_total _ws/install/myactuator_rmd/lib:${LD_LIBRARY_PATH} /usr/bin/cmake --build /home/sw/manual_total _ws/build/robot_arm_description -- -j24 -l24
[91.934s] DEBUG:colcon.colcon_core.event_handler.log_command:Invoking command in '/home/sw/manual_total _ws/build/robot_arm_description': AMENT_PREFIX_PATH=/home/sw/manual_total _ws/install/myactuator_rmd_hardware:/home/sw/manual_total _ws/install/myactuator_rmd:${AMENT_PREFIX_PATH} CMAKE_PREFIX_PATH=/home/sw/manual_total _ws/install/myactuator_rmd_hardware:/home/sw/manual_total _ws/install/myactuator_rmd:/home/sw/manual_total _ws/install/dynamixel_interfaces:/home/sw/manual_total _ws/install/dynamixel_hardware_interface_example:/opt/ros/humble LD_LIBRARY_PATH=/home/sw/manual_total _ws/install/myactuator_rmd_hardware/lib:/home/sw/manual_total _ws/install/myactuator_rmd/lib:${LD_LIBRARY_PATH} /usr/bin/cmake --install /home/sw/manual_total _ws/build/robot_arm_description
[121.959s] Level 1:colcon.colcon_core.environment:create_environment_scripts_only(robot_arm_description)
[121.959s] Level 1:colcon.colcon_core.environment:checking '/home/sw/manual_total _ws/install/robot_arm_description' for CMake module files
[121.961s] DEBUG:colcon.colcon_core.event_handler.log_command:Invoked command in '/home/sw/manual_total _ws/build/robot_arm_description' returned '0': AMENT_PREFIX_PATH=/home/sw/manual_total _ws/install/myactuator_rmd_hardware:/home/sw/manual_total _ws/install/myactuator_rmd:${AMENT_PREFIX_PATH} CMAKE_PREFIX_PATH=/home/sw/manual_total _ws/install/myactuator_rmd_hardware:/home/sw/manual_total _ws/install/myactuator_rmd:/home/sw/manual_total _ws/install/dynamixel_interfaces:/home/sw/manual_total _ws/install/dynamixel_hardware_interface_example:/opt/ros/humble LD_LIBRARY_PATH=/home/sw/manual_total _ws/install/myactuator_rmd_hardware/lib:/home/sw/manual_total _ws/install/myactuator_rmd/lib:${LD_LIBRARY_PATH} /usr/bin/cmake --install /home/sw/manual_total _ws/build/robot_arm_description
[121.962s] Level 1:colcon.colcon_core.environment:checking '/home/sw/manual_total _ws/install/robot_arm_description' for CMake config files
[121.962s] Level 1:colcon.colcon_core.shell:create_environment_hook('robot_arm_description', 'cmake_prefix_path')
[121.963s] INFO:colcon.colcon_core.shell:Creating environment hook '/home/sw/manual_total _ws/install/robot_arm_description/share/robot_arm_description/hook/cmake_prefix_path.ps1'
[121.964s] INFO:colcon.colcon_core.shell:Creating environment descriptor '/home/sw/manual_total _ws/install/robot_arm_description/share/robot_arm_description/hook/cmake_prefix_path.dsv'
[121.965s] INFO:colcon.colcon_core.shell:Creating environment hook '/home/sw/manual_total _ws/install/robot_arm_description/share/robot_arm_description/hook/cmake_prefix_path.sh'
[121.966s] Level 1:colcon.colcon_core.environment:checking '/home/sw/manual_total _ws/install/robot_arm_description/bin'
[121.966s] Level 1:colcon.colcon_core.environment:checking '/home/sw/manual_total _ws/install/robot_arm_description/lib/pkgconfig/robot_arm_description.pc'
[121.966s] Level 1:colcon.colcon_core.environment:checking '/home/sw/manual_total _ws/install/robot_arm_description/lib/python3.10/site-packages'
[121.967s] Level 1:colcon.colcon_core.environment:checking '/home/sw/manual_total _ws/install/robot_arm_description/bin'
[121.968s] INFO:colcon.colcon_core.shell:Creating package script '/home/sw/manual_total _ws/install/robot_arm_description/share/robot_arm_description/package.ps1'
[121.969s] INFO:colcon.colcon_core.shell:Creating package descriptor '/home/sw/manual_total _ws/install/robot_arm_description/share/robot_arm_description/package.dsv'
[121.970s] INFO:colcon.colcon_core.shell:Creating package script '/home/sw/manual_total _ws/install/robot_arm_description/share/robot_arm_description/package.sh'
[121.971s] INFO:colcon.colcon_core.shell:Creating package script '/home/sw/manual_total _ws/install/robot_arm_description/share/robot_arm_description/package.bash'
[121.972s] INFO:colcon.colcon_core.shell:Creating package script '/home/sw/manual_total _ws/install/robot_arm_description/share/robot_arm_description/package.zsh'
[121.972s] Level 1:colcon.colcon_core.environment:create_file_with_runtime_dependencies(/home/sw/manual_total _ws/install/robot_arm_description/share/colcon-core/packages/robot_arm_description)
[121.973s] Level 1:colcon.colcon_core.environment:create_environment_scripts_only(robot_arm_description)
[121.974s] Level 1:colcon.colcon_core.environment:checking '/home/sw/manual_total _ws/install/robot_arm_description' for CMake module files
[121.975s] Level 1:colcon.colcon_core.environment:checking '/home/sw/manual_total _ws/install/robot_arm_description' for CMake config files
[121.975s] Level 1:colcon.colcon_core.shell:create_environment_hook('robot_arm_description', 'cmake_prefix_path')
[121.975s] INFO:colcon.colcon_core.shell:Creating environment hook '/home/sw/manual_total _ws/install/robot_arm_description/share/robot_arm_description/hook/cmake_prefix_path.ps1'
[121.976s] INFO:colcon.colcon_core.shell:Creating environment descriptor '/home/sw/manual_total _ws/install/robot_arm_description/share/robot_arm_description/hook/cmake_prefix_path.dsv'
[121.977s] INFO:colcon.colcon_core.shell:Creating environment hook '/home/sw/manual_total _ws/install/robot_arm_description/share/robot_arm_description/hook/cmake_prefix_path.sh'
[121.977s] Level 1:colcon.colcon_core.environment:checking '/home/sw/manual_total _ws/install/robot_arm_description/bin'
[121.977s] Level 1:colcon.colcon_core.environment:checking '/home/sw/manual_total _ws/install/robot_arm_description/lib/pkgconfig/robot_arm_description.pc'
[121.978s] Level 1:colcon.colcon_core.environment:checking '/home/sw/manual_total _ws/install/robot_arm_description/lib/python3.10/site-packages'
[121.978s] Level 1:colcon.colcon_core.environment:checking '/home/sw/manual_total _ws/install/robot_arm_description/bin'
[121.978s] INFO:colcon.colcon_core.shell:Creating package script '/home/sw/manual_total _ws/install/robot_arm_description/share/robot_arm_description/package.ps1'
[121.979s] INFO:colcon.colcon_core.shell:Creating package descriptor '/home/sw/manual_total _ws/install/robot_arm_description/share/robot_arm_description/package.dsv'
[121.979s] INFO:colcon.colcon_core.shell:Creating package script '/home/sw/manual_total _ws/install/robot_arm_description/share/robot_arm_description/package.sh'
[121.980s] INFO:colcon.colcon_core.shell:Creating package script '/home/sw/manual_total _ws/install/robot_arm_description/share/robot_arm_description/package.bash'
[121.980s] INFO:colcon.colcon_core.shell:Creating package script '/home/sw/manual_total _ws/install/robot_arm_description/share/robot_arm_description/package.zsh'
[121.980s] Level 1:colcon.colcon_core.environment:create_file_with_runtime_dependencies(/home/sw/manual_total _ws/install/robot_arm_description/share/colcon-core/packages/robot_arm_description)
[121.981s] INFO:colcon.colcon_ros.task.ament_cmake.build:Building ROS package in '/home/sw/manual_total _ws/rmd/src/robot_arm_bringup' with build type 'ament_cmake'
[121.981s] INFO:colcon.colcon_cmake.task.cmake.build:Building CMake package in '/home/sw/manual_total _ws/rmd/src/robot_arm_bringup'
[121.981s] INFO:colcon.colcon_core.shell:Skip shell extension 'powershell' for command environment: Not usable outside of PowerShell
[121.981s] DEBUG:colcon.colcon_core.shell:Skip shell extension 'dsv' for command environment
[121.995s] DEBUG:colcon.colcon_core.event_handler.log_command:Invoking command in '/home/sw/manual_total _ws/build/robot_arm_bringup': AMENT_PREFIX_PATH=/home/sw/manual_total _ws/install/robot_arm_description:/home/sw/manual_total _ws/install/myactuator_rmd_hardware:/home/sw/manual_total _ws/install/myactuator_rmd:${AMENT_PREFIX_PATH} CMAKE_PREFIX_PATH=/home/sw/manual_total _ws/install/robot_arm_description:/home/sw/manual_total _ws/install/myactuator_rmd_hardware:/home/sw/manual_total _ws/install/myactuator_rmd:/home/sw/manual_total _ws/install/dynamixel_interfaces:/home/sw/manual_total _ws/install/dynamixel_hardware_interface_example:/opt/ros/humble LD_LIBRARY_PATH=/home/sw/manual_total _ws/install/myactuator_rmd_hardware/lib:/home/sw/manual_total _ws/install/myactuator_rmd/lib:${LD_LIBRARY_PATH} /usr/bin/cmake /home/sw/manual_total _ws/rmd/src/robot_arm_bringup -DAMENT_CMAKE_SYMLINK_INSTALL=1 -DCMAKE_INSTALL_PREFIX=/home/sw/manual_total _ws/install/robot_arm_bringup
[152.012s] DEBUG:colcon.colcon_core.event_handler.log_command:Invoked command in '/home/sw/manual_total _ws/build/robot_arm_bringup' returned '0': AMENT_PREFIX_PATH=/home/sw/manual_total _ws/install/robot_arm_description:/home/sw/manual_total _ws/install/myactuator_rmd_hardware:/home/sw/manual_total _ws/install/myactuator_rmd:${AMENT_PREFIX_PATH} CMAKE_PREFIX_PATH=/home/sw/manual_total _ws/install/robot_arm_description:/home/sw/manual_total _ws/install/myactuator_rmd_hardware:/home/sw/manual_total _ws/install/myactuator_rmd:/home/sw/manual_total _ws/install/dynamixel_interfaces:/home/sw/manual_total _ws/install/dynamixel_hardware_interface_example:/opt/ros/humble LD_LIBRARY_PATH=/home/sw/manual_total _ws/install/myactuator_rmd_hardware/lib:/home/sw/manual_total _ws/install/myactuator_rmd/lib:${LD_LIBRARY_PATH} /usr/bin/cmake /home/sw/manual_total _ws/rmd/src/robot_arm_bringup -DAMENT_CMAKE_SYMLINK_INSTALL=1 -DCMAKE_INSTALL_PREFIX=/home/sw/manual_total _ws/install/robot_arm_bringup
[152.016s] DEBUG:colcon.colcon_core.event_handler.log_command:Invoking command in '/home/sw/manual_total _ws/build/robot_arm_bringup': AMENT_PREFIX_PATH=/home/sw/manual_total _ws/install/robot_arm_description:/home/sw/manual_total _ws/install/myactuator_rmd_hardware:/home/sw/manual_total _ws/install/myactuator_rmd:${AMENT_PREFIX_PATH} CMAKE_PREFIX_PATH=/home/sw/manual_total _ws/install/robot_arm_description:/home/sw/manual_total _ws/install/myactuator_rmd_hardware:/home/sw/manual_total _ws/install/myactuator_rmd:/home/sw/manual_total _ws/install/dynamixel_interfaces:/home/sw/manual_total _ws/install/dynamixel_hardware_interface_example:/opt/ros/humble LD_LIBRARY_PATH=/home/sw/manual_total _ws/install/myactuator_rmd_hardware/lib:/home/sw/manual_total _ws/install/myactuator_rmd/lib:${LD_LIBRARY_PATH} /usr/bin/cmake --build /home/sw/manual_total _ws/build/robot_arm_bringup -- -j24 -l24
[152.091s] DEBUG:colcon.colcon_core.event_handler.log_command:Invoked command in '/home/sw/manual_total _ws/build/robot_arm_bringup' returned '0': AMENT_PREFIX_PATH=/home/sw/manual_total _ws/install/robot_arm_description:/home/sw/manual_total _ws/install/myactuator_rmd_hardware:/home/sw/manual_total _ws/install/myactuator_rmd:${AMENT_PREFIX_PATH} CMAKE_PREFIX_PATH=/home/sw/manual_total _ws/install/robot_arm_description:/home/sw/manual_total _ws/install/myactuator_rmd_hardware:/home/sw/manual_total _ws/install/myactuator_rmd:/home/sw/manual_total _ws/install/dynamixel_interfaces:/home/sw/manual_total _ws/install/dynamixel_hardware_interface_example:/opt/ros/humble LD_LIBRARY_PATH=/home/sw/manual_total _ws/install/myactuator_rmd_hardware/lib:/home/sw/manual_total _ws/install/myactuator_rmd/lib:${LD_LIBRARY_PATH} /usr/bin/cmake --build /home/sw/manual_total _ws/build/robot_arm_bringup -- -j24 -l24
[152.092s] DEBUG:colcon.colcon_core.event_handler.log_command:Invoking command in '/home/sw/manual_total _ws/build/robot_arm_bringup': AMENT_PREFIX_PATH=/home/sw/manual_total _ws/install/robot_arm_description:/home/sw/manual_total _ws/install/myactuator_rmd_hardware:/home/sw/manual_total _ws/install/myactuator_rmd:${AMENT_PREFIX_PATH} CMAKE_PREFIX_PATH=/home/sw/manual_total _ws/install/robot_arm_description:/home/sw/manual_total _ws/install/myactuator_rmd_hardware:/home/sw/manual_total _ws/install/myactuator_rmd:/home/sw/manual_total _ws/install/dynamixel_interfaces:/home/sw/manual_total _ws/install/dynamixel_hardware_interface_example:/opt/ros/humble LD_LIBRARY_PATH=/home/sw/manual_total _ws/install/myactuator_rmd_hardware/lib:/home/sw/manual_total _ws/install/myactuator_rmd/lib:${LD_LIBRARY_PATH} /usr/bin/cmake --install /home/sw/manual_total _ws/build/robot_arm_bringup
[182.041s] Level 1:colcon.colcon_core.environment:create_environment_scripts_only(robot_arm_bringup)
[182.041s] Level 1:colcon.colcon_core.environment:checking '/home/sw/manual_total _ws/install/robot_arm_bringup' for CMake module files
[182.042s] DEBUG:colcon.colcon_core.event_handler.log_command:Invoked command in '/home/sw/manual_total _ws/build/robot_arm_bringup' returned '0': AMENT_PREFIX_PATH=/home/sw/manual_total _ws/install/robot_arm_description:/home/sw/manual_total _ws/install/myactuator_rmd_hardware:/home/sw/manual_total _ws/install/myactuator_rmd:${AMENT_PREFIX_PATH} CMAKE_PREFIX_PATH=/home/sw/manual_total _ws/install/robot_arm_description:/home/sw/manual_total _ws/install/myactuator_rmd_hardware:/home/sw/manual_total _ws/install/myactuator_rmd:/home/sw/manual_total _ws/install/dynamixel_interfaces:/home/sw/manual_total _ws/install/dynamixel_hardware_interface_example:/opt/ros/humble LD_LIBRARY_PATH=/home/sw/manual_total _ws/install/myactuator_rmd_hardware/lib:/home/sw/manual_total _ws/install/myactuator_rmd/lib:${LD_LIBRARY_PATH} /usr/bin/cmake --install /home/sw/manual_total _ws/build/robot_arm_bringup
[182.043s] Level 1:colcon.colcon_core.environment:checking '/home/sw/manual_total _ws/install/robot_arm_bringup' for CMake config files
[182.043s] Level 1:colcon.colcon_core.shell:create_environment_hook('robot_arm_bringup', 'cmake_prefix_path')
[182.044s] INFO:colcon.colcon_core.shell:Creating environment hook '/home/sw/manual_total _ws/install/robot_arm_bringup/share/robot_arm_bringup/hook/cmake_prefix_path.ps1'
[182.044s] INFO:colcon.colcon_core.shell:Creating environment descriptor '/home/sw/manual_total _ws/install/robot_arm_bringup/share/robot_arm_bringup/hook/cmake_prefix_path.dsv'
[182.045s] INFO:colcon.colcon_core.shell:Creating environment hook '/home/sw/manual_total _ws/install/robot_arm_bringup/share/robot_arm_bringup/hook/cmake_prefix_path.sh'
[182.045s] Level 1:colcon.colcon_core.environment:checking '/home/sw/manual_total _ws/install/robot_arm_bringup/lib'
[182.045s] Level 1:colcon.colcon_core.environment:checking '/home/sw/manual_total _ws/install/robot_arm_bringup/bin'
[182.045s] Level 1:colcon.colcon_core.environment:checking '/home/sw/manual_total _ws/install/robot_arm_bringup/lib/pkgconfig/robot_arm_bringup.pc'
[182.046s] Level 1:colcon.colcon_core.environment:checking '/home/sw/manual_total _ws/install/robot_arm_bringup/lib/python3.10/site-packages'
[182.046s] Level 1:colcon.colcon_core.environment:checking '/home/sw/manual_total _ws/install/robot_arm_bringup/bin'
[182.046s] INFO:colcon.colcon_core.shell:Creating package script '/home/sw/manual_total _ws/install/robot_arm_bringup/share/robot_arm_bringup/package.ps1'
[182.047s] INFO:colcon.colcon_core.shell:Creating package descriptor '/home/sw/manual_total _ws/install/robot_arm_bringup/share/robot_arm_bringup/package.dsv'
[182.047s] INFO:colcon.colcon_core.shell:Creating package script '/home/sw/manual_total _ws/install/robot_arm_bringup/share/robot_arm_bringup/package.sh'
[182.047s] INFO:colcon.colcon_core.shell:Creating package script '/home/sw/manual_total _ws/install/robot_arm_bringup/share/robot_arm_bringup/package.bash'
[182.048s] INFO:colcon.colcon_core.shell:Creating package script '/home/sw/manual_total _ws/install/robot_arm_bringup/share/robot_arm_bringup/package.zsh'
[182.048s] Level 1:colcon.colcon_core.environment:create_file_with_runtime_dependencies(/home/sw/manual_total _ws/install/robot_arm_bringup/share/colcon-core/packages/robot_arm_bringup)
[182.048s] Level 1:colcon.colcon_core.environment:create_environment_scripts_only(robot_arm_bringup)
[182.048s] Level 1:colcon.colcon_core.environment:checking '/home/sw/manual_total _ws/install/robot_arm_bringup' for CMake module files
[182.049s] Level 1:colcon.colcon_core.environment:checking '/home/sw/manual_total _ws/install/robot_arm_bringup' for CMake config files
[182.049s] Level 1:colcon.colcon_core.shell:create_environment_hook('robot_arm_bringup', 'cmake_prefix_path')
[182.049s] INFO:colcon.colcon_core.shell:Creating environment hook '/home/sw/manual_total _ws/install/robot_arm_bringup/share/robot_arm_bringup/hook/cmake_prefix_path.ps1'
[182.049s] INFO:colcon.colcon_core.shell:Creating environment descriptor '/home/sw/manual_total _ws/install/robot_arm_bringup/share/robot_arm_bringup/hook/cmake_prefix_path.dsv'
[182.049s] INFO:colcon.colcon_core.shell:Creating environment hook '/home/sw/manual_total _ws/install/robot_arm_bringup/share/robot_arm_bringup/hook/cmake_prefix_path.sh'
[182.050s] Level 1:colcon.colcon_core.environment:checking '/home/sw/manual_total _ws/install/robot_arm_bringup/lib'
[182.050s] Level 1:colcon.colcon_core.environment:checking '/home/sw/manual_total _ws/install/robot_arm_bringup/bin'
[182.050s] Level 1:colcon.colcon_core.environment:checking '/home/sw/manual_total _ws/install/robot_arm_bringup/lib/pkgconfig/robot_arm_bringup.pc'
[182.050s] Level 1:colcon.colcon_core.environment:checking '/home/sw/manual_total _ws/install/robot_arm_bringup/lib/python3.10/site-packages'
[182.050s] Level 1:colcon.colcon_core.environment:checking '/home/sw/manual_total _ws/install/robot_arm_bringup/bin'
[182.050s] INFO:colcon.colcon_core.shell:Creating package script '/home/sw/manual_total _ws/install/robot_arm_bringup/share/robot_arm_bringup/package.ps1'
[182.051s] INFO:colcon.colcon_core.shell:Creating package descriptor '/home/sw/manual_total _ws/install/robot_arm_bringup/share/robot_arm_bringup/package.dsv'
[182.051s] INFO:colcon.colcon_core.shell:Creating package script '/home/sw/manual_total _ws/install/robot_arm_bringup/share/robot_arm_bringup/package.sh'
[182.051s] INFO:colcon.colcon_core.shell:Creating package script '/home/sw/manual_total _ws/install/robot_arm_bringup/share/robot_arm_bringup/package.bash'
[182.051s] INFO:colcon.colcon_core.shell:Creating package script '/home/sw/manual_total _ws/install/robot_arm_bringup/share/robot_arm_bringup/package.zsh'
[182.051s] Level 1:colcon.colcon_core.environment:create_file_with_runtime_dependencies(/home/sw/manual_total _ws/install/robot_arm_bringup/share/colcon-core/packages/robot_arm_bringup)
[182.051s] DEBUG:colcon.colcon_parallel_executor.executor.parallel:closing loop
[182.052s] DEBUG:colcon.colcon_parallel_executor.executor.parallel:loop closed
[182.052s] DEBUG:colcon.colcon_parallel_executor.executor.parallel:run_until_complete finished with '0'
[182.052s] DEBUG:colcon.colcon_core.event_reactor:joining thread
[182.055s] INFO:colcon.colcon_core.plugin_system:Skipping extension 'colcon_notification.desktop_notification.terminal_notifier': Not used on non-Darwin systems
[182.055s] INFO:colcon.colcon_core.plugin_system:Skipping extension 'colcon_notification.desktop_notification.win32': Not used on non-Windows systems
[182.055s] INFO:colcon.colcon_notification.desktop_notification:Sending desktop notification using 'notify2'
[182.055s] DEBUG:colcon.colcon_notification.desktop_notification.notify2:Failed to initialize notify2: org.freedesktop.DBus.Error.AccessDenied: Failed to connect to socket /run/user/1000/bus: Operation not permitted
[182.055s] DEBUG:colcon.colcon_core.event_reactor:joined thread
[182.056s] INFO:colcon.colcon_core.shell:Creating prefix script '/home/sw/manual_total _ws/install/local_setup.ps1'
[182.056s] INFO:colcon.colcon_core.shell:Creating prefix util module '/home/sw/manual_total _ws/install/_local_setup_util_ps1.py'
[182.057s] INFO:colcon.colcon_core.shell:Creating prefix chain script '/home/sw/manual_total _ws/install/setup.ps1'
[182.057s] INFO:colcon.colcon_core.shell:Creating prefix script '/home/sw/manual_total _ws/install/local_setup.sh'
[182.057s] INFO:colcon.colcon_core.shell:Creating prefix util module '/home/sw/manual_total _ws/install/_local_setup_util_sh.py'
[182.058s] INFO:colcon.colcon_core.shell:Creating prefix chain script '/home/sw/manual_total _ws/install/setup.sh'
[182.058s] INFO:colcon.colcon_core.shell:Creating prefix script '/home/sw/manual_total _ws/install/local_setup.bash'
[182.058s] INFO:colcon.colcon_core.shell:Creating prefix chain script '/home/sw/manual_total _ws/install/setup.bash'
[182.059s] INFO:colcon.colcon_core.shell:Creating prefix script '/home/sw/manual_total _ws/install/local_setup.zsh'
[182.059s] INFO:colcon.colcon_core.shell:Creating prefix chain script '/home/sw/manual_total _ws/install/setup.zsh'
