[0.011s] Invoking command in '/home/sw/manual_total _ws/build/robot_arm_bringup': AMENT_PREFIX_PATH=/home/sw/manual_total _ws/install/robot_arm_description:/home/sw/manual_total _ws/install/myactuator_rmd_hardware:/home/sw/manual_total _ws/install/myactuator_rmd:${AMENT_PREFIX_PATH} CMAKE_PREFIX_PATH=/home/sw/manual_total _ws/install/robot_arm_description:/home/sw/manual_total _ws/install/myactuator_rmd_hardware:/home/sw/manual_total _ws/install/myactuator_rmd:/opt/ros/humble LD_LIBRARY_PATH=/home/sw/manual_total _ws/install/myactuator_rmd_hardware/lib:/home/sw/manual_total _ws/install/myactuator_rmd/lib:${LD_LIBRARY_PATH} /usr/bin/cmake --build /home/sw/manual_total _ws/build/robot_arm_bringup -- -j24 -l24
[0.042s] -- Found ament_cmake: 1.3.14 (/opt/ros/humble/share/ament_cmake/cmake)
[0.116s] -- Override CMake install command with custom implementation using symlinks instead of copying resources
[0.125s] -- Found ament_lint_auto: 0.12.15 (/opt/ros/humble/share/ament_lint_auto/cmake)
[0.172s] -- Added test 'lint_cmake' to check CMake code style
[0.174s] -- Configuring done
[0.175s] -- Generating done
[0.176s] -- Build files have been written to: /home/sw/manual_total _ws/build/robot_arm_bringup
[0.194s] Invoked command in '/home/sw/manual_total _ws/build/robot_arm_bringup' returned '0': AMENT_PREFIX_PATH=/home/sw/manual_total _ws/install/robot_arm_description:/home/sw/manual_total _ws/install/myactuator_rmd_hardware:/home/sw/manual_total _ws/install/myactuator_rmd:${AMENT_PREFIX_PATH} CMAKE_PREFIX_PATH=/home/sw/manual_total _ws/install/robot_arm_description:/home/sw/manual_total _ws/install/myactuator_rmd_hardware:/home/sw/manual_total _ws/install/myactuator_rmd:/opt/ros/humble LD_LIBRARY_PATH=/home/sw/manual_total _ws/install/myactuator_rmd_hardware/lib:/home/sw/manual_total _ws/install/myactuator_rmd/lib:${LD_LIBRARY_PATH} /usr/bin/cmake --build /home/sw/manual_total _ws/build/robot_arm_bringup -- -j24 -l24
[0.204s] Invoking command in '/home/sw/manual_total _ws/build/robot_arm_bringup': AMENT_PREFIX_PATH=/home/sw/manual_total _ws/install/robot_arm_description:/home/sw/manual_total _ws/install/myactuator_rmd_hardware:/home/sw/manual_total _ws/install/myactuator_rmd:${AMENT_PREFIX_PATH} CMAKE_PREFIX_PATH=/home/sw/manual_total _ws/install/robot_arm_description:/home/sw/manual_total _ws/install/myactuator_rmd_hardware:/home/sw/manual_total _ws/install/myactuator_rmd:/opt/ros/humble LD_LIBRARY_PATH=/home/sw/manual_total _ws/install/myactuator_rmd_hardware/lib:/home/sw/manual_total _ws/install/myactuator_rmd/lib:${LD_LIBRARY_PATH} /usr/bin/cmake --install /home/sw/manual_total _ws/build/robot_arm_bringup
[0.216s] -- Install configuration: ""
[0.217s] -- Execute custom install script
[0.218s] -- Up-to-date symlink: /home/sw/manual_total _ws/install/robot_arm_bringup/share/robot_arm_bringup/launch/__pycache__/manual_total_control.launch.cpython-310.pyc
[0.219s] -- Up-to-date symlink: /home/sw/manual_total _ws/install/robot_arm_bringup/share/robot_arm_bringup/launch/__pycache__/robot_arm_bringup.launch.cpython-310.pyc
[0.219s] -- Up-to-date symlink: /home/sw/manual_total _ws/install/robot_arm_bringup/share/robot_arm_bringup/launch/__pycache__/robot_arm_rmd_control.launch.cpython-310.pyc
[0.220s] -- Up-to-date symlink: /home/sw/manual_total _ws/install/robot_arm_bringup/share/robot_arm_bringup/launch/__pycache__/test_rmd_only.launch.cpython-310.pyc
[0.220s] -- Up-to-date symlink: /home/sw/manual_total _ws/install/robot_arm_bringup/share/robot_arm_bringup/launch/manual_total_control.launch.py
[0.220s] -- Up-to-date symlink: /home/sw/manual_total _ws/install/robot_arm_bringup/share/robot_arm_bringup/launch/robot_arm_bringup.launch.py
[0.220s] -- Up-to-date symlink: /home/sw/manual_total _ws/install/robot_arm_bringup/share/robot_arm_bringup/launch/robot_arm_rmd_control.launch.py
[0.220s] -- Up-to-date symlink: /home/sw/manual_total _ws/install/robot_arm_bringup/share/robot_arm_bringup/launch/test_rmd_only.launch.py
[0.221s] -- Up-to-date symlink: /home/sw/manual_total _ws/install/robot_arm_bringup/lib/robot_arm_bringup/manual_3axis_position_node.py
[0.221s] -- Up-to-date symlink: /home/sw/manual_total _ws/install/robot_arm_bringup/lib/robot_arm_bringup/manual_total_position_node.py
[0.221s] -- Up-to-date symlink: /home/sw/manual_total _ws/install/robot_arm_bringup/lib/robot_arm_bringup/gamepad_position_controller.py
[0.221s] -- Symlinking: /home/sw/manual_total _ws/install/robot_arm_bringup/lib/robot_arm_bringup/safety_manager.py
[0.232s] -- Symlinking: /home/sw/manual_total _ws/install/robot_arm_bringup/lib/robot_arm_bringup/semiauto_placeholder.py
[0.249s] -- Up-to-date symlink: /home/sw/manual_total _ws/install/robot_arm_bringup/share/ament_index/resource_index/package_run_dependencies/robot_arm_bringup
[0.250s] -- Up-to-date symlink: /home/sw/manual_total _ws/install/robot_arm_bringup/share/ament_index/resource_index/parent_prefix_path/robot_arm_bringup
[0.251s] -- Up-to-date symlink: /home/sw/manual_total _ws/install/robot_arm_bringup/share/robot_arm_bringup/environment/ament_prefix_path.sh
[0.251s] -- Up-to-date symlink: /home/sw/manual_total _ws/install/robot_arm_bringup/share/robot_arm_bringup/environment/ament_prefix_path.dsv
[0.251s] -- Up-to-date symlink: /home/sw/manual_total _ws/install/robot_arm_bringup/share/robot_arm_bringup/environment/path.sh
[0.251s] -- Up-to-date symlink: /home/sw/manual_total _ws/install/robot_arm_bringup/share/robot_arm_bringup/environment/path.dsv
[0.252s] -- Up-to-date symlink: /home/sw/manual_total _ws/install/robot_arm_bringup/share/robot_arm_bringup/local_setup.bash
[0.252s] -- Up-to-date symlink: /home/sw/manual_total _ws/install/robot_arm_bringup/share/robot_arm_bringup/local_setup.sh
[0.252s] -- Up-to-date symlink: /home/sw/manual_total _ws/install/robot_arm_bringup/share/robot_arm_bringup/local_setup.zsh
[0.252s] -- Up-to-date symlink: /home/sw/manual_total _ws/install/robot_arm_bringup/share/robot_arm_bringup/local_setup.dsv
[0.252s] -- Symlinking: /home/sw/manual_total _ws/install/robot_arm_bringup/share/robot_arm_bringup/package.dsv
[0.266s] -- Up-to-date symlink: /home/sw/manual_total _ws/install/robot_arm_bringup/share/ament_index/resource_index/packages/robot_arm_bringup
[0.267s] -- Up-to-date symlink: /home/sw/manual_total _ws/install/robot_arm_bringup/share/robot_arm_bringup/cmake/robot_arm_bringupConfig.cmake
[0.267s] -- Up-to-date symlink: /home/sw/manual_total _ws/install/robot_arm_bringup/share/robot_arm_bringup/cmake/robot_arm_bringupConfig-version.cmake
[0.267s] -- Up-to-date symlink: /home/sw/manual_total _ws/install/robot_arm_bringup/share/robot_arm_bringup/package.xml
[30.031s] Invoked command in '/home/sw/manual_total _ws/build/robot_arm_bringup' returned '0': AMENT_PREFIX_PATH=/home/sw/manual_total _ws/install/robot_arm_description:/home/sw/manual_total _ws/install/myactuator_rmd_hardware:/home/sw/manual_total _ws/install/myactuator_rmd:${AMENT_PREFIX_PATH} CMAKE_PREFIX_PATH=/home/sw/manual_total _ws/install/robot_arm_description:/home/sw/manual_total _ws/install/myactuator_rmd_hardware:/home/sw/manual_total _ws/install/myactuator_rmd:/opt/ros/humble LD_LIBRARY_PATH=/home/sw/manual_total _ws/install/myactuator_rmd_hardware/lib:/home/sw/manual_total _ws/install/myactuator_rmd/lib:${LD_LIBRARY_PATH} /usr/bin/cmake --install /home/sw/manual_total _ws/build/robot_arm_bringup
