[0.013s] Invoking command in '/home/sw/manual_total _ws/build/robot_arm_bringup': AMENT_PREFIX_PATH=/home/sw/manual_total _ws/install/robot_arm_description:/home/sw/manual_total _ws/install/myactuator_rmd_hardware:/home/sw/manual_total _ws/install/myactuator_rmd:${AMENT_PREFIX_PATH} CMAKE_PREFIX_PATH=/home/sw/manual_total _ws/install/robot_arm_description:/home/sw/manual_total _ws/install/myactuator_rmd_hardware:/home/sw/manual_total _ws/install/myactuator_rmd:/home/sw/manual_total _ws/install/dynamixel_interfaces:/home/sw/manual_total _ws/install/dynamixel_hardware_interface_example:/opt/ros/humble LD_LIBRARY_PATH=/home/sw/manual_total _ws/install/myactuator_rmd_hardware/lib:/home/sw/manual_total _ws/install/myactuator_rmd/lib:${LD_LIBRARY_PATH} /usr/bin/cmake /home/sw/manual_total _ws/rmd/src/robot_arm_bringup -DAMENT_CMAKE_SYMLINK_INSTALL=1 -DCMAKE_INSTALL_PREFIX=/home/sw/manual_total _ws/install/robot_arm_bringup
[0.104s] -- The C compiler identification is GNU 11.4.0
[0.169s] -- The CXX compiler identification is GNU 11.4.0
[0.174s] -- Detecting C compiler ABI info
[0.308s] -- Detecting C compiler ABI info - done
[0.320s] -- Check for working C compiler: /usr/bin/cc - skipped
[0.320s] -- Detecting C compile features
[0.321s] -- Detecting C compile features - done
[0.325s] -- Detecting CXX compiler ABI info
[0.435s] -- Detecting CXX compiler ABI info - done
[0.441s] -- Check for working CXX compiler: /usr/bin/c++ - skipped
[0.441s] -- Detecting CXX compile features
[0.442s] -- Detecting CXX compile features - done
[0.443s] -- Found ament_cmake: 1.3.14 (/opt/ros/humble/share/ament_cmake/cmake)
[0.598s] -- Found Python3: /usr/bin/python3 (found version "3.10.12") found components: Interpreter 
[0.646s] -- Override CMake install command with custom implementation using symlinks instead of copying resources
[0.663s] -- Found ament_lint_auto: 0.12.15 (/opt/ros/humble/share/ament_lint_auto/cmake)
[0.703s] -- Added test 'lint_cmake' to check CMake code style
[0.704s] -- Configuring done
[0.706s] -- Generating done
[0.706s] -- Build files have been written to: /home/sw/manual_total _ws/build/robot_arm_bringup
[30.031s] Invoked command in '/home/sw/manual_total _ws/build/robot_arm_bringup' returned '0': AMENT_PREFIX_PATH=/home/sw/manual_total _ws/install/robot_arm_description:/home/sw/manual_total _ws/install/myactuator_rmd_hardware:/home/sw/manual_total _ws/install/myactuator_rmd:${AMENT_PREFIX_PATH} CMAKE_PREFIX_PATH=/home/sw/manual_total _ws/install/robot_arm_description:/home/sw/manual_total _ws/install/myactuator_rmd_hardware:/home/sw/manual_total _ws/install/myactuator_rmd:/home/sw/manual_total _ws/install/dynamixel_interfaces:/home/sw/manual_total _ws/install/dynamixel_hardware_interface_example:/opt/ros/humble LD_LIBRARY_PATH=/home/sw/manual_total _ws/install/myactuator_rmd_hardware/lib:/home/sw/manual_total _ws/install/myactuator_rmd/lib:${LD_LIBRARY_PATH} /usr/bin/cmake /home/sw/manual_total _ws/rmd/src/robot_arm_bringup -DAMENT_CMAKE_SYMLINK_INSTALL=1 -DCMAKE_INSTALL_PREFIX=/home/sw/manual_total _ws/install/robot_arm_bringup
[30.035s] Invoking command in '/home/sw/manual_total _ws/build/robot_arm_bringup': AMENT_PREFIX_PATH=/home/sw/manual_total _ws/install/robot_arm_description:/home/sw/manual_total _ws/install/myactuator_rmd_hardware:/home/sw/manual_total _ws/install/myactuator_rmd:${AMENT_PREFIX_PATH} CMAKE_PREFIX_PATH=/home/sw/manual_total _ws/install/robot_arm_description:/home/sw/manual_total _ws/install/myactuator_rmd_hardware:/home/sw/manual_total _ws/install/myactuator_rmd:/home/sw/manual_total _ws/install/dynamixel_interfaces:/home/sw/manual_total _ws/install/dynamixel_hardware_interface_example:/opt/ros/humble LD_LIBRARY_PATH=/home/sw/manual_total _ws/install/myactuator_rmd_hardware/lib:/home/sw/manual_total _ws/install/myactuator_rmd/lib:${LD_LIBRARY_PATH} /usr/bin/cmake --build /home/sw/manual_total _ws/build/robot_arm_bringup -- -j24 -l24
[30.109s] Invoked command in '/home/sw/manual_total _ws/build/robot_arm_bringup' returned '0': AMENT_PREFIX_PATH=/home/sw/manual_total _ws/install/robot_arm_description:/home/sw/manual_total _ws/install/myactuator_rmd_hardware:/home/sw/manual_total _ws/install/myactuator_rmd:${AMENT_PREFIX_PATH} CMAKE_PREFIX_PATH=/home/sw/manual_total _ws/install/robot_arm_description:/home/sw/manual_total _ws/install/myactuator_rmd_hardware:/home/sw/manual_total _ws/install/myactuator_rmd:/home/sw/manual_total _ws/install/dynamixel_interfaces:/home/sw/manual_total _ws/install/dynamixel_hardware_interface_example:/opt/ros/humble LD_LIBRARY_PATH=/home/sw/manual_total _ws/install/myactuator_rmd_hardware/lib:/home/sw/manual_total _ws/install/myactuator_rmd/lib:${LD_LIBRARY_PATH} /usr/bin/cmake --build /home/sw/manual_total _ws/build/robot_arm_bringup -- -j24 -l24
[30.111s] Invoking command in '/home/sw/manual_total _ws/build/robot_arm_bringup': AMENT_PREFIX_PATH=/home/sw/manual_total _ws/install/robot_arm_description:/home/sw/manual_total _ws/install/myactuator_rmd_hardware:/home/sw/manual_total _ws/install/myactuator_rmd:${AMENT_PREFIX_PATH} CMAKE_PREFIX_PATH=/home/sw/manual_total _ws/install/robot_arm_description:/home/sw/manual_total _ws/install/myactuator_rmd_hardware:/home/sw/manual_total _ws/install/myactuator_rmd:/home/sw/manual_total _ws/install/dynamixel_interfaces:/home/sw/manual_total _ws/install/dynamixel_hardware_interface_example:/opt/ros/humble LD_LIBRARY_PATH=/home/sw/manual_total _ws/install/myactuator_rmd_hardware/lib:/home/sw/manual_total _ws/install/myactuator_rmd/lib:${LD_LIBRARY_PATH} /usr/bin/cmake --install /home/sw/manual_total _ws/build/robot_arm_bringup
[30.116s] -- Install configuration: ""
[30.117s] -- Execute custom install script
[30.118s] -- Symlinking: /home/sw/manual_total _ws/install/robot_arm_bringup/share/robot_arm_bringup/launch/__pycache__/manual_total_control.launch.cpython-310.pyc
[30.133s] -- Symlinking: /home/sw/manual_total _ws/install/robot_arm_bringup/share/robot_arm_bringup/launch/__pycache__/robot_arm_rmd_control.launch.cpython-310.pyc
[30.145s] -- Symlinking: /home/sw/manual_total _ws/install/robot_arm_bringup/share/robot_arm_bringup/launch/manual_total_control.launch.py
[30.154s] -- Symlinking: /home/sw/manual_total _ws/install/robot_arm_bringup/share/robot_arm_bringup/launch/robot_arm_rmd_control.launch.py
[30.164s] -- Symlinking: /home/sw/manual_total _ws/install/robot_arm_bringup/lib/robot_arm_bringup/manual_3axis_position_node.py
[30.177s] -- Symlinking: /home/sw/manual_total _ws/install/robot_arm_bringup/lib/robot_arm_bringup/manual_total_position_node.py
[30.187s] -- Symlinking: /home/sw/manual_total _ws/install/robot_arm_bringup/share/ament_index/resource_index/package_run_dependencies/robot_arm_bringup
[30.201s] -- Symlinking: /home/sw/manual_total _ws/install/robot_arm_bringup/share/ament_index/resource_index/parent_prefix_path/robot_arm_bringup
[30.214s] -- Symlinking: /home/sw/manual_total _ws/install/robot_arm_bringup/share/robot_arm_bringup/environment/ament_prefix_path.sh
[30.227s] -- Symlinking: /home/sw/manual_total _ws/install/robot_arm_bringup/share/robot_arm_bringup/environment/ament_prefix_path.dsv
[30.244s] -- Symlinking: /home/sw/manual_total _ws/install/robot_arm_bringup/share/robot_arm_bringup/environment/path.sh
[30.257s] -- Symlinking: /home/sw/manual_total _ws/install/robot_arm_bringup/share/robot_arm_bringup/environment/path.dsv
[30.265s] -- Symlinking: /home/sw/manual_total _ws/install/robot_arm_bringup/share/robot_arm_bringup/local_setup.bash
[30.270s] -- Symlinking: /home/sw/manual_total _ws/install/robot_arm_bringup/share/robot_arm_bringup/local_setup.sh
[30.275s] -- Symlinking: /home/sw/manual_total _ws/install/robot_arm_bringup/share/robot_arm_bringup/local_setup.zsh
[30.280s] -- Symlinking: /home/sw/manual_total _ws/install/robot_arm_bringup/share/robot_arm_bringup/local_setup.dsv
[30.287s] -- Symlinking: /home/sw/manual_total _ws/install/robot_arm_bringup/share/robot_arm_bringup/package.dsv
[30.293s] -- Symlinking: /home/sw/manual_total _ws/install/robot_arm_bringup/share/ament_index/resource_index/packages/robot_arm_bringup
[30.299s] -- Symlinking: /home/sw/manual_total _ws/install/robot_arm_bringup/share/robot_arm_bringup/cmake/robot_arm_bringupConfig.cmake
[30.304s] -- Symlinking: /home/sw/manual_total _ws/install/robot_arm_bringup/share/robot_arm_bringup/cmake/robot_arm_bringupConfig-version.cmake
[30.311s] -- Symlinking: /home/sw/manual_total _ws/install/robot_arm_bringup/share/robot_arm_bringup/package.xml
[60.061s] Invoked command in '/home/sw/manual_total _ws/build/robot_arm_bringup' returned '0': AMENT_PREFIX_PATH=/home/sw/manual_total _ws/install/robot_arm_description:/home/sw/manual_total _ws/install/myactuator_rmd_hardware:/home/sw/manual_total _ws/install/myactuator_rmd:${AMENT_PREFIX_PATH} CMAKE_PREFIX_PATH=/home/sw/manual_total _ws/install/robot_arm_description:/home/sw/manual_total _ws/install/myactuator_rmd_hardware:/home/sw/manual_total _ws/install/myactuator_rmd:/home/sw/manual_total _ws/install/dynamixel_interfaces:/home/sw/manual_total _ws/install/dynamixel_hardware_interface_example:/opt/ros/humble LD_LIBRARY_PATH=/home/sw/manual_total _ws/install/myactuator_rmd_hardware/lib:/home/sw/manual_total _ws/install/myactuator_rmd/lib:${LD_LIBRARY_PATH} /usr/bin/cmake --install /home/sw/manual_total _ws/build/robot_arm_bringup
