[0.013s] Invoking command in '/home/sw/manual_total _ws/build/robot_arm_bringup': CMAKE_PREFIX_PATH=/home/sw/manual_total _ws/install/robot_arm_description:/home/sw/manual_total _ws/install/myactuator_rmd_hardware:/home/sw/manual_total _ws/install/myactuator_rmd:/home/sw/manual_total _ws/install/robot_arm_bringup:/home/sw/manual_total _ws/install/dynamixel_interfaces:/home/sw/manipulator_ws/src/install/robot_arm_bringup:/home/sw/manipulator_ws/src/install/robot_arm_description:/home/sw/manipulator_ws/src/install/army_manipulator_bringup:/home/sw/manipulator_ws/src/install/army_manipulator_moveit_config:/home/sw/manipulator_ws/src/install/army_manipulator_description:/home/sw/manual_total _ws/install/dynamixel_hardware_interface_example:/opt/ros/humble /usr/bin/cmake --build /home/sw/manual_total _ws/build/robot_arm_bringup -- -j24 -l24
[0.043s] Invoked command in '/home/sw/manual_total _ws/build/robot_arm_bringup' returned '0': CMAKE_PREFIX_PATH=/home/sw/manual_total _ws/install/robot_arm_description:/home/sw/manual_total _ws/install/myactuator_rmd_hardware:/home/sw/manual_total _ws/install/myactuator_rmd:/home/sw/manual_total _ws/install/robot_arm_bringup:/home/sw/manual_total _ws/install/dynamixel_interfaces:/home/sw/manipulator_ws/src/install/robot_arm_bringup:/home/sw/manipulator_ws/src/install/robot_arm_description:/home/sw/manipulator_ws/src/install/army_manipulator_bringup:/home/sw/manipulator_ws/src/install/army_manipulator_moveit_config:/home/sw/manipulator_ws/src/install/army_manipulator_description:/home/sw/manual_total _ws/install/dynamixel_hardware_interface_example:/opt/ros/humble /usr/bin/cmake --build /home/sw/manual_total _ws/build/robot_arm_bringup -- -j24 -l24
[0.051s] Invoking command in '/home/sw/manual_total _ws/build/robot_arm_bringup': CMAKE_PREFIX_PATH=/home/sw/manual_total _ws/install/robot_arm_description:/home/sw/manual_total _ws/install/myactuator_rmd_hardware:/home/sw/manual_total _ws/install/myactuator_rmd:/home/sw/manual_total _ws/install/robot_arm_bringup:/home/sw/manual_total _ws/install/dynamixel_interfaces:/home/sw/manipulator_ws/src/install/robot_arm_bringup:/home/sw/manipulator_ws/src/install/robot_arm_description:/home/sw/manipulator_ws/src/install/army_manipulator_bringup:/home/sw/manipulator_ws/src/install/army_manipulator_moveit_config:/home/sw/manipulator_ws/src/install/army_manipulator_description:/home/sw/manual_total _ws/install/dynamixel_hardware_interface_example:/opt/ros/humble /usr/bin/cmake --install /home/sw/manual_total _ws/build/robot_arm_bringup
[0.056s] -- Install configuration: ""
[0.057s] -- Execute custom install script
[0.057s] -- Up-to-date symlink: /home/sw/manual_total _ws/install/robot_arm_bringup/share/robot_arm_bringup/launch/__pycache__/manual_total_control.launch.cpython-310.pyc
[0.057s] -- Up-to-date symlink: /home/sw/manual_total _ws/install/robot_arm_bringup/share/robot_arm_bringup/launch/__pycache__/robot_arm_rmd_control.launch.cpython-310.pyc
[0.057s] -- Up-to-date symlink: /home/sw/manual_total _ws/install/robot_arm_bringup/share/robot_arm_bringup/launch/manual_total_control.launch.py
[0.057s] -- Up-to-date symlink: /home/sw/manual_total _ws/install/robot_arm_bringup/share/robot_arm_bringup/launch/robot_arm_rmd_control.launch.py
[0.058s] -- Up-to-date symlink: /home/sw/manual_total _ws/install/robot_arm_bringup/lib/robot_arm_bringup/manual_3axis_position_node.py
[0.058s] -- Up-to-date symlink: /home/sw/manual_total _ws/install/robot_arm_bringup/lib/robot_arm_bringup/manual_total_position_node.py
[0.058s] -- Up-to-date symlink: /home/sw/manual_total _ws/install/robot_arm_bringup/share/ament_index/resource_index/package_run_dependencies/robot_arm_bringup
[0.058s] -- Up-to-date symlink: /home/sw/manual_total _ws/install/robot_arm_bringup/share/ament_index/resource_index/parent_prefix_path/robot_arm_bringup
[0.058s] -- Up-to-date symlink: /home/sw/manual_total _ws/install/robot_arm_bringup/share/robot_arm_bringup/environment/ament_prefix_path.sh
[0.058s] -- Up-to-date symlink: /home/sw/manual_total _ws/install/robot_arm_bringup/share/robot_arm_bringup/environment/ament_prefix_path.dsv
[0.058s] -- Up-to-date symlink: /home/sw/manual_total _ws/install/robot_arm_bringup/share/robot_arm_bringup/environment/path.sh
[0.059s] -- Up-to-date symlink: /home/sw/manual_total _ws/install/robot_arm_bringup/share/robot_arm_bringup/environment/path.dsv
[0.059s] -- Up-to-date symlink: /home/sw/manual_total _ws/install/robot_arm_bringup/share/robot_arm_bringup/local_setup.bash
[0.059s] -- Up-to-date symlink: /home/sw/manual_total _ws/install/robot_arm_bringup/share/robot_arm_bringup/local_setup.sh
[0.059s] -- Up-to-date symlink: /home/sw/manual_total _ws/install/robot_arm_bringup/share/robot_arm_bringup/local_setup.zsh
[0.059s] -- Up-to-date symlink: /home/sw/manual_total _ws/install/robot_arm_bringup/share/robot_arm_bringup/local_setup.dsv
[0.059s] -- Symlinking: /home/sw/manual_total _ws/install/robot_arm_bringup/share/robot_arm_bringup/package.dsv
[0.071s] -- Up-to-date symlink: /home/sw/manual_total _ws/install/robot_arm_bringup/share/ament_index/resource_index/packages/robot_arm_bringup
[0.071s] -- Up-to-date symlink: /home/sw/manual_total _ws/install/robot_arm_bringup/share/robot_arm_bringup/cmake/robot_arm_bringupConfig.cmake
[0.071s] -- Up-to-date symlink: /home/sw/manual_total _ws/install/robot_arm_bringup/share/robot_arm_bringup/cmake/robot_arm_bringupConfig-version.cmake
[0.071s] -- Up-to-date symlink: /home/sw/manual_total _ws/install/robot_arm_bringup/share/robot_arm_bringup/package.xml
[0.074s] Invoked command in '/home/sw/manual_total _ws/build/robot_arm_bringup' returned '0': CMAKE_PREFIX_PATH=/home/sw/manual_total _ws/install/robot_arm_description:/home/sw/manual_total _ws/install/myactuator_rmd_hardware:/home/sw/manual_total _ws/install/myactuator_rmd:/home/sw/manual_total _ws/install/robot_arm_bringup:/home/sw/manual_total _ws/install/dynamixel_interfaces:/home/sw/manipulator_ws/src/install/robot_arm_bringup:/home/sw/manipulator_ws/src/install/robot_arm_description:/home/sw/manipulator_ws/src/install/army_manipulator_bringup:/home/sw/manipulator_ws/src/install/army_manipulator_moveit_config:/home/sw/manipulator_ws/src/install/army_manipulator_description:/home/sw/manual_total _ws/install/dynamixel_hardware_interface_example:/opt/ros/humble /usr/bin/cmake --install /home/sw/manual_total _ws/build/robot_arm_bringup
