running develop
running egg_info
creating dynamixel_hardware_interface_example.egg-info
writing dynamixel_hardware_interface_example.egg-info/PKG-INFO
writing dependency_links to dynamixel_hardware_interface_example.egg-info/dependency_links.txt
writing entry points to dynamixel_hardware_interface_example.egg-info/entry_points.txt
writing requirements to dynamixel_hardware_interface_example.egg-info/requires.txt
writing top-level names to dynamixel_hardware_interface_example.egg-info/top_level.txt
writing manifest file 'dynamixel_hardware_interface_example.egg-info/SOURCES.txt'
reading manifest file 'dynamixel_hardware_interface_example.egg-info/SOURCES.txt'
writing manifest file 'dynamixel_hardware_interface_example.egg-info/SOURCES.txt'
running build_ext
Creating /home/sw/manual_total _ws/install/dynamixel_hardware_interface_example/lib/python3.10/site-packages/dynamixel-hardware-interface-example.egg-link (link to .)
Installing gamepad_teleop script to /home/sw/manual_total _ws/install/dynamixel_hardware_interface_example/lib/dynamixel_hardware_interface_example
Installing generate_xacros script to /home/sw/manual_total _ws/install/dynamixel_hardware_interface_example/lib/dynamixel_hardware_interface_example

Installed /home/sw/manual_total _ws/build/dynamixel_hardware_interface_example
running symlink_data
creating /home/sw/manual_total _ws/install/dynamixel_hardware_interface_example/share/ament_index
creating /home/sw/manual_total _ws/install/dynamixel_hardware_interface_example/share/ament_index/resource_index
creating /home/sw/manual_total _ws/install/dynamixel_hardware_interface_example/share/ament_index/resource_index/packages
symbolically linking /home/sw/manual_total _ws/build/dynamixel_hardware_interface_example/resource/dynamixel_hardware_interface_example -> /home/sw/manual_total _ws/install/dynamixel_hardware_interface_example/share/ament_index/resource_index/packages
symbolically linking /home/sw/manual_total _ws/build/dynamixel_hardware_interface_example/package.xml -> /home/sw/manual_total _ws/install/dynamixel_hardware_interface_example/share/dynamixel_hardware_interface_example
creating /home/sw/manual_total _ws/install/dynamixel_hardware_interface_example/share/dynamixel_hardware_interface_example/launch
symbolically linking /home/sw/manual_total _ws/build/dynamixel_hardware_interface_example/launch/generate_xacros.launch.py -> /home/sw/manual_total _ws/install/dynamixel_hardware_interface_example/share/dynamixel_hardware_interface_example/launch
symbolically linking /home/sw/manual_total _ws/build/dynamixel_hardware_interface_example/launch/gamepad_teleop.launch.py -> /home/sw/manual_total _ws/install/dynamixel_hardware_interface_example/share/dynamixel_hardware_interface_example/launch
symbolically linking /home/sw/manual_total _ws/build/dynamixel_hardware_interface_example/launch/hardware.launch.py -> /home/sw/manual_total _ws/install/dynamixel_hardware_interface_example/share/dynamixel_hardware_interface_example/launch
creating /home/sw/manual_total _ws/install/dynamixel_hardware_interface_example/share/dynamixel_hardware_interface_example/config
symbolically linking /home/sw/manual_total _ws/build/dynamixel_hardware_interface_example/config/dynamixel_system.urdf.xacro -> /home/sw/manual_total _ws/install/dynamixel_hardware_interface_example/share/dynamixel_hardware_interface_example/config
symbolically linking /home/sw/manual_total _ws/build/dynamixel_hardware_interface_example/config/dynamixel_system.ros2_control.xacro -> /home/sw/manual_total _ws/install/dynamixel_hardware_interface_example/share/dynamixel_hardware_interface_example/config
symbolically linking /home/sw/manual_total _ws/build/dynamixel_hardware_interface_example/config/ros2_controllers.yaml -> /home/sw/manual_total _ws/install/dynamixel_hardware_interface_example/share/dynamixel_hardware_interface_example/config
