[0.469s] Invoking command in '/home/sw/manual_total _ws/build/dynamixel_hardware_interface_example': PYTHONPATH=/home/sw/manual_total _ws/build/dynamixel_hardware_interface_example/prefix_override:/usr/lib/python3/dist-packages/colcon_core/task/python/colcon_distutils_commands:/home/sw/manual_total _ws/install/dynamixel_hardware_interface_example/lib/python3.10/site-packages:${PYTHONPATH} /usr/bin/python3 -W ignore:setup.py install is deprecated -W ignore:easy_install command is deprecated setup.py develop --editable --build-directory /home/sw/manual_total _ws/build/dynamixel_hardware_interface_example/build --no-deps symlink_data
[0.601s] running develop
[0.669s] running egg_info
[0.669s] creating dynamixel_hardware_interface_example.egg-info
[0.669s] writing dynamixel_hardware_interface_example.egg-info/PKG-INFO
[0.669s] writing dependency_links to dynamixel_hardware_interface_example.egg-info/dependency_links.txt
[0.669s] writing entry points to dynamixel_hardware_interface_example.egg-info/entry_points.txt
[0.669s] writing requirements to dynamixel_hardware_interface_example.egg-info/requires.txt
[0.669s] writing top-level names to dynamixel_hardware_interface_example.egg-info/top_level.txt
[0.669s] writing manifest file 'dynamixel_hardware_interface_example.egg-info/SOURCES.txt'
[0.670s] reading manifest file 'dynamixel_hardware_interface_example.egg-info/SOURCES.txt'
[0.670s] writing manifest file 'dynamixel_hardware_interface_example.egg-info/SOURCES.txt'
[0.671s] running build_ext
[0.671s] Creating /home/sw/manual_total _ws/install/dynamixel_hardware_interface_example/lib/python3.10/site-packages/dynamixel-hardware-interface-example.egg-link (link to .)
[0.672s] Installing gamepad_teleop script to /home/sw/manual_total _ws/install/dynamixel_hardware_interface_example/lib/dynamixel_hardware_interface_example
[0.672s] Installing generate_xacros script to /home/sw/manual_total _ws/install/dynamixel_hardware_interface_example/lib/dynamixel_hardware_interface_example
[0.672s] 
[0.672s] Installed /home/sw/manual_total _ws/build/dynamixel_hardware_interface_example
[0.672s] running symlink_data
[0.672s] creating /home/sw/manual_total _ws/install/dynamixel_hardware_interface_example/share/ament_index
[0.672s] creating /home/sw/manual_total _ws/install/dynamixel_hardware_interface_example/share/ament_index/resource_index
[0.672s] creating /home/sw/manual_total _ws/install/dynamixel_hardware_interface_example/share/ament_index/resource_index/packages
[0.672s] symbolically linking /home/sw/manual_total _ws/build/dynamixel_hardware_interface_example/resource/dynamixel_hardware_interface_example -> /home/sw/manual_total _ws/install/dynamixel_hardware_interface_example/share/ament_index/resource_index/packages
[0.672s] symbolically linking /home/sw/manual_total _ws/build/dynamixel_hardware_interface_example/package.xml -> /home/sw/manual_total _ws/install/dynamixel_hardware_interface_example/share/dynamixel_hardware_interface_example
[0.672s] creating /home/sw/manual_total _ws/install/dynamixel_hardware_interface_example/share/dynamixel_hardware_interface_example/launch
[0.672s] symbolically linking /home/sw/manual_total _ws/build/dynamixel_hardware_interface_example/launch/generate_xacros.launch.py -> /home/sw/manual_total _ws/install/dynamixel_hardware_interface_example/share/dynamixel_hardware_interface_example/launch
[0.672s] symbolically linking /home/sw/manual_total _ws/build/dynamixel_hardware_interface_example/launch/gamepad_teleop.launch.py -> /home/sw/manual_total _ws/install/dynamixel_hardware_interface_example/share/dynamixel_hardware_interface_example/launch
[0.672s] symbolically linking /home/sw/manual_total _ws/build/dynamixel_hardware_interface_example/launch/hardware.launch.py -> /home/sw/manual_total _ws/install/dynamixel_hardware_interface_example/share/dynamixel_hardware_interface_example/launch
[0.672s] creating /home/sw/manual_total _ws/install/dynamixel_hardware_interface_example/share/dynamixel_hardware_interface_example/config
[0.672s] symbolically linking /home/sw/manual_total _ws/build/dynamixel_hardware_interface_example/config/dynamixel_system.urdf.xacro -> /home/sw/manual_total _ws/install/dynamixel_hardware_interface_example/share/dynamixel_hardware_interface_example/config
[0.672s] symbolically linking /home/sw/manual_total _ws/build/dynamixel_hardware_interface_example/config/dynamixel_system.ros2_control.xacro -> /home/sw/manual_total _ws/install/dynamixel_hardware_interface_example/share/dynamixel_hardware_interface_example/config
[0.672s] symbolically linking /home/sw/manual_total _ws/build/dynamixel_hardware_interface_example/config/ros2_controllers.yaml -> /home/sw/manual_total _ws/install/dynamixel_hardware_interface_example/share/dynamixel_hardware_interface_example/config
[0.686s] Invoked command in '/home/sw/manual_total _ws/build/dynamixel_hardware_interface_example' returned '0': PYTHONPATH=/home/sw/manual_total _ws/build/dynamixel_hardware_interface_example/prefix_override:/usr/lib/python3/dist-packages/colcon_core/task/python/colcon_distutils_commands:/home/sw/manual_total _ws/install/dynamixel_hardware_interface_example/lib/python3.10/site-packages:${PYTHONPATH} /usr/bin/python3 -W ignore:setup.py install is deprecated -W ignore:easy_install command is deprecated setup.py develop --editable --build-directory /home/sw/manual_total _ws/build/dynamixel_hardware_interface_example/build --no-deps symlink_data
