[0.082s] DEBUG:colcon:Command line arguments: ['/usr/bin/colcon', 'build', '--base-paths', 'rmd/src', '--packages-select', 'robot_arm_bringup', '--symlink-install']
[0.082s] DEBUG:colcon:Parsed command line arguments: Namespace(log_base=None, log_level=None, verb_name='build', build_base='build', install_base='install', merge_install=False, symlink_install=True, test_result_base=None, continue_on_error=False, executor='parallel', parallel_workers=24, event_handlers=None, ignore_user_meta=False, metas=['./colcon.meta'], base_paths=['rmd/src'], packages_ignore=None, packages_ignore_regex=None, paths=None, packages_up_to=None, packages_up_to_regex=None, packages_above=None, packages_above_and_dependencies=None, packages_above_depth=None, packages_select_by_dep=None, packages_skip_by_dep=None, packages_skip_up_to=None, packages_select_build_failed=False, packages_skip_build_finished=False, packages_select_test_failures=False, packages_skip_test_passed=False, packages_select=['robot_arm_bringup'], packages_skip=None, packages_select_regex=None, packages_skip_regex=None, packages_start=None, packages_end=None, allow_overriding=[], cmake_args=None, cmake_target=None, cmake_target_skip_unavailable=False, cmake_clean_cache=False, cmake_clean_first=False, cmake_force_configure=False, ament_cmake_args=None, catkin_cmake_args=None, catkin_skip_building_tests=False, verb_parser=<colcon_defaults.argument_parser.defaults.DefaultArgumentsDecorator object at 0x7eb512d616f0>, verb_extension=<colcon_core.verb.build.BuildVerb object at 0x7eb512d60b50>, main=<bound method BuildVerb.main of <colcon_core.verb.build.BuildVerb object at 0x7eb512d60b50>>)
[0.191s] Level 1:colcon.colcon_core.package_discovery:discover_packages(colcon_meta) check parameters
[0.191s] Level 1:colcon.colcon_core.package_discovery:discover_packages(recursive) check parameters
[0.191s] Level 1:colcon.colcon_core.package_discovery:discover_packages(ignore) check parameters
[0.191s] Level 1:colcon.colcon_core.package_discovery:discover_packages(path) check parameters
[0.191s] Level 1:colcon.colcon_core.package_discovery:discover_packages(recursive) discover
[0.191s] INFO:colcon.colcon_core.package_discovery:Crawling recursively for packages in '/home/sw/manual_total _ws/rmd/src'
[0.191s] Level 1:colcon.colcon_core.package_identification:_identify(rmd/src) by extensions ['ignore', 'ignore_ament_install']
[0.191s] Level 1:colcon.colcon_core.package_identification:_identify(rmd/src) by extension 'ignore'
[0.191s] Level 1:colcon.colcon_core.package_identification:_identify(rmd/src) by extension 'ignore_ament_install'
[0.191s] Level 1:colcon.colcon_core.package_identification:_identify(rmd/src) by extensions ['colcon_pkg']
[0.191s] Level 1:colcon.colcon_core.package_identification:_identify(rmd/src) by extension 'colcon_pkg'
[0.191s] Level 1:colcon.colcon_core.package_identification:_identify(rmd/src) by extensions ['colcon_meta']
[0.191s] Level 1:colcon.colcon_core.package_identification:_identify(rmd/src) by extension 'colcon_meta'
[0.191s] Level 1:colcon.colcon_core.package_identification:_identify(rmd/src) by extensions ['ros']
[0.191s] Level 1:colcon.colcon_core.package_identification:_identify(rmd/src) by extension 'ros'
[0.198s] Level 1:colcon.colcon_core.package_identification:_identify(rmd/src) by extensions ['cmake', 'python']
[0.199s] Level 1:colcon.colcon_core.package_identification:_identify(rmd/src) by extension 'cmake'
[0.199s] Level 1:colcon.colcon_core.package_identification:_identify(rmd/src) by extension 'python'
[0.199s] Level 1:colcon.colcon_core.package_identification:_identify(rmd/src) by extensions ['python_setup_py']
[0.199s] Level 1:colcon.colcon_core.package_identification:_identify(rmd/src) by extension 'python_setup_py'
[0.199s] Level 1:colcon.colcon_core.package_identification:_identify(rmd/src/myactuator_rmd) by extensions ['ignore', 'ignore_ament_install']
[0.199s] Level 1:colcon.colcon_core.package_identification:_identify(rmd/src/myactuator_rmd) by extension 'ignore'
[0.199s] Level 1:colcon.colcon_core.package_identification:_identify(rmd/src/myactuator_rmd) by extension 'ignore_ament_install'
[0.199s] Level 1:colcon.colcon_core.package_identification:_identify(rmd/src/myactuator_rmd) by extensions ['colcon_pkg']
[0.199s] Level 1:colcon.colcon_core.package_identification:_identify(rmd/src/myactuator_rmd) by extension 'colcon_pkg'
[0.199s] Level 1:colcon.colcon_core.package_identification:_identify(rmd/src/myactuator_rmd) by extensions ['colcon_meta']
[0.199s] Level 1:colcon.colcon_core.package_identification:_identify(rmd/src/myactuator_rmd) by extension 'colcon_meta'
[0.199s] Level 1:colcon.colcon_core.package_identification:_identify(rmd/src/myactuator_rmd) by extensions ['ros']
[0.199s] Level 1:colcon.colcon_core.package_identification:_identify(rmd/src/myactuator_rmd) by extension 'ros'
[0.201s] DEBUG:colcon.colcon_core.package_identification:Package 'rmd/src/myactuator_rmd' with type 'ros.ament_cmake' and name 'myactuator_rmd'
[0.201s] Level 1:colcon.colcon_core.package_identification:_identify(rmd/src/myactuator_rmd_hardware) by extensions ['ignore', 'ignore_ament_install']
[0.201s] Level 1:colcon.colcon_core.package_identification:_identify(rmd/src/myactuator_rmd_hardware) by extension 'ignore'
[0.201s] Level 1:colcon.colcon_core.package_identification:_identify(rmd/src/myactuator_rmd_hardware) by extension 'ignore_ament_install'
[0.201s] Level 1:colcon.colcon_core.package_identification:_identify(rmd/src/myactuator_rmd_hardware) by extensions ['colcon_pkg']
[0.201s] Level 1:colcon.colcon_core.package_identification:_identify(rmd/src/myactuator_rmd_hardware) by extension 'colcon_pkg'
[0.201s] Level 1:colcon.colcon_core.package_identification:_identify(rmd/src/myactuator_rmd_hardware) by extensions ['colcon_meta']
[0.201s] Level 1:colcon.colcon_core.package_identification:_identify(rmd/src/myactuator_rmd_hardware) by extension 'colcon_meta'
[0.201s] Level 1:colcon.colcon_core.package_identification:_identify(rmd/src/myactuator_rmd_hardware) by extensions ['ros']
[0.201s] Level 1:colcon.colcon_core.package_identification:_identify(rmd/src/myactuator_rmd_hardware) by extension 'ros'
[0.201s] DEBUG:colcon.colcon_core.package_identification:Package 'rmd/src/myactuator_rmd_hardware' with type 'ros.ament_cmake' and name 'myactuator_rmd_hardware'
[0.202s] Level 1:colcon.colcon_core.package_identification:_identify(rmd/src/robot_arm_bringup) by extensions ['ignore', 'ignore_ament_install']
[0.202s] Level 1:colcon.colcon_core.package_identification:_identify(rmd/src/robot_arm_bringup) by extension 'ignore'
[0.202s] Level 1:colcon.colcon_core.package_identification:_identify(rmd/src/robot_arm_bringup) by extension 'ignore_ament_install'
[0.202s] Level 1:colcon.colcon_core.package_identification:_identify(rmd/src/robot_arm_bringup) by extensions ['colcon_pkg']
[0.202s] Level 1:colcon.colcon_core.package_identification:_identify(rmd/src/robot_arm_bringup) by extension 'colcon_pkg'
[0.202s] Level 1:colcon.colcon_core.package_identification:_identify(rmd/src/robot_arm_bringup) by extensions ['colcon_meta']
[0.202s] Level 1:colcon.colcon_core.package_identification:_identify(rmd/src/robot_arm_bringup) by extension 'colcon_meta'
[0.202s] Level 1:colcon.colcon_core.package_identification:_identify(rmd/src/robot_arm_bringup) by extensions ['ros']
[0.202s] Level 1:colcon.colcon_core.package_identification:_identify(rmd/src/robot_arm_bringup) by extension 'ros'
[0.202s] DEBUG:colcon.colcon_core.package_identification:Package 'rmd/src/robot_arm_bringup' with type 'ros.ament_cmake' and name 'robot_arm_bringup'
[0.202s] Level 1:colcon.colcon_core.package_identification:_identify(rmd/src/robot_arm_description) by extensions ['ignore', 'ignore_ament_install']
[0.202s] Level 1:colcon.colcon_core.package_identification:_identify(rmd/src/robot_arm_description) by extension 'ignore'
[0.202s] Level 1:colcon.colcon_core.package_identification:_identify(rmd/src/robot_arm_description) by extension 'ignore_ament_install'
[0.202s] Level 1:colcon.colcon_core.package_identification:_identify(rmd/src/robot_arm_description) by extensions ['colcon_pkg']
[0.202s] Level 1:colcon.colcon_core.package_identification:_identify(rmd/src/robot_arm_description) by extension 'colcon_pkg'
[0.202s] Level 1:colcon.colcon_core.package_identification:_identify(rmd/src/robot_arm_description) by extensions ['colcon_meta']
[0.202s] Level 1:colcon.colcon_core.package_identification:_identify(rmd/src/robot_arm_description) by extension 'colcon_meta'
[0.202s] Level 1:colcon.colcon_core.package_identification:_identify(rmd/src/robot_arm_description) by extensions ['ros']
[0.202s] Level 1:colcon.colcon_core.package_identification:_identify(rmd/src/robot_arm_description) by extension 'ros'
[0.203s] DEBUG:colcon.colcon_core.package_identification:Package 'rmd/src/robot_arm_description' with type 'ros.ament_cmake' and name 'robot_arm_description'
[0.203s] Level 1:colcon.colcon_core.package_discovery:discover_packages(recursive) using defaults
[0.222s] INFO:colcon.colcon_core.package_selection:Skipping not selected package 'myactuator_rmd' in 'rmd/src/myactuator_rmd'
[0.222s] INFO:colcon.colcon_core.package_selection:Skipping not selected package 'myactuator_rmd_hardware' in 'rmd/src/myactuator_rmd_hardware'
[0.222s] INFO:colcon.colcon_core.package_selection:Skipping not selected package 'robot_arm_description' in 'rmd/src/robot_arm_description'
[0.222s] Level 1:colcon.colcon_core.package_discovery:discover_packages(prefix_path) check parameters
[0.222s] Level 1:colcon.colcon_core.package_discovery:discover_packages(prefix_path) discover
[0.224s] DEBUG:colcon.colcon_installed_package_information.package_discovery:Found 277 installed packages in /opt/ros/humble
[0.225s] Level 1:colcon.colcon_core.package_discovery:discover_packages(prefix_path) using defaults
[0.242s] Level 5:colcon.colcon_core.verb:set package 'robot_arm_bringup' build argument 'cmake_args' from command line to 'None'
[0.242s] Level 5:colcon.colcon_core.verb:set package 'robot_arm_bringup' build argument 'cmake_target' from command line to 'None'
[0.242s] Level 5:colcon.colcon_core.verb:set package 'robot_arm_bringup' build argument 'cmake_target_skip_unavailable' from command line to 'False'
[0.242s] Level 5:colcon.colcon_core.verb:set package 'robot_arm_bringup' build argument 'cmake_clean_cache' from command line to 'False'
[0.242s] Level 5:colcon.colcon_core.verb:set package 'robot_arm_bringup' build argument 'cmake_clean_first' from command line to 'False'
[0.242s] Level 5:colcon.colcon_core.verb:set package 'robot_arm_bringup' build argument 'cmake_force_configure' from command line to 'False'
[0.242s] Level 5:colcon.colcon_core.verb:set package 'robot_arm_bringup' build argument 'ament_cmake_args' from command line to 'None'
[0.242s] Level 5:colcon.colcon_core.verb:set package 'robot_arm_bringup' build argument 'catkin_cmake_args' from command line to 'None'
[0.242s] Level 5:colcon.colcon_core.verb:set package 'robot_arm_bringup' build argument 'catkin_skip_building_tests' from command line to 'False'
[0.242s] DEBUG:colcon.colcon_core.verb:Building package 'robot_arm_bringup' with the following arguments: {'ament_cmake_args': None, 'build_base': '/home/sw/manual_total _ws/build/robot_arm_bringup', 'catkin_cmake_args': None, 'catkin_skip_building_tests': False, 'cmake_args': None, 'cmake_clean_cache': False, 'cmake_clean_first': False, 'cmake_force_configure': False, 'cmake_target': None, 'cmake_target_skip_unavailable': False, 'install_base': '/home/sw/manual_total _ws/install/robot_arm_bringup', 'merge_install': False, 'path': '/home/sw/manual_total _ws/rmd/src/robot_arm_bringup', 'symlink_install': True, 'test_result_base': None}
[0.242s] INFO:colcon.colcon_core.executor:Executing jobs using 'parallel' executor
[0.243s] DEBUG:colcon.colcon_parallel_executor.executor.parallel:run_until_complete
[0.243s] INFO:colcon.colcon_ros.task.ament_cmake.build:Building ROS package in '/home/sw/manual_total _ws/rmd/src/robot_arm_bringup' with build type 'ament_cmake'
[0.243s] INFO:colcon.colcon_cmake.task.cmake.build:Building CMake package in '/home/sw/manual_total _ws/rmd/src/robot_arm_bringup'
[0.245s] INFO:colcon.colcon_core.plugin_system:Skipping extension 'colcon_core.shell.bat': Not used on non-Windows systems
[0.245s] INFO:colcon.colcon_core.shell:Skip shell extension 'powershell' for command environment: Not usable outside of PowerShell
[0.245s] DEBUG:colcon.colcon_core.shell:Skip shell extension 'dsv' for command environment
[0.255s] DEBUG:colcon.colcon_core.event_handler.log_command:Invoking command in '/home/sw/manual_total _ws/build/robot_arm_bringup': AMENT_PREFIX_PATH=/home/sw/manual_total _ws/install/robot_arm_description:/home/sw/manual_total _ws/install/myactuator_rmd_hardware:/home/sw/manual_total _ws/install/myactuator_rmd:${AMENT_PREFIX_PATH} CMAKE_PREFIX_PATH=/home/sw/manual_total _ws/install/robot_arm_description:/home/sw/manual_total _ws/install/myactuator_rmd_hardware:/home/sw/manual_total _ws/install/myactuator_rmd:/opt/ros/humble LD_LIBRARY_PATH=/home/sw/manual_total _ws/install/myactuator_rmd_hardware/lib:/home/sw/manual_total _ws/install/myactuator_rmd/lib:${LD_LIBRARY_PATH} /usr/bin/cmake --build /home/sw/manual_total _ws/build/robot_arm_bringup -- -j24 -l24
[0.437s] DEBUG:colcon.colcon_core.event_handler.log_command:Invoked command in '/home/sw/manual_total _ws/build/robot_arm_bringup' returned '0': AMENT_PREFIX_PATH=/home/sw/manual_total _ws/install/robot_arm_description:/home/sw/manual_total _ws/install/myactuator_rmd_hardware:/home/sw/manual_total _ws/install/myactuator_rmd:${AMENT_PREFIX_PATH} CMAKE_PREFIX_PATH=/home/sw/manual_total _ws/install/robot_arm_description:/home/sw/manual_total _ws/install/myactuator_rmd_hardware:/home/sw/manual_total _ws/install/myactuator_rmd:/opt/ros/humble LD_LIBRARY_PATH=/home/sw/manual_total _ws/install/myactuator_rmd_hardware/lib:/home/sw/manual_total _ws/install/myactuator_rmd/lib:${LD_LIBRARY_PATH} /usr/bin/cmake --build /home/sw/manual_total _ws/build/robot_arm_bringup -- -j24 -l24
[0.447s] DEBUG:colcon.colcon_core.event_handler.log_command:Invoking command in '/home/sw/manual_total _ws/build/robot_arm_bringup': AMENT_PREFIX_PATH=/home/sw/manual_total _ws/install/robot_arm_description:/home/sw/manual_total _ws/install/myactuator_rmd_hardware:/home/sw/manual_total _ws/install/myactuator_rmd:${AMENT_PREFIX_PATH} CMAKE_PREFIX_PATH=/home/sw/manual_total _ws/install/robot_arm_description:/home/sw/manual_total _ws/install/myactuator_rmd_hardware:/home/sw/manual_total _ws/install/myactuator_rmd:/opt/ros/humble LD_LIBRARY_PATH=/home/sw/manual_total _ws/install/myactuator_rmd_hardware/lib:/home/sw/manual_total _ws/install/myactuator_rmd/lib:${LD_LIBRARY_PATH} /usr/bin/cmake --install /home/sw/manual_total _ws/build/robot_arm_bringup
[30.273s] Level 1:colcon.colcon_core.environment:create_environment_scripts_only(robot_arm_bringup)
[30.275s] DEBUG:colcon.colcon_core.event_handler.log_command:Invoked command in '/home/sw/manual_total _ws/build/robot_arm_bringup' returned '0': AMENT_PREFIX_PATH=/home/sw/manual_total _ws/install/robot_arm_description:/home/sw/manual_total _ws/install/myactuator_rmd_hardware:/home/sw/manual_total _ws/install/myactuator_rmd:${AMENT_PREFIX_PATH} CMAKE_PREFIX_PATH=/home/sw/manual_total _ws/install/robot_arm_description:/home/sw/manual_total _ws/install/myactuator_rmd_hardware:/home/sw/manual_total _ws/install/myactuator_rmd:/opt/ros/humble LD_LIBRARY_PATH=/home/sw/manual_total _ws/install/myactuator_rmd_hardware/lib:/home/sw/manual_total _ws/install/myactuator_rmd/lib:${LD_LIBRARY_PATH} /usr/bin/cmake --install /home/sw/manual_total _ws/build/robot_arm_bringup
[30.291s] Level 1:colcon.colcon_core.environment:checking '/home/sw/manual_total _ws/install/robot_arm_bringup' for CMake module files
[30.292s] Level 1:colcon.colcon_core.environment:checking '/home/sw/manual_total _ws/install/robot_arm_bringup' for CMake config files
[30.294s] Level 1:colcon.colcon_core.shell:create_environment_hook('robot_arm_bringup', 'cmake_prefix_path')
[30.294s] INFO:colcon.colcon_core.shell:Creating environment hook '/home/sw/manual_total _ws/install/robot_arm_bringup/share/robot_arm_bringup/hook/cmake_prefix_path.ps1'
[30.296s] INFO:colcon.colcon_core.shell:Creating environment descriptor '/home/sw/manual_total _ws/install/robot_arm_bringup/share/robot_arm_bringup/hook/cmake_prefix_path.dsv'
[30.298s] INFO:colcon.colcon_core.shell:Creating environment hook '/home/sw/manual_total _ws/install/robot_arm_bringup/share/robot_arm_bringup/hook/cmake_prefix_path.sh'
[30.300s] Level 1:colcon.colcon_core.environment:checking '/home/sw/manual_total _ws/install/robot_arm_bringup/lib'
[30.300s] Level 1:colcon.colcon_core.environment:checking '/home/sw/manual_total _ws/install/robot_arm_bringup/bin'
[30.301s] Level 1:colcon.colcon_core.environment:checking '/home/sw/manual_total _ws/install/robot_arm_bringup/lib/pkgconfig/robot_arm_bringup.pc'
[30.301s] Level 1:colcon.colcon_core.environment:checking '/home/sw/manual_total _ws/install/robot_arm_bringup/lib/python3.10/site-packages'
[30.302s] Level 1:colcon.colcon_core.environment:checking '/home/sw/manual_total _ws/install/robot_arm_bringup/bin'
[30.303s] INFO:colcon.colcon_core.shell:Creating package script '/home/sw/manual_total _ws/install/robot_arm_bringup/share/robot_arm_bringup/package.ps1'
[30.305s] INFO:colcon.colcon_core.shell:Creating package descriptor '/home/sw/manual_total _ws/install/robot_arm_bringup/share/robot_arm_bringup/package.dsv'
[30.307s] INFO:colcon.colcon_core.shell:Creating package script '/home/sw/manual_total _ws/install/robot_arm_bringup/share/robot_arm_bringup/package.sh'
[30.309s] INFO:colcon.colcon_core.shell:Creating package script '/home/sw/manual_total _ws/install/robot_arm_bringup/share/robot_arm_bringup/package.bash'
[30.310s] INFO:colcon.colcon_core.shell:Creating package script '/home/sw/manual_total _ws/install/robot_arm_bringup/share/robot_arm_bringup/package.zsh'
[30.312s] Level 1:colcon.colcon_core.environment:create_file_with_runtime_dependencies(/home/sw/manual_total _ws/install/robot_arm_bringup/share/colcon-core/packages/robot_arm_bringup)
[30.312s] Level 1:colcon.colcon_core.environment:create_environment_scripts_only(robot_arm_bringup)
[30.313s] Level 1:colcon.colcon_core.environment:checking '/home/sw/manual_total _ws/install/robot_arm_bringup' for CMake module files
[30.313s] Level 1:colcon.colcon_core.environment:checking '/home/sw/manual_total _ws/install/robot_arm_bringup' for CMake config files
[30.314s] Level 1:colcon.colcon_core.shell:create_environment_hook('robot_arm_bringup', 'cmake_prefix_path')
[30.314s] INFO:colcon.colcon_core.shell:Creating environment hook '/home/sw/manual_total _ws/install/robot_arm_bringup/share/robot_arm_bringup/hook/cmake_prefix_path.ps1'
[30.314s] INFO:colcon.colcon_core.shell:Creating environment descriptor '/home/sw/manual_total _ws/install/robot_arm_bringup/share/robot_arm_bringup/hook/cmake_prefix_path.dsv'
[30.315s] INFO:colcon.colcon_core.shell:Creating environment hook '/home/sw/manual_total _ws/install/robot_arm_bringup/share/robot_arm_bringup/hook/cmake_prefix_path.sh'
[30.315s] Level 1:colcon.colcon_core.environment:checking '/home/sw/manual_total _ws/install/robot_arm_bringup/lib'
[30.315s] Level 1:colcon.colcon_core.environment:checking '/home/sw/manual_total _ws/install/robot_arm_bringup/bin'
[30.315s] Level 1:colcon.colcon_core.environment:checking '/home/sw/manual_total _ws/install/robot_arm_bringup/lib/pkgconfig/robot_arm_bringup.pc'
[30.316s] Level 1:colcon.colcon_core.environment:checking '/home/sw/manual_total _ws/install/robot_arm_bringup/lib/python3.10/site-packages'
[30.316s] Level 1:colcon.colcon_core.environment:checking '/home/sw/manual_total _ws/install/robot_arm_bringup/bin'
[30.316s] INFO:colcon.colcon_core.shell:Creating package script '/home/sw/manual_total _ws/install/robot_arm_bringup/share/robot_arm_bringup/package.ps1'
[30.317s] INFO:colcon.colcon_core.shell:Creating package descriptor '/home/sw/manual_total _ws/install/robot_arm_bringup/share/robot_arm_bringup/package.dsv'
[30.317s] INFO:colcon.colcon_core.shell:Creating package script '/home/sw/manual_total _ws/install/robot_arm_bringup/share/robot_arm_bringup/package.sh'
[30.317s] INFO:colcon.colcon_core.shell:Creating package script '/home/sw/manual_total _ws/install/robot_arm_bringup/share/robot_arm_bringup/package.bash'
[30.318s] INFO:colcon.colcon_core.shell:Creating package script '/home/sw/manual_total _ws/install/robot_arm_bringup/share/robot_arm_bringup/package.zsh'
[30.318s] Level 1:colcon.colcon_core.environment:create_file_with_runtime_dependencies(/home/sw/manual_total _ws/install/robot_arm_bringup/share/colcon-core/packages/robot_arm_bringup)
[30.318s] DEBUG:colcon.colcon_parallel_executor.executor.parallel:closing loop
[30.319s] DEBUG:colcon.colcon_parallel_executor.executor.parallel:loop closed
[30.319s] DEBUG:colcon.colcon_parallel_executor.executor.parallel:run_until_complete finished with '0'
[30.319s] DEBUG:colcon.colcon_core.event_reactor:joining thread
[30.323s] INFO:colcon.colcon_core.plugin_system:Skipping extension 'colcon_notification.desktop_notification.terminal_notifier': Not used on non-Darwin systems
[30.324s] INFO:colcon.colcon_core.plugin_system:Skipping extension 'colcon_notification.desktop_notification.win32': Not used on non-Windows systems
[30.324s] INFO:colcon.colcon_notification.desktop_notification:Sending desktop notification using 'notify2'
[30.324s] DEBUG:colcon.colcon_notification.desktop_notification.notify2:Failed to initialize notify2: org.freedesktop.DBus.Error.AccessDenied: Failed to connect to socket /run/user/1000/bus: Operation not permitted
[30.324s] DEBUG:colcon.colcon_core.event_reactor:joined thread
[30.324s] INFO:colcon.colcon_core.shell:Creating prefix script '/home/sw/manual_total _ws/install/local_setup.ps1'
[30.326s] INFO:colcon.colcon_core.shell:Creating prefix util module '/home/sw/manual_total _ws/install/_local_setup_util_ps1.py'
[30.328s] INFO:colcon.colcon_core.shell:Creating prefix chain script '/home/sw/manual_total _ws/install/setup.ps1'
[30.330s] INFO:colcon.colcon_core.shell:Creating prefix script '/home/sw/manual_total _ws/install/local_setup.sh'
[30.331s] INFO:colcon.colcon_core.shell:Creating prefix util module '/home/sw/manual_total _ws/install/_local_setup_util_sh.py'
[30.331s] INFO:colcon.colcon_core.shell:Creating prefix chain script '/home/sw/manual_total _ws/install/setup.sh'
[30.332s] INFO:colcon.colcon_core.shell:Creating prefix script '/home/sw/manual_total _ws/install/local_setup.bash'
[30.333s] INFO:colcon.colcon_core.shell:Creating prefix chain script '/home/sw/manual_total _ws/install/setup.bash'
[30.334s] INFO:colcon.colcon_core.shell:Creating prefix script '/home/sw/manual_total _ws/install/local_setup.zsh'
[30.335s] INFO:colcon.colcon_core.shell:Creating prefix chain script '/home/sw/manual_total _ws/install/setup.zsh'
